<?xml version="1.0" encoding="UTF-8"?>
<coverage generated="1778244268746" clover="3.2.0">
  <project timestamp="1778244268746" name="All files">
    <metrics statements="942" coveredstatements="730" conditionals="561" coveredconditionals="374" methods="230" coveredmethods="179" elements="1733" coveredelements="1283" complexity="0" loc="942" ncloc="942" packages="8" files="15" classes="15"/>
    <package name="src">
      <metrics statements="17" coveredstatements="17" conditionals="0" coveredconditionals="0" methods="7" coveredmethods="6"/>
      <file name="definitions.ts" path="/home/guilherme/Documentos/projetos/orm-sqlite/src/definitions.ts">
        <metrics statements="2" coveredstatements="2" conditionals="0" coveredconditionals="0" methods="0" coveredmethods="0"/>
        <line num="1" count="1" type="stmt"/>
        <line num="2" count="1" type="stmt"/>
      </file>
      <file name="index.ts" path="/home/guilherme/Documentos/projetos/orm-sqlite/src/index.ts">
        <metrics statements="15" coveredstatements="15" conditionals="0" coveredconditionals="0" methods="7" coveredmethods="6"/>
        <line num="1" count="1" type="stmt"/>
        <line num="2" count="1" type="stmt"/>
        <line num="3" count="1" type="stmt"/>
        <line num="4" count="1" type="stmt"/>
        <line num="7" count="1" type="stmt"/>
        <line num="8" count="1" type="stmt"/>
        <line num="9" count="1" type="stmt"/>
        <line num="10" count="1" type="stmt"/>
        <line num="12" count="2" type="stmt"/>
        <line num="13" count="2" type="stmt"/>
        <line num="14" count="2" type="stmt"/>
        <line num="15" count="1" type="stmt"/>
        <line num="16" count="2" type="stmt"/>
        <line num="17" count="2" type="stmt"/>
        <line num="18" count="2" type="stmt"/>
      </file>
    </package>
    <package name="src.database">
      <metrics statements="221" coveredstatements="157" conditionals="139" coveredconditionals="104" methods="60" coveredmethods="34"/>
      <file name="database.ts" path="/home/guilherme/Documentos/projetos/orm-sqlite/src/database/database.ts">
        <metrics statements="221" coveredstatements="157" conditionals="139" coveredconditionals="104" methods="60" coveredmethods="34"/>
        <line num="2" count="2" type="stmt"/>
        <line num="4" count="2" type="stmt"/>
        <line num="9" count="2" type="stmt"/>
        <line num="15" count="2" type="stmt"/>
        <line num="33" count="8" type="stmt"/>
        <line num="34" count="8" type="stmt"/>
        <line num="35" count="8" type="stmt"/>
        <line num="36" count="8" type="stmt"/>
        <line num="37" count="8" type="stmt"/>
        <line num="38" count="8" type="stmt"/>
        <line num="39" count="8" type="stmt"/>
        <line num="43" count="0" type="stmt"/>
        <line num="46" count="0" type="stmt"/>
        <line num="49" count="0" type="stmt"/>
        <line num="52" count="0" type="stmt"/>
        <line num="55" count="0" type="stmt"/>
        <line num="58" count="0" type="stmt"/>
        <line num="62" count="0" type="stmt"/>
        <line num="63" count="0" type="stmt"/>
        <line num="67" count="32" type="stmt"/>
        <line num="68" count="32" type="stmt"/>
        <line num="69" count="32" type="stmt"/>
        <line num="73" count="0" type="stmt"/>
        <line num="76" count="0" type="stmt"/>
        <line num="79" count="0" type="stmt"/>
        <line num="82" count="0" type="stmt"/>
        <line num="85" count="0" type="stmt"/>
        <line num="88" count="0" type="stmt"/>
        <line num="91" count="0" type="stmt"/>
        <line num="92" count="0" type="stmt"/>
        <line num="95" count="0" type="stmt"/>
        <line num="96" count="0" type="stmt"/>
        <line num="97" count="0" type="stmt"/>
        <line num="100" count="0" type="stmt"/>
        <line num="101" count="0" type="stmt"/>
        <line num="104" count="0" type="stmt"/>
        <line num="105" count="0" type="stmt"/>
        <line num="108" count="0" type="stmt"/>
        <line num="109" count="0" type="stmt"/>
        <line num="110" count="0" type="stmt"/>
        <line num="113" count="0" type="stmt"/>
        <line num="114" count="0" type="stmt"/>
        <line num="115" count="0" type="stmt"/>
        <line num="118" count="0" type="stmt"/>
        <line num="121" count="0" type="stmt"/>
        <line num="122" count="0" type="stmt"/>
        <line num="125" count="0" type="stmt"/>
        <line num="126" count="0" type="stmt"/>
        <line num="129" count="0" type="stmt"/>
        <line num="130" count="0" type="stmt"/>
        <line num="134" count="24" type="stmt"/>
        <line num="138" count="0" type="cond" truecount="0" falsecount="1"/>
        <line num="139" count="0" type="cond" truecount="0" falsecount="4"/>
        <line num="143" count="9" type="stmt"/>
        <line num="145" count="9" type="stmt"/>
        <line num="147" count="6" type="stmt"/>
        <line num="149" count="6" type="cond" truecount="3" falsecount="1"/>
        <line num="150" count="6" type="cond" truecount="0" falsecount="1"/>
        <line num="151" count="0" type="stmt"/>
        <line num="152" count="0" type="stmt"/>
        <line num="156" count="6" type="stmt"/>
        <line num="157" count="6" type="stmt"/>
        <line num="158" count="6" type="stmt"/>
        <line num="159" count="4" type="stmt"/>
        <line num="161" count="2" type="stmt"/>
        <line num="165" count="6" type="cond" truecount="1" falsecount="0"/>
        <line num="166" count="2" type="stmt"/>
        <line num="167" count="2" type="stmt"/>
        <line num="170" count="6" type="stmt"/>
        <line num="172" count="0" type="stmt"/>
        <line num="173" count="0" type="stmt"/>
        <line num="179" count="1" type="stmt"/>
        <line num="180" count="1" type="cond" truecount="1" falsecount="0"/>
        <line num="181" count="1" type="stmt"/>
        <line num="182" count="1" type="stmt"/>
        <line num="187" count="2" type="stmt"/>
        <line num="188" count="2" type="cond" truecount="1" falsecount="0"/>
        <line num="189" count="1" type="stmt"/>
        <line num="190" count="1" type="stmt"/>
        <line num="192" count="1" type="stmt"/>
        <line num="193" count="1" type="stmt"/>
        <line num="197" count="1" type="stmt"/>
        <line num="198" count="1" type="stmt"/>
        <line num="202" count="1" type="stmt"/>
        <line num="203" count="1" type="stmt"/>
        <line num="207" count="5" type="cond" truecount="0" falsecount="1"/>
        <line num="208" count="0" type="stmt"/>
        <line num="211" count="5" type="stmt"/>
        <line num="213" count="3" type="stmt"/>
        <line num="214" count="3" type="stmt"/>
        <line num="215" count="2" type="cond" truecount="6" falsecount="2"/>
        <line num="216" count="2" type="cond" truecount="6" falsecount="2"/>
        <line num="218" count="2" type="stmt"/>
        <line num="227" count="1" type="cond" truecount="0" falsecount="1"/>
        <line num="228" count="0" type="stmt"/>
        <line num="231" count="1" type="stmt"/>
        <line num="233" count="1" type="stmt"/>
        <line num="234" count="1" type="stmt"/>
        <line num="236" count="1" type="cond" truecount="6" falsecount="2"/>
        <line num="237" count="1" type="cond" truecount="6" falsecount="2"/>
        <line num="239" count="1" type="stmt"/>
        <line num="248" count="4" type="cond" truecount="0" falsecount="1"/>
        <line num="249" count="0" type="stmt"/>
        <line num="252" count="4" type="stmt"/>
        <line num="254" count="4" type="stmt"/>
        <line num="255" count="4" type="stmt"/>
        <line num="256" count="4" type="cond" truecount="6" falsecount="2"/>
        <line num="260" count="3" type="cond" truecount="0" falsecount="1"/>
        <line num="261" count="0" type="stmt"/>
        <line num="264" count="3" type="stmt"/>
        <line num="266" count="3" type="stmt"/>
        <line num="267" count="3" type="stmt"/>
        <line num="268" count="3" type="cond" truecount="6" falsecount="2"/>
        <line num="272" count="2" type="stmt"/>
        <line num="273" count="2" type="cond" truecount="4" falsecount="0"/>
        <line num="277" count="2" type="stmt"/>
        <line num="278" count="2" type="cond" truecount="3" falsecount="1"/>
        <line num="280" count="2" type="cond" truecount="0" falsecount="1"/>
        <line num="281" count="0" type="stmt"/>
        <line num="284" count="2" type="stmt"/>
        <line num="285" count="2" type="stmt"/>
        <line num="286" count="2" type="stmt"/>
        <line num="287" count="1" type="stmt"/>
        <line num="288" count="1" type="stmt"/>
        <line num="290" count="1" type="stmt"/>
        <line num="291" count="1" type="stmt"/>
        <line num="296" count="2" type="stmt"/>
        <line num="300" count="2" type="cond" truecount="4" falsecount="0"/>
        <line num="304" count="0" type="stmt"/>
        <line num="310" count="0" type="stmt"/>
        <line num="311" count="0" type="stmt"/>
        <line num="312" count="0" type="stmt"/>
        <line num="313" count="0" type="stmt"/>
        <line num="314" count="0" type="stmt"/>
        <line num="318" count="5" type="stmt"/>
        <line num="319" count="2" type="stmt"/>
        <line num="320" count="2" type="stmt"/>
        <line num="322" count="2" type="stmt"/>
        <line num="324" count="2" type="cond" truecount="1" falsecount="0"/>
        <line num="325" count="1" type="stmt"/>
        <line num="326" count="1" type="stmt"/>
        <line num="327" count="0" type="stmt"/>
        <line num="330" count="1" type="stmt"/>
        <line num="334" count="24" type="cond" truecount="1" falsecount="0"/>
        <line num="335" count="16" type="stmt"/>
        <line num="338" count="8" type="cond" truecount="1" falsecount="0"/>
        <line num="339" count="6" type="stmt"/>
        <line num="340" count="6" type="stmt"/>
        <line num="341" count="6" type="cond" truecount="1" falsecount="0"/>
        <line num="342" count="3" type="stmt"/>
        <line num="344" count="6" type="stmt"/>
        <line num="345" count="6" type="stmt"/>
        <line num="349" count="8" type="stmt"/>
        <line num="350" count="8" type="stmt"/>
        <line num="352" count="8" type="stmt"/>
        <line num="357" count="2" type="stmt"/>
        <line num="358" count="2" type="stmt"/>
        <line num="366" count="1" type="stmt"/>
        <line num="367" count="1" type="cond" truecount="3" falsecount="0"/>
        <line num="368" count="1" type="stmt"/>
        <line num="370" count="0" type="stmt"/>
        <line num="375" count="9" type="stmt"/>
        <line num="377" count="9" type="cond" truecount="1" falsecount="0"/>
        <line num="378" count="1" type="stmt"/>
        <line num="383" count="8" type="cond" truecount="3" falsecount="2"/>
        <line num="384" count="0" type="stmt"/>
        <line num="389" count="8" type="cond" truecount="6" falsecount="1"/>
        <line num="390" count="1" type="stmt"/>
        <line num="395" count="7" type="cond" truecount="3" falsecount="0"/>
        <line num="396" count="1" type="stmt"/>
        <line num="404" count="13" type="cond" truecount="3" falsecount="0"/>
        <line num="405" count="2" type="stmt"/>
        <line num="410" count="2" type="stmt"/>
        <line num="416" count="2" type="stmt"/>
        <line num="420" count="1" type="stmt"/>
        <line num="421" count="1" type="stmt"/>
        <line num="423" count="0" type="stmt"/>
        <line num="427" count="1" type="stmt"/>
        <line num="428" count="1" type="cond" truecount="1" falsecount="1"/>
        <line num="429" count="1" type="stmt"/>
        <line num="430" count="1" type="stmt"/>
        <line num="431" count="1" type="stmt"/>
        <line num="433" count="0" type="stmt"/>
        <line num="435" count="0" type="stmt"/>
        <line num="440" count="2" type="stmt"/>
        <line num="441" count="1" type="cond" truecount="1" falsecount="0"/>
        <line num="442" count="1" type="stmt"/>
        <line num="448" count="0" type="stmt"/>
        <line num="452" count="1" type="stmt"/>
        <line num="453" count="1" type="cond" truecount="3" falsecount="1"/>
        <line num="455" count="1" type="cond" truecount="0" falsecount="1"/>
        <line num="456" count="0" type="stmt"/>
        <line num="457" count="0" type="stmt"/>
        <line num="459" count="0" type="stmt"/>
        <line num="462" count="1" type="stmt"/>
        <line num="463" count="1" type="stmt"/>
        <line num="464" count="1" type="stmt"/>
        <line num="465" count="1" type="stmt"/>
        <line num="467" count="0" type="stmt"/>
        <line num="469" count="1" type="stmt"/>
        <line num="470" count="1" type="stmt"/>
        <line num="475" count="5" type="stmt"/>
        <line num="476" count="11" type="cond" truecount="3" falsecount="0"/>
        <line num="477" count="2" type="stmt"/>
        <line num="480" count="5" type="stmt"/>
        <line num="484" count="8" type="stmt"/>
        <line num="485" count="8" type="cond" truecount="3" falsecount="0"/>
        <line num="486" count="5" type="stmt"/>
        <line num="489" count="3" type="stmt"/>
        <line num="490" count="3" type="stmt"/>
        <line num="491" count="2" type="stmt"/>
        <line num="493" count="1" type="stmt"/>
        <line num="498" count="5" type="cond" truecount="3" falsecount="0"/>
        <line num="499" count="1" type="stmt"/>
        <line num="505" count="7" type="stmt"/>
        <line num="506" count="4" type="stmt"/>
        <line num="507" count="4" type="cond" truecount="1" falsecount="0"/>
        <line num="508" count="1" type="stmt"/>
        <line num="514" count="3" type="stmt"/>
        <line num="515" count="2" type="cond" truecount="1" falsecount="0"/>
        <line num="516" count="1" type="stmt"/>
      </file>
    </package>
    <package name="src.decoratiors">
      <metrics statements="63" coveredstatements="49" conditionals="16" coveredconditionals="15" methods="26" coveredmethods="16"/>
      <file name="decoratiors.orm.ts" path="/home/guilherme/Documentos/projetos/orm-sqlite/src/decoratiors/decoratiors.orm.ts">
        <metrics statements="63" coveredstatements="49" conditionals="16" coveredconditionals="15" methods="26" coveredmethods="16"/>
        <line num="1" count="10" type="stmt"/>
        <line num="2" count="10" type="stmt"/>
        <line num="5" count="65" type="cond" truecount="1" falsecount="0"/>
        <line num="6" count="15" type="stmt"/>
        <line num="11" count="10" type="stmt"/>
        <line num="12" count="14" type="stmt"/>
        <line num="13" count="14" type="stmt"/>
        <line num="14" count="14" type="cond" truecount="1" falsecount="0"/>
        <line num="15" count="14" type="stmt"/>
        <line num="16" count="64" type="stmt"/>
        <line num="23" count="10" type="stmt"/>
        <line num="24" count="55" type="stmt"/>
        <line num="25" count="55" type="stmt"/>
        <line num="26" count="55" type="stmt"/>
        <line num="27" count="54" type="stmt"/>
        <line num="28" count="54" type="cond" truecount="5" falsecount="0"/>
        <line num="29" count="13" type="stmt"/>
        <line num="36" count="10" type="stmt"/>
        <line num="37" count="0" type="stmt"/>
        <line num="38" count="0" type="stmt"/>
        <line num="39" count="0" type="stmt"/>
        <line num="40" count="0" type="stmt"/>
        <line num="45" count="10" type="stmt"/>
        <line num="46" count="10" type="stmt"/>
        <line num="47" count="10" type="stmt"/>
        <line num="48" count="10" type="stmt"/>
        <line num="49" count="10" type="stmt"/>
        <line num="54" count="10" type="stmt"/>
        <line num="55" count="0" type="stmt"/>
        <line num="56" count="0" type="stmt"/>
        <line num="57" count="0" type="stmt"/>
        <line num="58" count="0" type="stmt"/>
        <line num="63" count="10" type="stmt"/>
        <line num="64" count="0" type="stmt"/>
        <line num="65" count="0" type="stmt"/>
        <line num="66" count="0" type="stmt"/>
        <line num="67" count="0" type="stmt"/>
        <line num="72" count="10" type="stmt"/>
        <line num="73" count="0" type="stmt"/>
        <line num="74" count="0" type="stmt"/>
        <line num="77" count="10" type="stmt"/>
        <line num="78" count="14" type="stmt"/>
        <line num="79" count="14" type="stmt"/>
        <line num="80" count="14" type="cond" truecount="4" falsecount="1"/>
        <line num="81" count="13" type="stmt"/>
        <line num="84" count="1" type="stmt"/>
        <line num="90" count="10" type="stmt"/>
        <line num="91" count="20" type="stmt"/>
        <line num="92" count="20" type="stmt"/>
        <line num="95" count="10" type="stmt"/>
        <line num="96" count="52" type="stmt"/>
        <line num="97" count="52" type="stmt"/>
        <line num="100" count="10" type="stmt"/>
        <line num="101" count="63" type="stmt"/>
        <line num="102" count="63" type="stmt"/>
        <line num="105" count="10" type="stmt"/>
        <line num="106" count="45" type="stmt"/>
        <line num="107" count="45" type="stmt"/>
        <line num="110" count="10" type="stmt"/>
        <line num="111" count="56" type="stmt"/>
        <line num="112" count="56" type="stmt"/>
        <line num="115" count="10" type="stmt"/>
        <line num="116" count="52" type="stmt"/>
      </file>
    </package>
    <package name="src.decorators">
      <metrics statements="1" coveredstatements="1" conditionals="0" coveredconditionals="0" methods="0" coveredmethods="0"/>
      <file name="decorators.orm.ts" path="/home/guilherme/Documentos/projetos/orm-sqlite/src/decorators/decorators.orm.ts">
        <metrics statements="1" coveredstatements="1" conditionals="0" coveredconditionals="0" methods="0" coveredmethods="0"/>
        <line num="1" count="2" type="stmt"/>
      </file>
    </package>
    <package name="src.errors">
      <metrics statements="4" coveredstatements="4" conditionals="0" coveredconditionals="0" methods="1" coveredmethods="1"/>
      <file name="orm-sqlite.error.ts" path="/home/guilherme/Documentos/projetos/orm-sqlite/src/errors/orm-sqlite.error.ts">
        <metrics statements="4" coveredstatements="4" conditionals="0" coveredconditionals="0" methods="1" coveredmethods="1"/>
        <line num="13" count="16" type="stmt"/>
        <line num="17" count="29" type="stmt"/>
        <line num="18" count="29" type="stmt"/>
        <line num="19" count="29" type="stmt"/>
      </file>
    </package>
    <package name="src.metadata">
      <metrics statements="23" coveredstatements="17" conditionals="15" coveredconditionals="8" methods="5" coveredmethods="3"/>
      <file name="geranciado.metadata.ts" path="/home/guilherme/Documentos/projetos/orm-sqlite/src/metadata/geranciado.metadata.ts">
        <metrics statements="22" coveredstatements="16" conditionals="15" coveredconditionals="8" methods="5" coveredmethods="3"/>
        <line num="1" count="10" type="stmt"/>
        <line num="4" count="10" type="stmt"/>
        <line num="5" count="77" type="stmt"/>
        <line num="6" count="77" type="cond" truecount="1" falsecount="0"/>
        <line num="7" count="14" type="stmt"/>
        <line num="9" count="77" type="cond" truecount="1" falsecount="0"/>
        <line num="10" count="64" type="stmt"/>
        <line num="12" count="77" type="stmt"/>
        <line num="15" count="10" type="stmt"/>
        <line num="16" count="236" type="stmt"/>
        <line num="17" count="236" type="cond" truecount="6" falsecount="2"/>
        <line num="20" count="10" type="stmt"/>
        <line num="21" count="14" type="stmt"/>
        <line num="22" count="14" type="stmt"/>
        <line num="26" count="10" type="stmt"/>
        <line num="27" count="0" type="stmt"/>
        <line num="28" count="0" type="cond" truecount="0" falsecount="1"/>
        <line num="29" count="0" type="stmt"/>
        <line num="31" count="0" type="stmt"/>
        <line num="34" count="10" type="stmt"/>
        <line num="35" count="0" type="stmt"/>
        <line num="36" count="0" type="cond" truecount="0" falsecount="4"/>
      </file>
      <file name="gerenciado.metadata.ts" path="/home/guilherme/Documentos/projetos/orm-sqlite/src/metadata/gerenciado.metadata.ts">
        <metrics statements="1" coveredstatements="1" conditionals="0" coveredconditionals="0" methods="0" coveredmethods="0"/>
        <line num="1" count="1" type="stmt"/>
      </file>
    </package>
    <package name="src.query">
      <metrics statements="573" coveredstatements="454" conditionals="327" coveredconditionals="226" methods="127" coveredmethods="117"/>
      <file name="query-build-sqlite.ts" path="/home/guilherme/Documentos/projetos/orm-sqlite/src/query/query-build-sqlite.ts">
        <metrics statements="205" coveredstatements="168" conditionals="161" coveredconditionals="130" methods="47" coveredmethods="42"/>
        <line num="1" count="11" type="stmt"/>
        <line num="10" count="11" type="stmt"/>
        <line num="13" count="52" type="stmt"/>
        <line num="14" count="52" type="stmt"/>
        <line num="15" count="52" type="stmt"/>
        <line num="18" count="52" type="stmt"/>
        <line num="19" count="52" type="stmt"/>
        <line num="22" count="52" type="stmt"/>
        <line num="23" count="52" type="stmt"/>
        <line num="24" count="51" type="stmt"/>
        <line num="28" count="164" type="cond" truecount="1" falsecount="0"/>
        <line num="29" count="6" type="stmt"/>
        <line num="37" count="69" type="stmt"/>
        <line num="38" count="69" type="cond" truecount="1" falsecount="0"/>
        <line num="39" count="1" type="stmt"/>
        <line num="44" count="68" type="stmt"/>
        <line num="45" count="68" type="stmt"/>
        <line num="46" count="68" type="stmt"/>
        <line num="50" count="31" type="stmt"/>
        <line num="51" count="31" type="cond" truecount="10" falsecount="0"/>
        <line num="52" count="1" type="stmt"/>
        <line num="53" count="1" type="stmt"/>
        <line num="54" count="0" type="stmt"/>
        <line num="56" count="30" type="cond" truecount="4" falsecount="0"/>
        <line num="57" count="29" type="cond" truecount="5" falsecount="0"/>
        <line num="58" count="1" type="stmt"/>
        <line num="60" count="29" type="cond" truecount="4" falsecount="0"/>
        <line num="61" count="28" type="cond" truecount="8" falsecount="0"/>
        <line num="62" count="28" type="cond" truecount="4" falsecount="0"/>
        <line num="63" count="27" type="cond" truecount="4" falsecount="0"/>
        <line num="64" count="27" type="cond" truecount="4" falsecount="0"/>
        <line num="65" count="27" type="stmt"/>
        <line num="69" count="3" type="stmt"/>
        <line num="73" count="40" type="cond" truecount="1" falsecount="0"/>
        <line num="75" count="17" type="cond" truecount="0" falsecount="1"/>
        <line num="76" count="0" type="stmt"/>
        <line num="77" count="0" type="stmt"/>
        <line num="78" count="0" type="cond" truecount="0" falsecount="3"/>
        <line num="79" count="0" type="stmt"/>
        <line num="80" count="0" type="stmt"/>
        <line num="82" count="0" type="stmt"/>
        <line num="84" count="0" type="stmt"/>
        <line num="85" count="0" type="stmt"/>
        <line num="87" count="0" type="stmt"/>
        <line num="89" count="0" type="stmt"/>
        <line num="90" count="0" type="stmt"/>
        <line num="93" count="17" type="stmt"/>
        <line num="94" count="26" type="cond" truecount="3" falsecount="0"/>
        <line num="95" count="15" type="stmt"/>
        <line num="96" count="16" type="stmt"/>
        <line num="98" count="15" type="stmt"/>
        <line num="100" count="11" type="stmt"/>
        <line num="101" count="10" type="stmt"/>
        <line num="104" count="16" type="stmt"/>
        <line num="108" count="11" type="cond" truecount="1" falsecount="0"/>
        <line num="109" count="2" type="stmt"/>
        <line num="110" count="4" type="stmt"/>
        <line num="111" count="5" type="cond" truecount="3" falsecount="0"/>
        <line num="112" count="1" type="stmt"/>
        <line num="113" count="1" type="stmt"/>
        <line num="114" count="1" type="stmt"/>
        <line num="116" count="4" type="stmt"/>
        <line num="117" count="4" type="stmt"/>
        <line num="119" count="4" type="stmt"/>
        <line num="121" count="2" type="stmt"/>
        <line num="125" count="29" type="cond" truecount="1" falsecount="0"/>
        <line num="127" count="4" type="stmt"/>
        <line num="129" count="5" type="stmt"/>
        <line num="130" count="4" type="stmt"/>
        <line num="133" count="3" type="stmt"/>
        <line num="137" count="38" type="cond" truecount="1" falsecount="0"/>
        <line num="138" count="5" type="stmt"/>
        <line num="140" count="38" type="cond" truecount="1" falsecount="0"/>
        <line num="141" count="2" type="stmt"/>
        <line num="146" count="28" type="cond" truecount="1" falsecount="0"/>
        <line num="147" count="1" type="stmt"/>
        <line num="148" count="1" type="stmt"/>
        <line num="149" count="1" type="stmt"/>
        <line num="150" count="0" type="stmt"/>
        <line num="155" count="27" type="cond" truecount="1" falsecount="0"/>
        <line num="156" count="0" type="stmt"/>
        <line num="160" count="37" type="cond" truecount="1" falsecount="0"/>
        <line num="161" count="13" type="stmt"/>
        <line num="162" count="13" type="stmt"/>
        <line num="163" count="14" type="stmt"/>
        <line num="164" count="14" type="stmt"/>
        <line num="165" count="14" type="cond" truecount="2" falsecount="0"/>
        <line num="166" count="1" type="stmt"/>
        <line num="167" count="13" type="cond" truecount="2" falsecount="0"/>
        <line num="168" count="1" type="stmt"/>
        <line num="169" count="12" type="cond" truecount="3" falsecount="0"/>
        <line num="170" count="12" type="stmt"/>
        <line num="171" count="17" type="cond" truecount="1" falsecount="2"/>
        <line num="172" count="0" type="stmt"/>
        <line num="173" count="0" type="stmt"/>
        <line num="174" count="0" type="stmt"/>
        <line num="175" count="0" type="stmt"/>
        <line num="177" count="17" type="stmt"/>
        <line num="178" count="17" type="stmt"/>
        <line num="180" count="12" type="stmt"/>
        <line num="182" count="14" type="stmt"/>
        <line num="184" count="14" type="cond" truecount="3" falsecount="0"/>
        <line num="185" count="2" type="stmt"/>
        <line num="187" count="14" type="stmt"/>
        <line num="189" count="13" type="stmt"/>
        <line num="193" count="3" type="cond" truecount="0" falsecount="1"/>
        <line num="194" count="3" type="stmt"/>
        <line num="195" count="3" type="stmt"/>
        <line num="196" count="3" type="stmt"/>
        <line num="197" count="3" type="cond" truecount="1" falsecount="1"/>
        <line num="198" count="0" type="stmt"/>
        <line num="199" count="3" type="cond" truecount="1" falsecount="1"/>
        <line num="200" count="0" type="stmt"/>
        <line num="201" count="3" type="cond" truecount="3" falsecount="0"/>
        <line num="202" count="3" type="stmt"/>
        <line num="203" count="3" type="cond" truecount="1" falsecount="2"/>
        <line num="204" count="0" type="stmt"/>
        <line num="205" count="0" type="stmt"/>
        <line num="206" count="0" type="stmt"/>
        <line num="207" count="0" type="stmt"/>
        <line num="209" count="3" type="stmt"/>
        <line num="210" count="3" type="stmt"/>
        <line num="212" count="3" type="stmt"/>
        <line num="214" count="3" type="stmt"/>
        <line num="215" count="3" type="cond" truecount="3" falsecount="0"/>
        <line num="216" count="1" type="stmt"/>
        <line num="218" count="3" type="stmt"/>
        <line num="223" count="0" type="cond" truecount="0" falsecount="8"/>
        <line num="224" count="0" type="stmt"/>
        <line num="225" count="0" type="stmt"/>
        <line num="226" count="0" type="stmt"/>
        <line num="227" count="0" type="stmt"/>
        <line num="228" count="0" type="stmt"/>
        <line num="229" count="0" type="stmt"/>
        <line num="230" count="0" type="stmt"/>
        <line num="231" count="0" type="stmt"/>
        <line num="236" count="17" type="stmt"/>
        <line num="237" count="17" type="stmt"/>
        <line num="240" count="17" type="cond" truecount="6" falsecount="2"/>
        <line num="242" count="5" type="stmt"/>
        <line num="244" count="1" type="stmt"/>
        <line num="246" count="0" type="stmt"/>
        <line num="248" count="1" type="stmt"/>
        <line num="250" count="4" type="cond" truecount="1" falsecount="1"/>
        <line num="251" count="10" type="stmt"/>
        <line num="253" count="5" type="stmt"/>
        <line num="255" count="1" type="stmt"/>
        <line num="257" count="0" type="stmt"/>
        <line num="262" count="90" type="cond" truecount="3" falsecount="0"/>
        <line num="263" count="80" type="cond" truecount="1" falsecount="0"/>
        <line num="264" count="39" type="cond" truecount="1" falsecount="0"/>
        <line num="265" count="4" type="stmt"/>
        <line num="266" count="4" type="stmt"/>
        <line num="268" count="35" type="cond" truecount="0" falsecount="1"/>
        <line num="269" count="0" type="stmt"/>
        <line num="271" count="35" type="cond" truecount="1" falsecount="0"/>
        <line num="272" count="33" type="stmt"/>
        <line num="276" count="43" type="stmt"/>
        <line num="280" count="7" type="stmt"/>
        <line num="281" count="7" type="cond" truecount="2" falsecount="0"/>
        <line num="282" count="7" type="stmt"/>
        <line num="283" count="16" type="stmt"/>
        <line num="284" count="6" type="stmt"/>
        <line num="285" count="18" type="stmt"/>
        <line num="288" count="6" type="stmt"/>
        <line num="289" count="6" type="stmt"/>
        <line num="293" count="1" type="cond" truecount="1" falsecount="1"/>
        <line num="294" count="1" type="stmt"/>
        <line num="295" count="3" type="stmt"/>
        <line num="296" count="1" type="stmt"/>
        <line num="297" count="1" type="stmt"/>
        <line num="298" count="1" type="stmt"/>
        <line num="299" count="3" type="stmt"/>
        <line num="300" count="3" type="stmt"/>
        <line num="302" count="1" type="stmt"/>
        <line num="305" count="1" type="stmt"/>
        <line num="312" count="8" type="stmt"/>
        <line num="313" count="8" type="stmt"/>
        <line num="315" count="16" type="stmt"/>
        <line num="316" count="15" type="stmt"/>
        <line num="319" count="7" type="stmt"/>
        <line num="320" count="7" type="stmt"/>
        <line num="324" count="1" type="stmt"/>
        <line num="325" count="1" type="stmt"/>
        <line num="327" count="2" type="stmt"/>
        <line num="328" count="2" type="stmt"/>
        <line num="329" count="2" type="stmt"/>
        <line num="333" count="1" type="cond" truecount="1" falsecount="1"/>
        <line num="334" count="1" type="stmt"/>
        <line num="341" count="10" type="stmt"/>
        <line num="342" count="10" type="cond" truecount="4" falsecount="0"/>
        <line num="343" count="10" type="cond" truecount="4" falsecount="0"/>
        <line num="344" count="10" type="cond" truecount="4" falsecount="0"/>
        <line num="345" count="10" type="cond" truecount="8" falsecount="0"/>
        <line num="346" count="10" type="stmt"/>
        <line num="350" count="50" type="cond" truecount="4" falsecount="1"/>
        <line num="352" count="27" type="stmt"/>
        <line num="364" count="6" type="stmt"/>
        <line num="367" count="7" type="stmt"/>
        <line num="374" count="10" type="stmt"/>
        <line num="380" count="0" type="stmt"/>
        <line num="385" count="5" type="cond" truecount="0" falsecount="1"/>
        <line num="386" count="5" type="cond" truecount="0" falsecount="1"/>
        <line num="387" count="5" type="cond" truecount="1" falsecount="2"/>
        <line num="388" count="5" type="stmt"/>
      </file>
      <file name="query-build.ts" path="/home/guilherme/Documentos/projetos/orm-sqlite/src/query/query-build.ts">
        <metrics statements="308" coveredstatements="238" conditionals="138" coveredconditionals="89" methods="66" coveredmethods="63"/>
        <line num="1" count="3" type="stmt"/>
        <line num="2" count="3" type="stmt"/>
        <line num="6" count="3" type="stmt"/>
        <line num="21" count="58" type="stmt"/>
        <line num="22" count="57" type="stmt"/>
        <line num="23" count="57" type="stmt"/>
        <line num="24" count="57" type="stmt"/>
        <line num="25" count="57" type="stmt"/>
        <line num="26" count="57" type="stmt"/>
        <line num="27" count="57" type="stmt"/>
        <line num="28" count="57" type="stmt"/>
        <line num="29" count="57" type="stmt"/>
        <line num="30" count="57" type="stmt"/>
        <line num="31" count="57" type="stmt"/>
        <line num="35" count="21" type="cond" truecount="1" falsecount="0"/>
        <line num="36" count="6" type="stmt"/>
        <line num="45" count="4" type="cond" truecount="1" falsecount="0"/>
        <line num="46" count="1" type="stmt"/>
        <line num="47" count="1" type="stmt"/>
        <line num="48" count="1" type="stmt"/>
        <line num="49" count="1" type="stmt"/>
        <line num="52" count="3" type="stmt"/>
        <line num="53" count="2" type="stmt"/>
        <line num="55" count="2" type="stmt"/>
        <line num="60" count="71" type="stmt"/>
        <line num="62" count="71" type="cond" truecount="1" falsecount="0"/>
        <line num="63" count="1" type="stmt"/>
        <line num="69" count="70" type="stmt"/>
        <line num="74" count="14" type="cond" truecount="1" falsecount="0"/>
        <line num="75" count="1" type="stmt"/>
        <line num="81" count="13" type="stmt"/>
        <line num="82" count="13" type="stmt"/>
        <line num="90" count="2" type="cond" truecount="2" falsecount="1"/>
        <line num="91" count="0" type="stmt"/>
        <line num="95" count="2" type="cond" truecount="1" falsecount="1"/>
        <line num="96" count="2" type="stmt"/>
        <line num="97" count="2" type="stmt"/>
        <line num="99" count="0" type="stmt"/>
        <line num="101" count="1" type="stmt"/>
        <line num="103" count="1" type="stmt"/>
        <line num="105" count="1" type="stmt"/>
        <line num="106" count="1" type="stmt"/>
        <line num="110" count="6" type="stmt"/>
        <line num="111" count="6" type="stmt"/>
        <line num="115" count="4" type="stmt"/>
        <line num="116" count="4" type="stmt"/>
        <line num="121" count="8" type="cond" truecount="1" falsecount="0"/>
        <line num="122" count="7" type="stmt"/>
        <line num="125" count="8" type="cond" truecount="1" falsecount="0"/>
        <line num="126" count="1" type="stmt"/>
        <line num="127" count="1" type="stmt"/>
        <line num="128" count="1" type="stmt"/>
        <line num="129" count="1" type="stmt"/>
        <line num="132" count="7" type="stmt"/>
        <line num="133" count="6" type="stmt"/>
        <line num="135" count="6" type="stmt"/>
        <line num="140" count="2" type="stmt"/>
        <line num="141" count="2" type="stmt"/>
        <line num="149" count="2" type="stmt"/>
        <line num="153" count="2" type="stmt"/>
        <line num="154" count="2" type="stmt"/>
        <line num="156" count="2" type="stmt"/>
        <line num="169" count="2" type="stmt"/>
        <line num="173" count="5" type="stmt"/>
        <line num="174" count="5" type="stmt"/>
        <line num="182" count="5" type="stmt"/>
        <line num="186" count="1" type="stmt"/>
        <line num="187" count="1" type="stmt"/>
        <line num="195" count="1" type="stmt"/>
        <line num="199" count="1" type="stmt"/>
        <line num="200" count="1" type="stmt"/>
        <line num="208" count="1" type="stmt"/>
        <line num="213" count="2" type="cond" truecount="1" falsecount="0"/>
        <line num="214" count="2" type="stmt"/>
        <line num="217" count="2" type="cond" truecount="0" falsecount="1"/>
        <line num="218" count="0" type="stmt"/>
        <line num="219" count="0" type="stmt"/>
        <line num="220" count="0" type="stmt"/>
        <line num="221" count="0" type="stmt"/>
        <line num="224" count="2" type="stmt"/>
        <line num="225" count="1" type="stmt"/>
        <line num="227" count="1" type="stmt"/>
        <line num="231" count="23" type="cond" truecount="2" falsecount="0"/>
        <line num="232" count="23" type="stmt"/>
        <line num="233" count="23" type="stmt"/>
        <line num="236" count="23" type="stmt"/>
        <line num="237" count="9" type="stmt"/>
        <line num="238" count="9" type="stmt"/>
        <line num="240" count="9" type="stmt"/>
        <line num="241" count="9" type="stmt"/>
        <line num="243" count="9" type="stmt"/>
        <line num="245" count="36" type="cond" truecount="3" falsecount="0"/>
        <line num="247" count="2" type="stmt"/>
        <line num="249" count="2" type="cond" truecount="0" falsecount="1"/>
        <line num="250" count="0" type="stmt"/>
        <line num="253" count="2" type="stmt"/>
        <line num="254" count="2" type="stmt"/>
        <line num="255" count="2" type="stmt"/>
        <line num="256" count="6" type="cond" truecount="1" falsecount="0"/>
        <line num="257" count="6" type="stmt"/>
        <line num="260" count="0" type="stmt"/>
        <line num="263" count="2" type="cond" truecount="3" falsecount="0"/>
        <line num="264" count="2" type="stmt"/>
        <line num="281" count="0" type="stmt"/>
        <line num="296" count="34" type="cond" truecount="1" falsecount="0"/>
        <line num="297" count="27" type="stmt"/>
        <line num="300" count="7" type="stmt"/>
        <line num="303" count="9" type="cond" truecount="1" falsecount="0"/>
        <line num="304" count="9" type="stmt"/>
        <line num="306" count="9" type="cond" truecount="0" falsecount="1"/>
        <line num="307" count="0" type="stmt"/>
        <line num="310" count="9" type="cond" truecount="3" falsecount="0"/>
        <line num="311" count="9" type="stmt"/>
        <line num="323" count="9" type="stmt"/>
        <line num="326" count="0" type="stmt"/>
        <line num="338" count="23" type="stmt"/>
        <line num="340" count="23" type="stmt"/>
        <line num="341" count="23" type="stmt"/>
        <line num="342" count="23" type="stmt"/>
        <line num="343" count="23" type="stmt"/>
        <line num="345" count="23" type="cond" truecount="1" falsecount="0"/>
        <line num="346" count="9" type="stmt"/>
        <line num="350" count="23" type="stmt"/>
        <line num="352" count="23" type="cond" truecount="1" falsecount="0"/>
        <line num="353" count="9" type="stmt"/>
        <line num="356" count="23" type="cond" truecount="1" falsecount="0"/>
        <line num="357" count="10" type="stmt"/>
        <line num="358" count="10" type="stmt"/>
        <line num="360" count="16" type="cond" truecount="2" falsecount="0"/>
        <line num="361" count="6" type="cond" truecount="1" falsecount="1"/>
        <line num="362" count="16" type="stmt"/>
        <line num="363" count="6" type="stmt"/>
        <line num="365" count="10" type="stmt"/>
        <line num="367" count="16" type="cond" truecount="2" falsecount="0"/>
        <line num="371" count="23" type="cond" truecount="1" falsecount="0"/>
        <line num="372" count="1" type="cond" truecount="1" falsecount="1"/>
        <line num="373" count="0" type="stmt"/>
        <line num="375" count="1" type="stmt"/>
        <line num="377" count="1" type="stmt"/>
        <line num="378" count="1" type="stmt"/>
        <line num="379" count="1" type="cond" truecount="1" falsecount="1"/>
        <line num="383" count="23" type="cond" truecount="1" falsecount="0"/>
        <line num="384" count="2" type="stmt"/>
        <line num="385" count="2" type="stmt"/>
        <line num="388" count="23" type="cond" truecount="3" falsecount="0"/>
        <line num="389" count="7" type="stmt"/>
        <line num="392" count="23" type="cond" truecount="1" falsecount="0"/>
        <line num="393" count="7" type="stmt"/>
        <line num="396" count="23" type="cond" truecount="1" falsecount="0"/>
        <line num="397" count="4" type="stmt"/>
        <line num="400" count="23" type="stmt"/>
        <line num="404" count="4" type="stmt"/>
        <line num="405" count="4" type="stmt"/>
        <line num="406" count="4" type="stmt"/>
        <line num="408" count="4" type="stmt"/>
        <line num="409" count="8" type="stmt"/>
        <line num="412" count="4" type="stmt"/>
        <line num="414" count="8" type="stmt"/>
        <line num="420" count="53" type="cond" truecount="2" falsecount="0"/>
        <line num="421" count="2" type="stmt"/>
        <line num="422" count="51" type="cond" truecount="2" falsecount="0"/>
        <line num="423" count="20" type="stmt"/>
        <line num="424" count="31" type="cond" truecount="2" falsecount="2"/>
        <line num="425" count="31" type="stmt"/>
        <line num="426" count="0" type="cond" truecount="0" falsecount="4"/>
        <line num="427" count="0" type="stmt"/>
        <line num="428" count="0" type="cond" truecount="0" falsecount="1"/>
        <line num="429" count="0" type="stmt"/>
        <line num="431" count="0" type="stmt"/>
        <line num="435" count="20" type="stmt"/>
        <line num="439" count="52" type="cond" truecount="0" falsecount="1"/>
        <line num="440" count="0" type="stmt"/>
        <line num="442" count="52" type="cond" truecount="8" falsecount="0"/>
        <line num="447" count="4" type="cond" truecount="1" falsecount="0"/>
        <line num="448" count="2" type="stmt"/>
        <line num="451" count="4" type="cond" truecount="0" falsecount="1"/>
        <line num="452" count="0" type="stmt"/>
        <line num="456" count="4" type="stmt"/>
        <line num="457" count="6" type="stmt"/>
        <line num="459" count="4" type="stmt"/>
        <line num="461" count="4" type="stmt"/>
        <line num="462" count="7" type="stmt"/>
        <line num="463" count="5" type="stmt"/>
        <line num="466" count="4" type="cond" truecount="2" falsecount="0"/>
        <line num="470" count="1" type="cond" truecount="0" falsecount="1"/>
        <line num="471" count="0" type="stmt"/>
        <line num="474" count="1" type="cond" truecount="0" falsecount="1"/>
        <line num="475" count="0" type="stmt"/>
        <line num="478" count="1" type="stmt"/>
        <line num="479" count="2" type="stmt"/>
        <line num="481" count="1" type="stmt"/>
        <line num="483" count="1" type="stmt"/>
        <line num="484" count="1" type="stmt"/>
        <line num="485" count="1" type="stmt"/>
        <line num="486" count="2" type="stmt"/>
        <line num="487" count="2" type="stmt"/>
        <line num="489" count="1" type="stmt"/>
        <line num="492" count="1" type="stmt"/>
        <line num="499" count="4" type="stmt"/>
        <line num="501" count="3" type="stmt"/>
        <line num="503" count="3" type="stmt"/>
        <line num="504" count="3" type="cond" truecount="1" falsecount="0"/>
        <line num="505" count="3" type="stmt"/>
        <line num="507" count="0" type="stmt"/>
        <line num="510" count="3" type="stmt"/>
        <line num="512" count="3" type="cond" truecount="1" falsecount="0"/>
        <line num="513" count="3" type="stmt"/>
        <line num="514" count="3" type="stmt"/>
        <line num="517" count="3" type="cond" truecount="1" falsecount="0"/>
        <line num="518" count="2" type="cond" truecount="1" falsecount="1"/>
        <line num="521" count="3" type="stmt"/>
        <line num="525" count="1" type="stmt"/>
        <line num="526" count="1" type="stmt"/>
        <line num="528" count="1" type="stmt"/>
        <line num="529" count="1" type="stmt"/>
        <line num="530" count="1" type="cond" truecount="1" falsecount="0"/>
        <line num="531" count="1" type="stmt"/>
        <line num="532" count="1" type="stmt"/>
        <line num="534" count="0" type="stmt"/>
        <line num="537" count="1" type="stmt"/>
        <line num="539" count="1" type="cond" truecount="1" falsecount="0"/>
        <line num="540" count="1" type="stmt"/>
        <line num="541" count="1" type="stmt"/>
        <line num="542" count="1" type="stmt"/>
        <line num="543" count="1" type="stmt"/>
        <line num="547" count="1" type="cond" truecount="0" falsecount="1"/>
        <line num="548" count="0" type="stmt"/>
        <line num="551" count="1" type="stmt"/>
        <line num="555" count="1" type="stmt"/>
        <line num="557" count="1" type="cond" truecount="1" falsecount="0"/>
        <line num="558" count="1" type="stmt"/>
        <line num="559" count="1" type="stmt"/>
        <line num="562" count="1" type="stmt"/>
        <line num="566" count="0" type="stmt"/>
        <line num="567" count="0" type="stmt"/>
        <line num="568" count="0" type="stmt"/>
        <line num="570" count="0" type="cond" truecount="0" falsecount="1"/>
        <line num="571" count="0" type="stmt"/>
        <line num="574" count="0" type="cond" truecount="0" falsecount="1"/>
        <line num="575" count="0" type="stmt"/>
        <line num="578" count="0" type="cond" truecount="0" falsecount="1"/>
        <line num="579" count="0" type="stmt"/>
        <line num="582" count="0" type="cond" truecount="0" falsecount="1"/>
        <line num="583" count="0" type="stmt"/>
        <line num="586" count="0" type="cond" truecount="0" falsecount="1"/>
        <line num="587" count="0" type="stmt"/>
        <line num="590" count="0" type="stmt"/>
        <line num="593" count="0" type="stmt"/>
        <line num="597" count="1" type="stmt"/>
        <line num="598" count="0" type="stmt"/>
        <line num="599" count="0" type="cond" truecount="0" falsecount="1"/>
        <line num="600" count="0" type="stmt"/>
        <line num="602" count="0" type="cond" truecount="0" falsecount="1"/>
        <line num="603" count="0" type="stmt"/>
        <line num="605" count="0" type="cond" truecount="0" falsecount="1"/>
        <line num="606" count="0" type="stmt"/>
        <line num="608" count="0" type="cond" truecount="0" falsecount="1"/>
        <line num="609" count="0" type="stmt"/>
        <line num="611" count="0" type="cond" truecount="0" falsecount="1"/>
        <line num="612" count="0" type="stmt"/>
        <line num="615" count="0" type="stmt"/>
        <line num="619" count="1" type="stmt"/>
        <line num="620" count="0" type="stmt"/>
        <line num="625" count="1" type="cond" truecount="0" falsecount="1"/>
        <line num="626" count="0" type="stmt"/>
        <line num="632" count="1" type="stmt"/>
        <line num="633" count="1" type="stmt"/>
        <line num="637" count="2" type="cond" truecount="0" falsecount="1"/>
        <line num="638" count="0" type="stmt"/>
        <line num="644" count="2" type="stmt"/>
        <line num="645" count="2" type="stmt"/>
        <line num="649" count="3" type="cond" truecount="0" falsecount="1"/>
        <line num="650" count="0" type="stmt"/>
        <line num="656" count="3" type="stmt"/>
        <line num="657" count="3" type="stmt"/>
        <line num="661" count="0" type="stmt"/>
        <line num="662" count="0" type="stmt"/>
        <line num="663" count="0" type="cond" truecount="0" falsecount="1"/>
        <line num="664" count="0" type="stmt"/>
        <line num="666" count="0" type="cond" truecount="0" falsecount="1"/>
        <line num="667" count="0" type="stmt"/>
        <line num="669" count="0" type="cond" truecount="0" falsecount="1"/>
        <line num="670" count="0" type="stmt"/>
        <line num="672" count="0" type="cond" truecount="0" falsecount="1"/>
        <line num="673" count="0" type="stmt"/>
        <line num="675" count="0" type="cond" truecount="0" falsecount="1"/>
        <line num="676" count="0" type="stmt"/>
        <line num="679" count="0" type="stmt"/>
        <line num="683" count="16" type="cond" truecount="1" falsecount="0"/>
        <line num="684" count="1" type="stmt"/>
        <line num="689" count="15" type="cond" truecount="0" falsecount="1"/>
        <line num="690" count="0" type="stmt"/>
        <line num="692" count="15" type="cond" truecount="1" falsecount="2"/>
        <line num="693" count="0" type="stmt"/>
        <line num="695" count="15" type="stmt"/>
        <line num="699" count="4" type="stmt"/>
        <line num="701" count="4" type="stmt"/>
        <line num="702" count="7" type="cond" truecount="3" falsecount="0"/>
        <line num="703" count="3" type="stmt"/>
        <line num="704" count="3" type="stmt"/>
        <line num="705" count="7" type="stmt"/>
        <line num="706" count="7" type="stmt"/>
        <line num="707" count="7" type="stmt"/>
        <line num="709" count="3" type="stmt"/>
        <line num="712" count="4" type="stmt"/>
        <line num="719" count="4" type="stmt"/>
        <line num="720" count="1" type="stmt"/>
        <line num="727" count="4" type="stmt"/>
      </file>
      <file name="query-ddl.ts" path="/home/guilherme/Documentos/projetos/orm-sqlite/src/query/query-ddl.ts">
        <metrics statements="60" coveredstatements="48" conditionals="28" coveredconditionals="7" methods="14" coveredmethods="12"/>
        <line num="1" count="2" type="stmt"/>
        <line num="9" count="2" type="stmt"/>
        <line num="11" count="26" type="cond" truecount="1" falsecount="0"/>
        <line num="12" count="3" type="stmt"/>
        <line num="20" count="12" type="cond" truecount="1" falsecount="0"/>
        <line num="21" count="1" type="stmt"/>
        <line num="23" count="11" type="stmt"/>
        <line num="24" count="11" type="stmt"/>
        <line num="25" count="11" type="stmt"/>
        <line num="29" count="1" type="stmt"/>
        <line num="30" count="1" type="stmt"/>
        <line num="31" count="2" type="stmt"/>
        <line num="32" count="2" type="stmt"/>
        <line num="33" count="2" type="cond" truecount="1" falsecount="0"/>
        <line num="34" count="2" type="cond" truecount="0" falsecount="1"/>
        <line num="35" count="2" type="cond" truecount="0" falsecount="1"/>
        <line num="36" count="2" type="cond" truecount="1" falsecount="0"/>
        <line num="37" count="2" type="cond" truecount="0" falsecount="1"/>
        <line num="38" count="2" type="stmt"/>
        <line num="40" count="1" type="stmt"/>
        <line num="44" count="2" type="stmt"/>
        <line num="45" count="2" type="stmt"/>
        <line num="46" count="1" type="stmt"/>
        <line num="47" count="1" type="cond" truecount="0" falsecount="1"/>
        <line num="48" count="1" type="cond" truecount="0" falsecount="1"/>
        <line num="49" count="1" type="cond" truecount="0" falsecount="1"/>
        <line num="50" count="1" type="cond" truecount="0" falsecount="1"/>
        <line num="51" count="1" type="cond" truecount="0" falsecount="1"/>
        <line num="52" count="1" type="stmt"/>
        <line num="56" count="1" type="stmt"/>
        <line num="57" count="1" type="stmt"/>
        <line num="58" count="1" type="stmt"/>
        <line num="59" count="1" type="stmt"/>
        <line num="63" count="1" type="stmt"/>
        <line num="64" count="1" type="stmt"/>
        <line num="65" count="1" type="stmt"/>
        <line num="69" count="2" type="stmt"/>
        <line num="70" count="2" type="stmt"/>
        <line num="71" count="1" type="stmt"/>
        <line num="75" count="2" type="stmt"/>
        <line num="76" count="1" type="stmt"/>
        <line num="80" count="3" type="stmt"/>
        <line num="81" count="3" type="stmt"/>
        <line num="82" count="2" type="stmt"/>
        <line num="83" count="2" type="cond" truecount="2" falsecount="0"/>
        <line num="84" count="2" type="stmt"/>
        <line num="88" count="1" type="stmt"/>
        <line num="89" count="1" type="stmt"/>
        <line num="93" count="0" type="cond" truecount="0" falsecount="2"/>
        <line num="94" count="0" type="stmt"/>
        <line num="95" count="0" type="cond" truecount="0" falsecount="2"/>
        <line num="96" count="0" type="stmt"/>
        <line num="97" count="0" type="cond" truecount="0" falsecount="4"/>
        <line num="98" count="0" type="stmt"/>
        <line num="99" count="0" type="cond" truecount="0" falsecount="4"/>
        <line num="100" count="0" type="stmt"/>
        <line num="101" count="0" type="cond" truecount="0" falsecount="1"/>
        <line num="102" count="0" type="stmt"/>
        <line num="104" count="0" type="stmt"/>
        <line num="108" count="0" type="stmt"/>
      </file>
    </package>
    <package name="test.class">
      <metrics statements="40" coveredstatements="31" conditionals="64" coveredconditionals="21" methods="4" coveredmethods="2"/>
      <file name="Comentario.class.ts" path="/home/guilherme/Documentos/projetos/orm-sqlite/test/class/Comentario.class.ts">
        <metrics statements="8" coveredstatements="8" conditionals="12" coveredconditionals="9" methods="1" coveredmethods="1"/>
        <line num="1" count="1" type="stmt"/>
        <line num="4" count="1" type="stmt"/>
        <line num="9" count="1" type="stmt"/>
        <line num="12" count="2" type="stmt"/>
        <line num="15" count="1" type="stmt"/>
        <line num="18" count="2" type="cond" truecount="3" falsecount="1"/>
        <line num="19" count="2" type="cond" truecount="3" falsecount="1"/>
        <line num="20" count="2" type="cond" truecount="3" falsecount="1"/>
      </file>
      <file name="LocalStorage.class.ts" path="/home/guilherme/Documentos/projetos/orm-sqlite/test/class/LocalStorage.class.ts">
        <metrics statements="8" coveredstatements="5" conditionals="12" coveredconditionals="0" methods="1" coveredmethods="0"/>
        <line num="1" count="2" type="stmt"/>
        <line num="4" count="2" type="stmt"/>
        <line num="6" count="2" type="stmt"/>
        <line num="9" count="2" type="stmt"/>
        <line num="12" count="2" type="stmt"/>
        <line num="15" count="0" type="cond" truecount="0" falsecount="4"/>
        <line num="16" count="0" type="cond" truecount="0" falsecount="4"/>
        <line num="17" count="0" type="cond" truecount="0" falsecount="4"/>
      </file>
      <file name="Post.class.ts" path="/home/guilherme/Documentos/projetos/orm-sqlite/test/class/Post.class.ts">
        <metrics statements="10" coveredstatements="10" conditionals="16" coveredconditionals="12" methods="1" coveredmethods="1"/>
        <line num="1" count="3" type="stmt"/>
        <line num="10" count="3" type="stmt"/>
        <line num="13" count="9" type="stmt"/>
        <line num="16" count="3" type="stmt"/>
        <line num="19" count="3" type="stmt"/>
        <line num="22" count="9" type="stmt"/>
        <line num="25" count="9" type="cond" truecount="3" falsecount="1"/>
        <line num="26" count="9" type="cond" truecount="3" falsecount="1"/>
        <line num="27" count="9" type="cond" truecount="3" falsecount="1"/>
        <line num="28" count="9" type="cond" truecount="3" falsecount="1"/>
      </file>
      <file name="User.class.ts" path="/home/guilherme/Documentos/projetos/orm-sqlite/test/class/User.class.ts">
        <metrics statements="14" coveredstatements="8" conditionals="24" coveredconditionals="0" methods="1" coveredmethods="0"/>
        <line num="1" count="7" type="stmt"/>
        <line num="6" count="7" type="stmt"/>
        <line num="11" count="7" type="stmt"/>
        <line num="14" count="7" type="stmt"/>
        <line num="17" count="7" type="stmt"/>
        <line num="20" count="7" type="stmt"/>
        <line num="23" count="7" type="stmt"/>
        <line num="26" count="7" type="stmt"/>
        <line num="29" count="0" type="cond" truecount="0" falsecount="4"/>
        <line num="30" count="0" type="cond" truecount="0" falsecount="4"/>
        <line num="31" count="0" type="cond" truecount="0" falsecount="4"/>
        <line num="32" count="0" type="cond" truecount="0" falsecount="4"/>
        <line num="33" count="0" type="cond" truecount="0" falsecount="4"/>
        <line num="34" count="0" type="cond" truecount="0" falsecount="4"/>
      </file>
    </package>
  </project>
</coverage>
