{"/home/guilherme/Documentos/projetos/orm-sqlite/src/definitions.ts": {"path":"/home/guilherme/Documentos/projetos/orm-sqlite/src/definitions.ts","statementMap":{"0":{"start":{"line":1,"column":0},"end":{"line":1,"column":48}},"1":{"start":{"line":2,"column":0},"end":{"line":2,"column":48}}},"fnMap":{},"branchMap":{},"s":{"0":1,"1":1},"f":{},"b":{}}
,"/home/guilherme/Documentos/projetos/orm-sqlite/src/index.ts": {"path":"/home/guilherme/Documentos/projetos/orm-sqlite/src/index.ts","statementMap":{"0":{"start":{"line":1,"column":0},"end":{"line":1,"column":9}},"1":{"start":{"line":11,"column":2},"end":{"line":1,"column":66}},"2":{"start":{"line":15,"column":33},"end":{"line":1,"column":66}},"3":{"start":{"line":2,"column":0},"end":{"line":2,"column":9}},"4":{"start":{"line":12,"column":2},"end":{"line":2,"column":58}},"5":{"start":{"line":16,"column":25},"end":{"line":2,"column":58}},"6":{"start":{"line":3,"column":0},"end":{"line":3,"column":9}},"7":{"start":{"line":13,"column":2},"end":{"line":3,"column":62}},"8":{"start":{"line":17,"column":22},"end":{"line":3,"column":62}},"9":{"start":{"line":4,"column":0},"end":{"line":4,"column":9}},"10":{"start":{"line":14,"column":2},"end":{"line":4,"column":45}},"11":{"start":{"line":6,"column":0},"end":{"line":6,"column":46}},"12":{"start":{"line":7,"column":0},"end":{"line":7,"column":44}},"13":{"start":{"line":8,"column":0},"end":{"line":8,"column":30}},"14":{"start":{"line":9,"column":0},"end":{"line":9,"column":42}}},"fnMap":{"0":{"name":"(anonymous_4)","decl":{"start":{"line":11,"column":2},"end":{"line":11,"column":29}},"loc":{"start":{"line":11,"column":2},"end":{"line":1,"column":66}}},"1":{"name":"(anonymous_5)","decl":{"start":{"line":15,"column":33},"end":{"line":15,"column":60}},"loc":{"start":{"line":15,"column":33},"end":{"line":1,"column":66}}},"2":{"name":"(anonymous_6)","decl":{"start":{"line":12,"column":2},"end":{"line":12,"column":21}},"loc":{"start":{"line":12,"column":2},"end":{"line":2,"column":58}}},"3":{"name":"(anonymous_7)","decl":{"start":{"line":16,"column":25},"end":{"line":16,"column":44}},"loc":{"start":{"line":16,"column":25},"end":{"line":2,"column":58}}},"4":{"name":"(anonymous_8)","decl":{"start":{"line":13,"column":2},"end":{"line":13,"column":18}},"loc":{"start":{"line":13,"column":2},"end":{"line":3,"column":62}}},"5":{"name":"(anonymous_9)","decl":{"start":{"line":17,"column":22},"end":{"line":17,"column":38}},"loc":{"start":{"line":17,"column":22},"end":{"line":3,"column":62}}},"6":{"name":"(anonymous_10)","decl":{"start":{"line":14,"column":2},"end":{"line":14,"column":10}},"loc":{"start":{"line":14,"column":2},"end":{"line":4,"column":45}}}},"branchMap":{},"s":{"0":1,"1":2,"2":2,"3":1,"4":2,"5":2,"6":1,"7":2,"8":2,"9":1,"10":1,"11":1,"12":1,"13":1,"14":1},"f":{"0":1,"1":1,"2":1,"3":1,"4":1,"5":1,"6":0},"b":{}}
,"/home/guilherme/Documentos/projetos/orm-sqlite/src/database/database.ts": {"path":"/home/guilherme/Documentos/projetos/orm-sqlite/src/database/database.ts","statementMap":{"0":{"start":{"line":2,"column":0},"end":{"line":2,"column":62}},"1":{"start":{"line":4,"column":0},"end":{"line":4,"column":60}},"2":{"start":{"line":36,"column":4},"end":{"line":36,"column":58}},"3":{"start":{"line":37,"column":4},"end":{"line":37,"column":59}},"4":{"start":{"line":38,"column":4},"end":{"line":38,"column":61}},"5":{"start":{"line":39,"column":4},"end":{"line":39,"column":51}},"6":{"start":{"line":40,"column":4},"end":{"line":40,"column":57}},"7":{"start":{"line":41,"column":4},"end":{"line":41,"column":59}},"8":{"start":{"line":42,"column":4},"end":{"line":42,"column":49}},"9":{"start":{"line":46,"column":4},"end":{"line":46,"column":32}},"10":{"start":{"line":49,"column":4},"end":{"line":49,"column":33}},"11":{"start":{"line":52,"column":4},"end":{"line":52,"column":28}},"12":{"start":{"line":55,"column":4},"end":{"line":55,"column":31}},"13":{"start":{"line":58,"column":4},"end":{"line":58,"column":32}},"14":{"start":{"line":61,"column":4},"end":{"line":61,"column":27}},"15":{"start":{"line":65,"column":4},"end":{"line":65,"column":11}},"16":{"start":{"line":66,"column":4},"end":{"line":66,"column":84}},"17":{"start":{"line":70,"column":4},"end":{"line":70,"column":94}},"18":{"start":{"line":71,"column":4},"end":{"line":71,"column":48}},"19":{"start":{"line":72,"column":4},"end":{"line":72,"column":63}},"20":{"start":{"line":76,"column":4},"end":{"line":76,"column":84}},"21":{"start":{"line":79,"column":4},"end":{"line":79,"column":84}},"22":{"start":{"line":82,"column":4},"end":{"line":82,"column":84}},"23":{"start":{"line":85,"column":4},"end":{"line":85,"column":84}},"24":{"start":{"line":88,"column":4},"end":{"line":88,"column":84}},"25":{"start":{"line":91,"column":4},"end":{"line":91,"column":84}},"26":{"start":{"line":94,"column":4},"end":{"line":94,"column":8}},"27":{"start":{"line":95,"column":4},"end":{"line":95,"column":84}},"28":{"start":{"line":98,"column":4},"end":{"line":98,"column":8}},"29":{"start":{"line":99,"column":4},"end":{"line":99,"column":11}},"30":{"start":{"line":100,"column":4},"end":{"line":100,"column":84}},"31":{"start":{"line":103,"column":4},"end":{"line":103,"column":9}},"32":{"start":{"line":104,"column":4},"end":{"line":104,"column":84}},"33":{"start":{"line":107,"column":4},"end":{"line":107,"column":8}},"34":{"start":{"line":108,"column":4},"end":{"line":108,"column":84}},"35":{"start":{"line":111,"column":4},"end":{"line":111,"column":8}},"36":{"start":{"line":112,"column":4},"end":{"line":112,"column":11}},"37":{"start":{"line":113,"column":4},"end":{"line":113,"column":84}},"38":{"start":{"line":116,"column":4},"end":{"line":116,"column":8}},"39":{"start":{"line":117,"column":4},"end":{"line":117,"column":11}},"40":{"start":{"line":118,"column":4},"end":{"line":118,"column":84}},"41":{"start":{"line":121,"column":4},"end":{"line":121,"column":84}},"42":{"start":{"line":124,"column":4},"end":{"line":124,"column":15}},"43":{"start":{"line":125,"column":4},"end":{"line":125,"column":84}},"44":{"start":{"line":128,"column":4},"end":{"line":128,"column":14}},"45":{"start":{"line":129,"column":4},"end":{"line":129,"column":84}},"46":{"start":{"line":132,"column":4},"end":{"line":132,"column":15}},"47":{"start":{"line":133,"column":4},"end":{"line":133,"column":84}},"48":{"start":{"line":137,"column":4},"end":{"line":137,"column":31}},"49":{"start":{"line":141,"column":4},"end":{"line":141,"column":55}},"50":{"start":{"line":141,"column":42},"end":{"line":141,"column":55}},"51":{"start":{"line":142,"column":4},"end":{"line":142,"column":78}},"52":{"start":{"line":146,"column":19},"end":{"line":146,"column":39}},"53":{"start":{"line":148,"column":4},"end":{"line":148,"column":36}},"54":{"start":{"line":150,"column":4},"end":{"line":177,"column":5}},"55":{"start":{"line":152,"column":27},"end":{"line":152,"column":84}},"56":{"start":{"line":153,"column":6},"end":{"line":156,"column":7}},"57":{"start":{"line":154,"column":8},"end":{"line":154,"column":106}},"58":{"start":{"line":155,"column":8},"end":{"line":155,"column":63}},"59":{"start":{"line":159,"column":50},"end":{"line":159,"column":54}},"60":{"start":{"line":160,"column":6},"end":{"line":165,"column":7}},"61":{"start":{"line":161,"column":8},"end":{"line":161,"column":88}},"62":{"start":{"line":162,"column":8},"end":{"line":162,"column":68}},"63":{"start":{"line":164,"column":8},"end":{"line":164,"column":103}},"64":{"start":{"line":168,"column":6},"end":{"line":171,"column":7}},"65":{"start":{"line":169,"column":8},"end":{"line":169,"column":69}},"66":{"start":{"line":170,"column":8},"end":{"line":170,"column":70}},"67":{"start":{"line":173,"column":6},"end":{"line":173,"column":24}},"68":{"start":{"line":175,"column":6},"end":{"line":175,"column":84}},"69":{"start":{"line":176,"column":6},"end":{"line":176,"column":18}},"70":{"start":{"line":181,"column":4},"end":{"line":181,"column":63}},"71":{"start":{"line":182,"column":4},"end":{"line":185,"column":5}},"72":{"start":{"line":183,"column":6},"end":{"line":183,"column":52}},"73":{"start":{"line":184,"column":6},"end":{"line":184,"column":50}},"74":{"start":{"line":189,"column":15},"end":{"line":189,"column":28}},"75":{"start":{"line":190,"column":4},"end":{"line":193,"column":5}},"76":{"start":{"line":191,"column":6},"end":{"line":191,"column":66}},"77":{"start":{"line":192,"column":6},"end":{"line":192,"column":13}},"78":{"start":{"line":194,"column":4},"end":{"line":194,"column":43}},"79":{"start":{"line":195,"column":4},"end":{"line":195,"column":32}},"80":{"start":{"line":199,"column":15},"end":{"line":199,"column":28}},"81":{"start":{"line":200,"column":4},"end":{"line":200,"column":33}},"82":{"start":{"line":204,"column":15},"end":{"line":204,"column":28}},"83":{"start":{"line":205,"column":4},"end":{"line":205,"column":35}},"84":{"start":{"line":209,"column":4},"end":{"line":211,"column":5}},"85":{"start":{"line":210,"column":6},"end":{"line":210,"column":59}},"86":{"start":{"line":213,"column":4},"end":{"line":213,"column":26}},"87":{"start":{"line":215,"column":15},"end":{"line":215,"column":28}},"88":{"start":{"line":216,"column":19},"end":{"line":216,"column":61}},"89":{"start":{"line":217,"column":19},"end":{"line":217,"column":47}},"90":{"start":{"line":218,"column":20},"end":{"line":218,"column":48}},"91":{"start":{"line":220,"column":4},"end":{"line":225,"column":6}},"92":{"start":{"line":229,"column":4},"end":{"line":231,"column":5}},"93":{"start":{"line":230,"column":6},"end":{"line":230,"column":82}},"94":{"start":{"line":233,"column":4},"end":{"line":233,"column":26}},"95":{"start":{"line":235,"column":15},"end":{"line":235,"column":28}},"96":{"start":{"line":236,"column":19},"end":{"line":236,"column":58}},"97":{"start":{"line":238,"column":19},"end":{"line":238,"column":47}},"98":{"start":{"line":239,"column":20},"end":{"line":239,"column":48}},"99":{"start":{"line":241,"column":4},"end":{"line":246,"column":6}},"100":{"start":{"line":250,"column":4},"end":{"line":252,"column":5}},"101":{"start":{"line":251,"column":6},"end":{"line":251,"column":59}},"102":{"start":{"line":254,"column":4},"end":{"line":254,"column":26}},"103":{"start":{"line":256,"column":15},"end":{"line":256,"column":28}},"104":{"start":{"line":257,"column":24},"end":{"line":257,"column":43}},"105":{"start":{"line":258,"column":4},"end":{"line":258,"column":70}},"106":{"start":{"line":258,"column":44},"end":{"line":258,"column":62}},"107":{"start":{"line":262,"column":4},"end":{"line":264,"column":5}},"108":{"start":{"line":263,"column":6},"end":{"line":263,"column":82}},"109":{"start":{"line":266,"column":4},"end":{"line":266,"column":26}},"110":{"start":{"line":268,"column":15},"end":{"line":268,"column":28}},"111":{"start":{"line":269,"column":24},"end":{"line":269,"column":51}},"112":{"start":{"line":270,"column":4},"end":{"line":270,"column":70}},"113":{"start":{"line":270,"column":44},"end":{"line":270,"column":62}},"114":{"start":{"line":274,"column":17},"end":{"line":274,"column":59}},"115":{"start":{"line":275,"column":4},"end":{"line":275,"column":27}},"116":{"start":{"line":279,"column":15},"end":{"line":279,"column":28}},"117":{"start":{"line":280,"column":24},"end":{"line":280,"column":72}},"118":{"start":{"line":282,"column":4},"end":{"line":284,"column":5}},"119":{"start":{"line":283,"column":6},"end":{"line":283,"column":20}},"120":{"start":{"line":286,"column":4},"end":{"line":286,"column":32}},"121":{"start":{"line":287,"column":4},"end":{"line":294,"column":5}},"122":{"start":{"line":288,"column":21},"end":{"line":288,"column":33}},"123":{"start":{"line":289,"column":6},"end":{"line":289,"column":35}},"124":{"start":{"line":290,"column":6},"end":{"line":290,"column":20}},"125":{"start":{"line":292,"column":6},"end":{"line":292,"column":37}},"126":{"start":{"line":293,"column":6},"end":{"line":293,"column":18}},"127":{"start":{"line":298,"column":19},"end":{"line":301,"column":8}},"128":{"start":{"line":302,"column":4},"end":{"line":302,"column":30}},"129":{"start":{"line":306,"column":4},"end":{"line":308,"column":9}},"130":{"start":{"line":312,"column":4},"end":{"line":312,"column":39}},"131":{"start":{"line":313,"column":4},"end":{"line":313,"column":25}},"132":{"start":{"line":314,"column":4},"end":{"line":314,"column":77}},"133":{"start":{"line":315,"column":4},"end":{"line":315,"column":32}},"134":{"start":{"line":316,"column":4},"end":{"line":316,"column":48}},"135":{"start":{"line":320,"column":4},"end":{"line":320,"column":40}},"136":{"start":{"line":321,"column":4},"end":{"line":321,"column":78}},"137":{"start":{"line":322,"column":4},"end":{"line":322,"column":49}},"138":{"start":{"line":324,"column":27},"end":{"line":324,"column":59}},"139":{"start":{"line":326,"column":4},"end":{"line":330,"column":5}},"140":{"start":{"line":327,"column":6},"end":{"line":327,"column":73}},"141":{"start":{"line":328,"column":6},"end":{"line":328,"column":50}},"142":{"start":{"line":329,"column":6},"end":{"line":329,"column":13}},"143":{"start":{"line":332,"column":4},"end":{"line":332,"column":59}},"144":{"start":{"line":336,"column":4},"end":{"line":338,"column":5}},"145":{"start":{"line":337,"column":6},"end":{"line":337,"column":45}},"146":{"start":{"line":340,"column":4},"end":{"line":349,"column":5}},"147":{"start":{"line":341,"column":6},"end":{"line":348,"column":11}},"148":{"start":{"line":342,"column":27},"end":{"line":342,"column":67}},"149":{"start":{"line":343,"column":8},"end":{"line":345,"column":9}},"150":{"start":{"line":344,"column":10},"end":{"line":344,"column":34}},"151":{"start":{"line":346,"column":8},"end":{"line":346,"column":53}},"152":{"start":{"line":347,"column":8},"end":{"line":347,"column":26}},"153":{"start":{"line":351,"column":4},"end":{"line":355,"column":5}},"154":{"start":{"line":352,"column":6},"end":{"line":352,"column":66}},"155":{"start":{"line":354,"column":6},"end":{"line":354,"column":65}},"156":{"start":{"line":359,"column":4},"end":{"line":367,"column":5}},"157":{"start":{"line":360,"column":6},"end":{"line":360,"column":140}},"158":{"start":{"line":362,"column":22},"end":{"line":362,"column":32}},"159":{"start":{"line":363,"column":6},"end":{"line":365,"column":7}},"160":{"start":{"line":364,"column":8},"end":{"line":364,"column":82}},"161":{"start":{"line":366,"column":6},"end":{"line":366,"column":18}},"162":{"start":{"line":371,"column":25},"end":{"line":371,"column":80}},"163":{"start":{"line":373,"column":4},"end":{"line":378,"column":5}},"164":{"start":{"line":374,"column":6},"end":{"line":377,"column":8}},"165":{"start":{"line":379,"column":4},"end":{"line":384,"column":5}},"166":{"start":{"line":380,"column":6},"end":{"line":383,"column":8}},"167":{"start":{"line":385,"column":4},"end":{"line":390,"column":5}},"168":{"start":{"line":386,"column":6},"end":{"line":389,"column":8}},"169":{"start":{"line":391,"column":4},"end":{"line":396,"column":5}},"170":{"start":{"line":392,"column":6},"end":{"line":395,"column":8}},"171":{"start":{"line":400,"column":4},"end":{"line":402,"column":5}},"172":{"start":{"line":401,"column":6},"end":{"line":401,"column":92}},"173":{"start":{"line":406,"column":18},"end":{"line":411,"column":8}},"174":{"start":{"line":412,"column":4},"end":{"line":412,"column":30}},"175":{"start":{"line":416,"column":4},"end":{"line":418,"column":5}},"176":{"start":{"line":417,"column":6},"end":{"line":417,"column":65}},"177":{"start":{"line":419,"column":4},"end":{"line":419,"column":74}},"178":{"start":{"line":423,"column":28},"end":{"line":423,"column":69}},"179":{"start":{"line":424,"column":4},"end":{"line":432,"column":5}},"180":{"start":{"line":425,"column":6},"end":{"line":425,"column":136}},"181":{"start":{"line":426,"column":6},"end":{"line":428,"column":7}},"182":{"start":{"line":426,"column":25},"end":{"line":426,"column":43}},"183":{"start":{"line":427,"column":8},"end":{"line":427,"column":57}},"184":{"start":{"line":429,"column":6},"end":{"line":429,"column":76}},"185":{"start":{"line":431,"column":6},"end":{"line":431,"column":66}},"186":{"start":{"line":436,"column":22},"end":{"line":436,"column":65}},"187":{"start":{"line":436,"column":43},"end":{"line":436,"column":64}},"188":{"start":{"line":437,"column":4},"end":{"line":439,"column":5}},"189":{"start":{"line":438,"column":6},"end":{"line":438,"column":104}},"190":{"start":{"line":441,"column":4},"end":{"line":441,"column":63}},"191":{"start":{"line":445,"column":15},"end":{"line":445,"column":28}},"192":{"start":{"line":446,"column":24},"end":{"line":446,"column":72}},"193":{"start":{"line":448,"column":4},"end":{"line":453,"column":5}},"194":{"start":{"line":449,"column":6},"end":{"line":451,"column":7}},"195":{"start":{"line":450,"column":8},"end":{"line":450,"column":32}},"196":{"start":{"line":452,"column":6},"end":{"line":452,"column":13}},"197":{"start":{"line":455,"column":4},"end":{"line":455,"column":32}},"198":{"start":{"line":456,"column":4},"end":{"line":464,"column":5}},"199":{"start":{"line":457,"column":6},"end":{"line":459,"column":7}},"200":{"start":{"line":458,"column":8},"end":{"line":458,"column":32}},"201":{"start":{"line":460,"column":6},"end":{"line":460,"column":35}},"202":{"start":{"line":462,"column":6},"end":{"line":462,"column":37}},"203":{"start":{"line":463,"column":6},"end":{"line":463,"column":18}},"204":{"start":{"line":468,"column":4},"end":{"line":472,"column":7}},"205":{"start":{"line":469,"column":6},"end":{"line":471,"column":7}},"206":{"start":{"line":470,"column":8},"end":{"line":470,"column":40}},"207":{"start":{"line":473,"column":4},"end":{"line":473,"column":15}},"208":{"start":{"line":477,"column":20},"end":{"line":477,"column":30}},"209":{"start":{"line":478,"column":4},"end":{"line":480,"column":5}},"210":{"start":{"line":479,"column":6},"end":{"line":479,"column":19}},"211":{"start":{"line":482,"column":4},"end":{"line":487,"column":5}},"212":{"start":{"line":483,"column":6},"end":{"line":483,"column":26}},"213":{"start":{"line":484,"column":6},"end":{"line":484,"column":18}},"214":{"start":{"line":486,"column":6},"end":{"line":486,"column":19}},"215":{"start":{"line":491,"column":4},"end":{"line":493,"column":5}},"216":{"start":{"line":492,"column":6},"end":{"line":492,"column":126}},"217":{"start":{"line":495,"column":21},"end":{"line":495,"column":51}},"218":{"start":{"line":495,"column":41},"end":{"line":495,"column":50}},"219":{"start":{"line":496,"column":27},"end":{"line":496,"column":44}},"220":{"start":{"line":497,"column":4},"end":{"line":499,"column":5}},"221":{"start":{"line":498,"column":6},"end":{"line":498,"column":133}},"222":{"start":{"line":501,"column":4},"end":{"line":505,"column":5}},"223":{"start":{"line":501,"column":17},"end":{"line":501,"column":18}},"224":{"start":{"line":502,"column":6},"end":{"line":504,"column":7}},"225":{"start":{"line":503,"column":8},"end":{"line":503,"column":119}},"226":{"start":{"line":13,"column":0},"end":{"line":13,"column":13}},"227":{"start":{"line":18,"column":17},"end":{"line":25,"column":4}}},"fnMap":{"0":{"name":"(anonymous_0)","decl":{"start":{"line":27,"column":2},"end":{"line":27,"column":null}},"loc":{"start":{"line":34,"column":16},"end":{"line":43,"column":3}}},"1":{"name":"(anonymous_1)","decl":{"start":{"line":45,"column":2},"end":{"line":45,"column":8}},"loc":{"start":{"line":45,"column":21},"end":{"line":47,"column":3}}},"2":{"name":"(anonymous_2)","decl":{"start":{"line":48,"column":2},"end":{"line":48,"column":8}},"loc":{"start":{"line":48,"column":22},"end":{"line":50,"column":3}}},"3":{"name":"(anonymous_3)","decl":{"start":{"line":51,"column":2},"end":{"line":51,"column":8}},"loc":{"start":{"line":51,"column":17},"end":{"line":53,"column":3}}},"4":{"name":"(anonymous_4)","decl":{"start":{"line":54,"column":2},"end":{"line":54,"column":8}},"loc":{"start":{"line":54,"column":20},"end":{"line":56,"column":3}}},"5":{"name":"(anonymous_5)","decl":{"start":{"line":57,"column":2},"end":{"line":57,"column":8}},"loc":{"start":{"line":57,"column":21},"end":{"line":59,"column":3}}},"6":{"name":"(anonymous_6)","decl":{"start":{"line":60,"column":2},"end":{"line":60,"column":8}},"loc":{"start":{"line":60,"column":16},"end":{"line":62,"column":3}}},"7":{"name":"(anonymous_7)","decl":{"start":{"line":64,"column":2},"end":{"line":64,"column":11}},"loc":{"start":{"line":64,"column":44},"end":{"line":67,"column":3}}},"8":{"name":"(anonymous_8)","decl":{"start":{"line":69,"column":9},"end":{"line":69,"column":15}},"loc":{"start":{"line":69,"column":84},"end":{"line":73,"column":3}}},"9":{"name":"(anonymous_9)","decl":{"start":{"line":75,"column":2},"end":{"line":75,"column":8}},"loc":{"start":{"line":75,"column":8},"end":{"line":77,"column":3}}},"10":{"name":"(anonymous_10)","decl":{"start":{"line":78,"column":2},"end":{"line":78,"column":29}},"loc":{"start":{"line":78,"column":29},"end":{"line":80,"column":3}}},"11":{"name":"(anonymous_11)","decl":{"start":{"line":81,"column":2},"end":{"line":81,"column":9}},"loc":{"start":{"line":81,"column":9},"end":{"line":83,"column":3}}},"12":{"name":"(anonymous_12)","decl":{"start":{"line":84,"column":2},"end":{"line":84,"column":18}},"loc":{"start":{"line":84,"column":18},"end":{"line":86,"column":3}}},"13":{"name":"(anonymous_13)","decl":{"start":{"line":87,"column":2},"end":{"line":87,"column":19}},"loc":{"start":{"line":87,"column":19},"end":{"line":89,"column":3}}},"14":{"name":"(anonymous_14)","decl":{"start":{"line":90,"column":2},"end":{"line":90,"column":21}},"loc":{"start":{"line":90,"column":21},"end":{"line":92,"column":3}}},"15":{"name":"(anonymous_15)","decl":{"start":{"line":93,"column":2},"end":{"line":93,"column":9}},"loc":{"start":{"line":93,"column":30},"end":{"line":96,"column":3}}},"16":{"name":"(anonymous_16)","decl":{"start":{"line":97,"column":2},"end":{"line":97,"column":19}},"loc":{"start":{"line":97,"column":55},"end":{"line":101,"column":3}}},"17":{"name":"(anonymous_17)","decl":{"start":{"line":102,"column":2},"end":{"line":102,"column":20}},"loc":{"start":{"line":102,"column":52},"end":{"line":105,"column":3}}},"18":{"name":"(anonymous_18)","decl":{"start":{"line":106,"column":2},"end":{"line":106,"column":7}},"loc":{"start":{"line":106,"column":28},"end":{"line":109,"column":3}}},"19":{"name":"(anonymous_19)","decl":{"start":{"line":110,"column":2},"end":{"line":110,"column":17}},"loc":{"start":{"line":110,"column":53},"end":{"line":114,"column":3}}},"20":{"name":"(anonymous_20)","decl":{"start":{"line":115,"column":2},"end":{"line":115,"column":20}},"loc":{"start":{"line":115,"column":56},"end":{"line":119,"column":3}}},"21":{"name":"(anonymous_21)","decl":{"start":{"line":120,"column":2},"end":{"line":120,"column":21}},"loc":{"start":{"line":120,"column":21},"end":{"line":122,"column":3}}},"22":{"name":"(anonymous_22)","decl":{"start":{"line":123,"column":2},"end":{"line":123,"column":17}},"loc":{"start":{"line":123,"column":36},"end":{"line":126,"column":3}}},"23":{"name":"(anonymous_23)","decl":{"start":{"line":127,"column":2},"end":{"line":127,"column":18}},"loc":{"start":{"line":127,"column":35},"end":{"line":130,"column":3}}},"24":{"name":"(anonymous_24)","decl":{"start":{"line":131,"column":2},"end":{"line":131,"column":23}},"loc":{"start":{"line":131,"column":41},"end":{"line":134,"column":3}}},"25":{"name":"(anonymous_25)","decl":{"start":{"line":136,"column":2},"end":{"line":136,"column":8}},"loc":{"start":{"line":136,"column":15},"end":{"line":138,"column":3}}},"26":{"name":"(anonymous_26)","decl":{"start":{"line":140,"column":9},"end":{"line":140,"column":15}},"loc":{"start":{"line":140,"column":28},"end":{"line":143,"column":3}}},"27":{"name":"(anonymous_27)","decl":{"start":{"line":145,"column":9},"end":{"line":145,"column":15}},"loc":{"start":{"line":145,"column":49},"end":{"line":178,"column":3}}},"28":{"name":"(anonymous_28)","decl":{"start":{"line":180,"column":9},"end":{"line":180,"column":15}},"loc":{"start":{"line":180,"column":29},"end":{"line":186,"column":3}}},"29":{"name":"(anonymous_29)","decl":{"start":{"line":188,"column":9},"end":{"line":188,"column":15}},"loc":{"start":{"line":188,"column":38},"end":{"line":196,"column":3}}},"30":{"name":"(anonymous_30)","decl":{"start":{"line":198,"column":9},"end":{"line":198,"column":15}},"loc":{"start":{"line":198,"column":39},"end":{"line":201,"column":3}}},"31":{"name":"(anonymous_31)","decl":{"start":{"line":203,"column":9},"end":{"line":203,"column":15}},"loc":{"start":{"line":203,"column":41},"end":{"line":206,"column":3}}},"32":{"name":"(anonymous_32)","decl":{"start":{"line":208,"column":9},"end":{"line":208,"column":15}},"loc":{"start":{"line":208,"column":50},"end":{"line":226,"column":3}}},"33":{"name":"(anonymous_33)","decl":{"start":{"line":228,"column":9},"end":{"line":228,"column":15}},"loc":{"start":{"line":228,"column":75},"end":{"line":247,"column":3}}},"34":{"name":"(anonymous_34)","decl":{"start":{"line":249,"column":9},"end":{"line":249,"column":15}},"loc":{"start":{"line":249,"column":48},"end":{"line":259,"column":3}}},"35":{"name":"(anonymous_35)","decl":{"start":{"line":258,"column":30},"end":{"line":258,"column":31}},"loc":{"start":{"line":258,"column":44},"end":{"line":258,"column":62}}},"36":{"name":"(anonymous_36)","decl":{"start":{"line":261,"column":9},"end":{"line":261,"column":15}},"loc":{"start":{"line":261,"column":73},"end":{"line":271,"column":3}}},"37":{"name":"(anonymous_37)","decl":{"start":{"line":270,"column":30},"end":{"line":270,"column":31}},"loc":{"start":{"line":270,"column":44},"end":{"line":270,"column":62}}},"38":{"name":"(anonymous_38)","decl":{"start":{"line":273,"column":9},"end":{"line":273,"column":15}},"loc":{"start":{"line":273,"column":76},"end":{"line":276,"column":3}}},"39":{"name":"(anonymous_39)","decl":{"start":{"line":278,"column":9},"end":{"line":278,"column":15}},"loc":{"start":{"line":278,"column":72},"end":{"line":295,"column":3}}},"40":{"name":"(anonymous_40)","decl":{"start":{"line":297,"column":9},"end":{"line":297,"column":15}},"loc":{"start":{"line":297,"column":41},"end":{"line":303,"column":3}}},"41":{"name":"(anonymous_41)","decl":{"start":{"line":305,"column":9},"end":{"line":305,"column":15}},"loc":{"start":{"line":305,"column":56},"end":{"line":309,"column":3}}},"42":{"name":"(anonymous_42)","decl":{"start":{"line":311,"column":9},"end":{"line":311,"column":15}},"loc":{"start":{"line":311,"column":79},"end":{"line":317,"column":3}}},"43":{"name":"(anonymous_43)","decl":{"start":{"line":319,"column":9},"end":{"line":319,"column":15}},"loc":{"start":{"line":319,"column":85},"end":{"line":333,"column":3}}},"44":{"name":"(anonymous_44)","decl":{"start":{"line":335,"column":10},"end":{"line":335,"column":16}},"loc":{"start":{"line":335,"column":35},"end":{"line":356,"column":3}}},"45":{"name":"(anonymous_45)","decl":{"start":{"line":341,"column":56},"end":{"line":341,"column":61}},"loc":{"start":{"line":341,"column":67},"end":{"line":348,"column":7}}},"46":{"name":"(anonymous_46)","decl":{"start":{"line":358,"column":10},"end":{"line":358,"column":16}},"loc":{"start":{"line":358,"column":66},"end":{"line":368,"column":3}}},"47":{"name":"(anonymous_47)","decl":{"start":{"line":370,"column":10},"end":{"line":370,"column":16}},"loc":{"start":{"line":370,"column":41},"end":{"line":397,"column":3}}},"48":{"name":"(anonymous_48)","decl":{"start":{"line":399,"column":10},"end":{"line":399,"column":16}},"loc":{"start":{"line":399,"column":40},"end":{"line":403,"column":3}}},"49":{"name":"(anonymous_49)","decl":{"start":{"line":405,"column":10},"end":{"line":405,"column":16}},"loc":{"start":{"line":405,"column":54},"end":{"line":413,"column":3}}},"50":{"name":"(anonymous_50)","decl":{"start":{"line":415,"column":10},"end":{"line":415,"column":16}},"loc":{"start":{"line":415,"column":85},"end":{"line":420,"column":3}}},"51":{"name":"(anonymous_51)","decl":{"start":{"line":422,"column":10},"end":{"line":422,"column":16}},"loc":{"start":{"line":422,"column":104},"end":{"line":433,"column":3}}},"52":{"name":"(anonymous_52)","decl":{"start":{"line":435,"column":10},"end":{"line":435,"column":16}},"loc":{"start":{"line":435,"column":98},"end":{"line":442,"column":3}}},"53":{"name":"(anonymous_53)","decl":{"start":{"line":436,"column":38},"end":{"line":436,"column":39}},"loc":{"start":{"line":436,"column":43},"end":{"line":436,"column":64}}},"54":{"name":"(anonymous_54)","decl":{"start":{"line":444,"column":10},"end":{"line":444,"column":16}},"loc":{"start":{"line":444,"column":73},"end":{"line":465,"column":3}}},"55":{"name":"(anonymous_55)","decl":{"start":{"line":467,"column":10},"end":{"line":467,"column":16}},"loc":{"start":{"line":467,"column":34},"end":{"line":474,"column":3}}},"56":{"name":"(anonymous_56)","decl":{"start":{"line":468,"column":29},"end":{"line":468,"column":32}},"loc":{"start":{"line":468,"column":35},"end":{"line":472,"column":5}}},"57":{"name":"(anonymous_57)","decl":{"start":{"line":476,"column":10},"end":{"line":476,"column":16}},"loc":{"start":{"line":476,"column":41},"end":{"line":488,"column":3}}},"58":{"name":"(anonymous_58)","decl":{"start":{"line":490,"column":10},"end":{"line":490,"column":16}},"loc":{"start":{"line":490,"column":77},"end":{"line":506,"column":3}}},"59":{"name":"(anonymous_59)","decl":{"start":{"line":495,"column":36},"end":{"line":495,"column":37}},"loc":{"start":{"line":495,"column":41},"end":{"line":495,"column":50}}}},"branchMap":{"0":{"loc":{"start":{"line":141,"column":4},"end":{"line":141,"column":55}},"type":"if","locations":[{"start":{"line":141,"column":4},"end":{"line":141,"column":55}}]},"1":{"loc":{"start":{"line":142,"column":11},"end":{"line":142,"column":77}},"type":"cond-expr","locations":[{"start":{"line":142,"column":68},"end":{"line":142,"column":72}},{"start":{"line":142,"column":72},"end":{"line":142,"column":77}}]},"2":{"loc":{"start":{"line":142,"column":11},"end":{"line":142,"column":72}},"type":"binary-expr","locations":[{"start":{"line":142,"column":11},"end":{"line":142,"column":72}},{"start":{"line":142,"column":68},"end":{"line":142,"column":72}}]},"3":{"loc":{"start":{"line":152,"column":27},"end":{"line":152,"column":84}},"type":"cond-expr","locations":[{"start":{"line":152,"column":76},"end":{"line":152,"column":78}},{"start":{"line":152,"column":76},"end":{"line":152,"column":84}}]},"4":{"loc":{"start":{"line":152,"column":27},"end":{"line":152,"column":78}},"type":"binary-expr","locations":[{"start":{"line":152,"column":27},"end":{"line":152,"column":78}},{"start":{"line":152,"column":76},"end":{"line":152,"column":78}}]},"5":{"loc":{"start":{"line":153,"column":6},"end":{"line":156,"column":7}},"type":"if","locations":[{"start":{"line":153,"column":6},"end":{"line":156,"column":7}}]},"6":{"loc":{"start":{"line":168,"column":6},"end":{"line":171,"column":7}},"type":"if","locations":[{"start":{"line":168,"column":6},"end":{"line":171,"column":7}}]},"7":{"loc":{"start":{"line":182,"column":4},"end":{"line":185,"column":5}},"type":"if","locations":[{"start":{"line":182,"column":4},"end":{"line":185,"column":5}}]},"8":{"loc":{"start":{"line":190,"column":4},"end":{"line":193,"column":5}},"type":"if","locations":[{"start":{"line":190,"column":4},"end":{"line":193,"column":5}}]},"9":{"loc":{"start":{"line":209,"column":4},"end":{"line":211,"column":5}},"type":"if","locations":[{"start":{"line":209,"column":4},"end":{"line":211,"column":5}}]},"10":{"loc":{"start":{"line":217,"column":19},"end":{"line":217,"column":47}},"type":"cond-expr","locations":[{"start":{"line":217,"column":41},"end":{"line":217,"column":45}},{"start":{"line":217,"column":45},"end":{"line":217,"column":47}}]},"11":{"loc":{"start":{"line":217,"column":19},"end":{"line":217,"column":45}},"type":"binary-expr","locations":[{"start":{"line":217,"column":19},"end":{"line":217,"column":45}},{"start":{"line":217,"column":41},"end":{"line":217,"column":45}}]},"12":{"loc":{"start":{"line":217,"column":19},"end":{"line":217,"column":41}},"type":"cond-expr","locations":[{"start":{"line":217,"column":33},"end":{"line":217,"column":35}},{"start":{"line":217,"column":33},"end":{"line":217,"column":41}}]},"13":{"loc":{"start":{"line":217,"column":19},"end":{"line":217,"column":35}},"type":"binary-expr","locations":[{"start":{"line":217,"column":19},"end":{"line":217,"column":35}},{"start":{"line":217,"column":33},"end":{"line":217,"column":35}}]},"14":{"loc":{"start":{"line":218,"column":20},"end":{"line":218,"column":48}},"type":"cond-expr","locations":[{"start":{"line":218,"column":43},"end":{"line":218,"column":47}},{"start":{"line":218,"column":47},"end":{"line":218,"column":48}}]},"15":{"loc":{"start":{"line":218,"column":20},"end":{"line":218,"column":47}},"type":"binary-expr","locations":[{"start":{"line":218,"column":20},"end":{"line":218,"column":47}},{"start":{"line":218,"column":43},"end":{"line":218,"column":47}}]},"16":{"loc":{"start":{"line":218,"column":20},"end":{"line":218,"column":43}},"type":"cond-expr","locations":[{"start":{"line":218,"column":34},"end":{"line":218,"column":36}},{"start":{"line":218,"column":34},"end":{"line":218,"column":43}}]},"17":{"loc":{"start":{"line":218,"column":20},"end":{"line":218,"column":36}},"type":"binary-expr","locations":[{"start":{"line":218,"column":20},"end":{"line":218,"column":36}},{"start":{"line":218,"column":34},"end":{"line":218,"column":36}}]},"18":{"loc":{"start":{"line":223,"column":14},"end":{"line":223,"column":26}},"type":"cond-expr","locations":[{"start":{"line":223,"column":14},"end":{"line":223,"column":20}},{"start":{"line":223,"column":24},"end":{"line":223,"column":26}}]},"19":{"loc":{"start":{"line":223,"column":14},"end":{"line":223,"column":24}},"type":"binary-expr","locations":[{"start":{"line":223,"column":14},"end":{"line":223,"column":24}},{"start":{"line":223,"column":14},"end":{"line":223,"column":24}}]},"20":{"loc":{"start":{"line":224,"column":21},"end":{"line":224,"column":49}},"type":"cond-expr","locations":[{"start":{"line":224,"column":43},"end":{"line":224,"column":47}},{"start":{"line":224,"column":47},"end":{"line":224,"column":49}}]},"21":{"loc":{"start":{"line":224,"column":21},"end":{"line":224,"column":47}},"type":"binary-expr","locations":[{"start":{"line":224,"column":21},"end":{"line":224,"column":47}},{"start":{"line":224,"column":43},"end":{"line":224,"column":47}}]},"22":{"loc":{"start":{"line":229,"column":4},"end":{"line":231,"column":5}},"type":"if","locations":[{"start":{"line":229,"column":4},"end":{"line":231,"column":5}}]},"23":{"loc":{"start":{"line":238,"column":19},"end":{"line":238,"column":47}},"type":"cond-expr","locations":[{"start":{"line":238,"column":41},"end":{"line":238,"column":45}},{"start":{"line":238,"column":45},"end":{"line":238,"column":47}}]},"24":{"loc":{"start":{"line":238,"column":19},"end":{"line":238,"column":45}},"type":"binary-expr","locations":[{"start":{"line":238,"column":19},"end":{"line":238,"column":45}},{"start":{"line":238,"column":41},"end":{"line":238,"column":45}}]},"25":{"loc":{"start":{"line":238,"column":19},"end":{"line":238,"column":41}},"type":"cond-expr","locations":[{"start":{"line":238,"column":33},"end":{"line":238,"column":35}},{"start":{"line":238,"column":33},"end":{"line":238,"column":41}}]},"26":{"loc":{"start":{"line":238,"column":19},"end":{"line":238,"column":35}},"type":"binary-expr","locations":[{"start":{"line":238,"column":19},"end":{"line":238,"column":35}},{"start":{"line":238,"column":33},"end":{"line":238,"column":35}}]},"27":{"loc":{"start":{"line":239,"column":20},"end":{"line":239,"column":48}},"type":"cond-expr","locations":[{"start":{"line":239,"column":43},"end":{"line":239,"column":47}},{"start":{"line":239,"column":47},"end":{"line":239,"column":48}}]},"28":{"loc":{"start":{"line":239,"column":20},"end":{"line":239,"column":47}},"type":"binary-expr","locations":[{"start":{"line":239,"column":20},"end":{"line":239,"column":47}},{"start":{"line":239,"column":43},"end":{"line":239,"column":47}}]},"29":{"loc":{"start":{"line":239,"column":20},"end":{"line":239,"column":43}},"type":"cond-expr","locations":[{"start":{"line":239,"column":34},"end":{"line":239,"column":36}},{"start":{"line":239,"column":34},"end":{"line":239,"column":43}}]},"30":{"loc":{"start":{"line":239,"column":20},"end":{"line":239,"column":36}},"type":"binary-expr","locations":[{"start":{"line":239,"column":20},"end":{"line":239,"column":36}},{"start":{"line":239,"column":34},"end":{"line":239,"column":36}}]},"31":{"loc":{"start":{"line":244,"column":14},"end":{"line":244,"column":26}},"type":"cond-expr","locations":[{"start":{"line":244,"column":14},"end":{"line":244,"column":20}},{"start":{"line":244,"column":24},"end":{"line":244,"column":26}}]},"32":{"loc":{"start":{"line":244,"column":14},"end":{"line":244,"column":24}},"type":"binary-expr","locations":[{"start":{"line":244,"column":14},"end":{"line":244,"column":24}},{"start":{"line":244,"column":14},"end":{"line":244,"column":24}}]},"33":{"loc":{"start":{"line":245,"column":21},"end":{"line":245,"column":49}},"type":"cond-expr","locations":[{"start":{"line":245,"column":43},"end":{"line":245,"column":47}},{"start":{"line":245,"column":47},"end":{"line":245,"column":49}}]},"34":{"loc":{"start":{"line":245,"column":21},"end":{"line":245,"column":47}},"type":"binary-expr","locations":[{"start":{"line":245,"column":21},"end":{"line":245,"column":47}},{"start":{"line":245,"column":43},"end":{"line":245,"column":47}}]},"35":{"loc":{"start":{"line":250,"column":4},"end":{"line":252,"column":5}},"type":"if","locations":[{"start":{"line":250,"column":4},"end":{"line":252,"column":5}}]},"36":{"loc":{"start":{"line":258,"column":11},"end":{"line":258,"column":69}},"type":"cond-expr","locations":[{"start":{"line":258,"column":63},"end":{"line":258,"column":67}},{"start":{"line":258,"column":67},"end":{"line":258,"column":69}}]},"37":{"loc":{"start":{"line":258,"column":11},"end":{"line":258,"column":67}},"type":"binary-expr","locations":[{"start":{"line":258,"column":11},"end":{"line":258,"column":67}},{"start":{"line":258,"column":63},"end":{"line":258,"column":67}}]},"38":{"loc":{"start":{"line":258,"column":11},"end":{"line":258,"column":63}},"type":"cond-expr","locations":[{"start":{"line":258,"column":24},"end":{"line":258,"column":26}},{"start":{"line":258,"column":24},"end":{"line":258,"column":63}}]},"39":{"loc":{"start":{"line":258,"column":11},"end":{"line":258,"column":26}},"type":"binary-expr","locations":[{"start":{"line":258,"column":11},"end":{"line":258,"column":26}},{"start":{"line":258,"column":24},"end":{"line":258,"column":26}}]},"40":{"loc":{"start":{"line":262,"column":4},"end":{"line":264,"column":5}},"type":"if","locations":[{"start":{"line":262,"column":4},"end":{"line":264,"column":5}}]},"41":{"loc":{"start":{"line":270,"column":11},"end":{"line":270,"column":69}},"type":"cond-expr","locations":[{"start":{"line":270,"column":63},"end":{"line":270,"column":67}},{"start":{"line":270,"column":67},"end":{"line":270,"column":69}}]},"42":{"loc":{"start":{"line":270,"column":11},"end":{"line":270,"column":67}},"type":"binary-expr","locations":[{"start":{"line":270,"column":11},"end":{"line":270,"column":67}},{"start":{"line":270,"column":63},"end":{"line":270,"column":67}}]},"43":{"loc":{"start":{"line":270,"column":11},"end":{"line":270,"column":63}},"type":"cond-expr","locations":[{"start":{"line":270,"column":24},"end":{"line":270,"column":26}},{"start":{"line":270,"column":24},"end":{"line":270,"column":63}}]},"44":{"loc":{"start":{"line":270,"column":11},"end":{"line":270,"column":26}},"type":"binary-expr","locations":[{"start":{"line":270,"column":11},"end":{"line":270,"column":26}},{"start":{"line":270,"column":24},"end":{"line":270,"column":26}}]},"45":{"loc":{"start":{"line":275,"column":11},"end":{"line":275,"column":26}},"type":"cond-expr","locations":[{"start":{"line":275,"column":18},"end":{"line":275,"column":22}},{"start":{"line":275,"column":22},"end":{"line":275,"column":26}}]},"46":{"loc":{"start":{"line":275,"column":11},"end":{"line":275,"column":22}},"type":"binary-expr","locations":[{"start":{"line":275,"column":11},"end":{"line":275,"column":22}},{"start":{"line":275,"column":18},"end":{"line":275,"column":22}}]},"47":{"loc":{"start":{"line":280,"column":24},"end":{"line":280,"column":72}},"type":"cond-expr","locations":[{"start":{"line":280,"column":63},"end":{"line":280,"column":67}},{"start":{"line":280,"column":67},"end":{"line":280,"column":72}}]},"48":{"loc":{"start":{"line":280,"column":24},"end":{"line":280,"column":67}},"type":"binary-expr","locations":[{"start":{"line":280,"column":24},"end":{"line":280,"column":67}},{"start":{"line":280,"column":63},"end":{"line":280,"column":67}}]},"49":{"loc":{"start":{"line":282,"column":4},"end":{"line":284,"column":5}},"type":"if","locations":[{"start":{"line":282,"column":4},"end":{"line":284,"column":5}}]},"50":{"loc":{"start":{"line":302,"column":11},"end":{"line":302,"column":29}},"type":"cond-expr","locations":[{"start":{"line":302,"column":20},"end":{"line":302,"column":22}},{"start":{"line":302,"column":20},"end":{"line":302,"column":29}}]},"51":{"loc":{"start":{"line":302,"column":11},"end":{"line":302,"column":22}},"type":"binary-expr","locations":[{"start":{"line":302,"column":11},"end":{"line":302,"column":22}},{"start":{"line":302,"column":20},"end":{"line":302,"column":22}}]},"52":{"loc":{"start":{"line":326,"column":4},"end":{"line":330,"column":5}},"type":"if","locations":[{"start":{"line":326,"column":4},"end":{"line":330,"column":5}}]},"53":{"loc":{"start":{"line":336,"column":4},"end":{"line":338,"column":5}},"type":"if","locations":[{"start":{"line":336,"column":4},"end":{"line":338,"column":5}}]},"54":{"loc":{"start":{"line":340,"column":4},"end":{"line":349,"column":5}},"type":"if","locations":[{"start":{"line":340,"column":4},"end":{"line":349,"column":5}}]},"55":{"loc":{"start":{"line":343,"column":8},"end":{"line":345,"column":9}},"type":"if","locations":[{"start":{"line":343,"column":8},"end":{"line":345,"column":9}}]},"56":{"loc":{"start":{"line":363,"column":6},"end":{"line":365,"column":7}},"type":"if","locations":[{"start":{"line":363,"column":6},"end":{"line":365,"column":7}}]},"57":{"loc":{"start":{"line":363,"column":10},"end":{"line":363,"column":97}},"type":"binary-expr","locations":[{"start":{"line":363,"column":10},"end":{"line":363,"column":54}},{"start":{"line":363,"column":58},"end":{"line":363,"column":97}}]},"58":{"loc":{"start":{"line":373,"column":4},"end":{"line":378,"column":5}},"type":"if","locations":[{"start":{"line":373,"column":4},"end":{"line":378,"column":5}}]},"59":{"loc":{"start":{"line":379,"column":4},"end":{"line":384,"column":5}},"type":"if","locations":[{"start":{"line":379,"column":4},"end":{"line":384,"column":5}}]},"60":{"loc":{"start":{"line":379,"column":9},"end":{"line":379,"column":37}},"type":"cond-expr","locations":[{"start":{"line":379,"column":29},"end":{"line":379,"column":31}},{"start":{"line":379,"column":29},"end":{"line":379,"column":37}}]},"61":{"loc":{"start":{"line":379,"column":9},"end":{"line":379,"column":31}},"type":"binary-expr","locations":[{"start":{"line":379,"column":9},"end":{"line":379,"column":31}},{"start":{"line":379,"column":29},"end":{"line":379,"column":31}}]},"62":{"loc":{"start":{"line":385,"column":4},"end":{"line":390,"column":5}},"type":"if","locations":[{"start":{"line":385,"column":4},"end":{"line":390,"column":5}}]},"63":{"loc":{"start":{"line":385,"column":8},"end":{"line":385,"column":77}},"type":"binary-expr","locations":[{"start":{"line":385,"column":8},"end":{"line":385,"column":37}},{"start":{"line":385,"column":37},"end":{"line":385,"column":77}}]},"64":{"loc":{"start":{"line":385,"column":9},"end":{"line":385,"column":33}},"type":"cond-expr","locations":[{"start":{"line":385,"column":25},"end":{"line":385,"column":27}},{"start":{"line":385,"column":25},"end":{"line":385,"column":33}}]},"65":{"loc":{"start":{"line":385,"column":9},"end":{"line":385,"column":27}},"type":"binary-expr","locations":[{"start":{"line":385,"column":9},"end":{"line":385,"column":27}},{"start":{"line":385,"column":25},"end":{"line":385,"column":27}}]},"66":{"loc":{"start":{"line":391,"column":4},"end":{"line":396,"column":5}},"type":"if","locations":[{"start":{"line":391,"column":4},"end":{"line":396,"column":5}}]},"67":{"loc":{"start":{"line":391,"column":8},"end":{"line":391,"column":74}},"type":"binary-expr","locations":[{"start":{"line":391,"column":8},"end":{"line":391,"column":46}},{"start":{"line":391,"column":50},"end":{"line":391,"column":74}}]},"68":{"loc":{"start":{"line":400,"column":4},"end":{"line":402,"column":5}},"type":"if","locations":[{"start":{"line":400,"column":4},"end":{"line":402,"column":5}}]},"69":{"loc":{"start":{"line":400,"column":8},"end":{"line":400,"column":46}},"type":"binary-expr","locations":[{"start":{"line":400,"column":8},"end":{"line":400,"column":31}},{"start":{"line":400,"column":35},"end":{"line":400,"column":46}}]},"70":{"loc":{"start":{"line":424,"column":4},"end":{"line":432,"column":5}},"type":"if","locations":[{"start":{"line":424,"column":4},"end":{"line":432,"column":5}},{"start":{"line":430,"column":11},"end":{"line":432,"column":5}}]},"71":{"loc":{"start":{"line":437,"column":4},"end":{"line":439,"column":5}},"type":"if","locations":[{"start":{"line":437,"column":4},"end":{"line":439,"column":5}}]},"72":{"loc":{"start":{"line":446,"column":24},"end":{"line":446,"column":72}},"type":"cond-expr","locations":[{"start":{"line":446,"column":63},"end":{"line":446,"column":67}},{"start":{"line":446,"column":67},"end":{"line":446,"column":72}}]},"73":{"loc":{"start":{"line":446,"column":24},"end":{"line":446,"column":67}},"type":"binary-expr","locations":[{"start":{"line":446,"column":24},"end":{"line":446,"column":67}},{"start":{"line":446,"column":63},"end":{"line":446,"column":67}}]},"74":{"loc":{"start":{"line":448,"column":4},"end":{"line":453,"column":5}},"type":"if","locations":[{"start":{"line":448,"column":4},"end":{"line":453,"column":5}}]},"75":{"loc":{"start":{"line":469,"column":6},"end":{"line":471,"column":7}},"type":"if","locations":[{"start":{"line":469,"column":6},"end":{"line":471,"column":7}}]},"76":{"loc":{"start":{"line":469,"column":10},"end":{"line":469,"column":69}},"type":"binary-expr","locations":[{"start":{"line":469,"column":10},"end":{"line":469,"column":38}},{"start":{"line":469,"column":42},"end":{"line":469,"column":69}}]},"77":{"loc":{"start":{"line":478,"column":4},"end":{"line":480,"column":5}},"type":"if","locations":[{"start":{"line":478,"column":4},"end":{"line":480,"column":5}}]},"78":{"loc":{"start":{"line":478,"column":10},"end":{"line":478,"column":60}},"type":"binary-expr","locations":[{"start":{"line":478,"column":10},"end":{"line":478,"column":33}},{"start":{"line":478,"column":37},"end":{"line":478,"column":60}}]},"79":{"loc":{"start":{"line":491,"column":4},"end":{"line":493,"column":5}},"type":"if","locations":[{"start":{"line":491,"column":4},"end":{"line":493,"column":5}}]},"80":{"loc":{"start":{"line":491,"column":8},"end":{"line":491,"column":61}},"type":"binary-expr","locations":[{"start":{"line":491,"column":8},"end":{"line":491,"column":34}},{"start":{"line":491,"column":38},"end":{"line":491,"column":61}}]},"81":{"loc":{"start":{"line":497,"column":4},"end":{"line":499,"column":5}},"type":"if","locations":[{"start":{"line":497,"column":4},"end":{"line":499,"column":5}}]},"82":{"loc":{"start":{"line":502,"column":6},"end":{"line":504,"column":7}},"type":"if","locations":[{"start":{"line":502,"column":6},"end":{"line":504,"column":7}}]}},"s":{"0":2,"1":2,"2":8,"3":8,"4":8,"5":8,"6":8,"7":8,"8":8,"9":0,"10":0,"11":0,"12":0,"13":0,"14":0,"15":0,"16":0,"17":32,"18":32,"19":32,"20":0,"21":0,"22":0,"23":0,"24":0,"25":0,"26":0,"27":0,"28":0,"29":0,"30":0,"31":0,"32":0,"33":0,"34":0,"35":0,"36":0,"37":0,"38":0,"39":0,"40":0,"41":0,"42":0,"43":0,"44":0,"45":0,"46":0,"47":0,"48":24,"49":0,"50":0,"51":0,"52":9,"53":9,"54":6,"55":6,"56":6,"57":0,"58":0,"59":6,"60":6,"61":6,"62":4,"63":2,"64":6,"65":2,"66":2,"67":6,"68":0,"69":0,"70":1,"71":1,"72":1,"73":1,"74":2,"75":2,"76":1,"77":1,"78":1,"79":1,"80":1,"81":1,"82":1,"83":1,"84":5,"85":0,"86":5,"87":3,"88":3,"89":2,"90":2,"91":2,"92":1,"93":0,"94":1,"95":1,"96":1,"97":1,"98":1,"99":1,"100":4,"101":0,"102":4,"103":4,"104":4,"105":4,"106":3,"107":3,"108":0,"109":3,"110":3,"111":3,"112":3,"113":2,"114":2,"115":2,"116":2,"117":2,"118":2,"119":0,"120":2,"121":2,"122":2,"123":1,"124":1,"125":1,"126":1,"127":2,"128":2,"129":0,"130":0,"131":0,"132":0,"133":0,"134":0,"135":5,"136":2,"137":2,"138":2,"139":2,"140":1,"141":1,"142":0,"143":1,"144":24,"145":16,"146":8,"147":6,"148":6,"149":6,"150":3,"151":6,"152":6,"153":8,"154":8,"155":8,"156":2,"157":2,"158":1,"159":1,"160":1,"161":0,"162":9,"163":9,"164":1,"165":8,"166":0,"167":8,"168":1,"169":7,"170":1,"171":13,"172":2,"173":2,"174":2,"175":1,"176":1,"177":0,"178":1,"179":1,"180":1,"181":1,"182":1,"183":1,"184":0,"185":0,"186":1,"187":2,"188":1,"189":1,"190":0,"191":1,"192":1,"193":1,"194":0,"195":0,"196":0,"197":1,"198":1,"199":1,"200":1,"201":0,"202":1,"203":1,"204":5,"205":11,"206":2,"207":5,"208":8,"209":8,"210":5,"211":3,"212":3,"213":2,"214":1,"215":5,"216":1,"217":4,"218":7,"219":4,"220":4,"221":1,"222":3,"223":3,"224":2,"225":1,"226":2,"227":2},"f":{"0":8,"1":0,"2":0,"3":0,"4":0,"5":0,"6":0,"7":0,"8":32,"9":0,"10":0,"11":0,"12":0,"13":0,"14":0,"15":0,"16":0,"17":0,"18":0,"19":0,"20":0,"21":0,"22":0,"23":0,"24":0,"25":24,"26":0,"27":9,"28":1,"29":2,"30":1,"31":1,"32":5,"33":1,"34":4,"35":3,"36":3,"37":2,"38":2,"39":2,"40":2,"41":0,"42":0,"43":5,"44":24,"45":6,"46":2,"47":9,"48":13,"49":2,"50":1,"51":1,"52":1,"53":2,"54":1,"55":5,"56":11,"57":8,"58":5,"59":7},"b":{"0":[0],"1":[0,0],"2":[0,0],"3":[0,6],"4":[6,6],"5":[0],"6":[2],"7":[1],"8":[1],"9":[0],"10":[2,0],"11":[2,2],"12":[0,2],"13":[2,2],"14":[2,0],"15":[2,2],"16":[0,2],"17":[2,2],"18":[2,0],"19":[2,2],"20":[2,0],"21":[2,2],"22":[0],"23":[1,0],"24":[1,1],"25":[0,1],"26":[1,1],"27":[1,0],"28":[1,1],"29":[0,1],"30":[1,1],"31":[1,0],"32":[1,1],"33":[1,0],"34":[1,1],"35":[0],"36":[4,0],"37":[4,4],"38":[0,4],"39":[4,4],"40":[0],"41":[3,0],"42":[3,3],"43":[0,3],"44":[3,3],"45":[1,1],"46":[2,2],"47":[2,0],"48":[2,2],"49":[0],"50":[1,1],"51":[2,2],"52":[1],"53":[16],"54":[6],"55":[3],"56":[1],"57":[1,1],"58":[1],"59":[0],"60":[0,8],"61":[8,8],"62":[1],"63":[8,8],"64":[0,8],"65":[8,8],"66":[1],"67":[7,7],"68":[2],"69":[13,13],"70":[1,0],"71":[1],"72":[1,0],"73":[1,1],"74":[0],"75":[2],"76":[11,8],"77":[5],"78":[8,6],"79":[1],"80":[5,5],"81":[1],"82":[1]}}
,"/home/guilherme/Documentos/projetos/orm-sqlite/src/decoratiors/decoratiors.orm.ts": {"path":"/home/guilherme/Documentos/projetos/orm-sqlite/src/decoratiors/decoratiors.orm.ts","statementMap":{"0":{"start":{"line":11,"column":0},"end":{"line":11,"column":16}},"1":{"start":{"line":23,"column":0},"end":{"line":23,"column":16}},"2":{"start":{"line":36,"column":0},"end":{"line":36,"column":16}},"3":{"start":{"line":45,"column":0},"end":{"line":45,"column":16}},"4":{"start":{"line":54,"column":0},"end":{"line":54,"column":16}},"5":{"start":{"line":63,"column":0},"end":{"line":63,"column":16}},"6":{"start":{"line":72,"column":0},"end":{"line":72,"column":16}},"7":{"start":{"line":77,"column":0},"end":{"line":77,"column":16}},"8":{"start":{"line":87,"column":0},"end":{"line":87,"column":16}},"9":{"start":{"line":92,"column":0},"end":{"line":92,"column":16}},"10":{"start":{"line":97,"column":0},"end":{"line":97,"column":16}},"11":{"start":{"line":102,"column":0},"end":{"line":102,"column":16}},"12":{"start":{"line":107,"column":0},"end":{"line":107,"column":16}},"13":{"start":{"line":112,"column":0},"end":{"line":112,"column":16}},"14":{"start":{"line":1,"column":0},"end":{"line":1,"column":60}},"15":{"start":{"line":2,"column":0},"end":{"line":2,"column":100}},"16":{"start":{"line":5,"column":2},"end":{"line":7,"column":3}},"17":{"start":{"line":6,"column":4},"end":{"line":6,"column":54}},"18":{"start":{"line":12,"column":2},"end":{"line":19,"column":4}},"19":{"start":{"line":13,"column":4},"end":{"line":13,"column":34}},"20":{"start":{"line":14,"column":4},"end":{"line":18,"column":5}},"21":{"start":{"line":15,"column":6},"end":{"line":17,"column":7}},"22":{"start":{"line":16,"column":8},"end":{"line":16,"column":17}},"23":{"start":{"line":24,"column":2},"end":{"line":32,"column":4}},"24":{"start":{"line":25,"column":4},"end":{"line":25,"column":34}},"25":{"start":{"line":26,"column":4},"end":{"line":31,"column":7}},"26":{"start":{"line":27,"column":6},"end":{"line":27,"column":60}},"27":{"start":{"line":28,"column":6},"end":{"line":30,"column":7}},"28":{"start":{"line":29,"column":8},"end":{"line":29,"column":66}},"29":{"start":{"line":37,"column":2},"end":{"line":42,"column":4}},"30":{"start":{"line":38,"column":4},"end":{"line":38,"column":34}},"31":{"start":{"line":39,"column":4},"end":{"line":41,"column":7}},"32":{"start":{"line":40,"column":6},"end":{"line":40,"column":63}},"33":{"start":{"line":46,"column":2},"end":{"line":51,"column":4}},"34":{"start":{"line":47,"column":4},"end":{"line":47,"column":34}},"35":{"start":{"line":48,"column":4},"end":{"line":50,"column":7}},"36":{"start":{"line":49,"column":6},"end":{"line":49,"column":63}},"37":{"start":{"line":55,"column":2},"end":{"line":60,"column":4}},"38":{"start":{"line":56,"column":4},"end":{"line":56,"column":34}},"39":{"start":{"line":57,"column":4},"end":{"line":59,"column":7}},"40":{"start":{"line":58,"column":6},"end":{"line":58,"column":62}},"41":{"start":{"line":64,"column":2},"end":{"line":69,"column":4}},"42":{"start":{"line":65,"column":4},"end":{"line":65,"column":34}},"43":{"start":{"line":66,"column":4},"end":{"line":68,"column":7}},"44":{"start":{"line":67,"column":6},"end":{"line":67,"column":64}},"45":{"start":{"line":73,"column":17},"end":{"line":73,"column":65}},"46":{"start":{"line":74,"column":2},"end":{"line":74,"column":18}},"47":{"start":{"line":78,"column":29},"end":{"line":78,"column":57}},"48":{"start":{"line":79,"column":2},"end":{"line":83,"column":3}},"49":{"start":{"line":80,"column":4},"end":{"line":82,"column":5}},"50":{"start":{"line":81,"column":6},"end":{"line":81,"column":28}},"51":{"start":{"line":84,"column":2},"end":{"line":84,"column":125}},"52":{"start":{"line":88,"column":17},"end":{"line":88,"column":61}},"53":{"start":{"line":89,"column":2},"end":{"line":89,"column":18}},"54":{"start":{"line":93,"column":17},"end":{"line":93,"column":64}},"55":{"start":{"line":94,"column":2},"end":{"line":94,"column":18}},"56":{"start":{"line":98,"column":17},"end":{"line":98,"column":64}},"57":{"start":{"line":99,"column":2},"end":{"line":99,"column":18}},"58":{"start":{"line":103,"column":17},"end":{"line":103,"column":63}},"59":{"start":{"line":104,"column":2},"end":{"line":104,"column":18}},"60":{"start":{"line":108,"column":17},"end":{"line":108,"column":65}},"61":{"start":{"line":109,"column":2},"end":{"line":109,"column":18}},"62":{"start":{"line":113,"column":2},"end":{"line":118,"column":4}}},"fnMap":{"0":{"name":"ensurePropertyActions","decl":{"start":{"line":4,"column":9},"end":{"line":4,"column":30}},"loc":{"start":{"line":4,"column":42},"end":{"line":8,"column":1}}},"1":{"name":"EntityName","decl":{"start":{"line":11,"column":16},"end":{"line":11,"column":26}},"loc":{"start":{"line":11,"column":39},"end":{"line":20,"column":1}}},"2":{"name":"(anonymous_2)","decl":{"start":{"line":12,"column":9},"end":{"line":12,"column":19}},"loc":{"start":{"line":12,"column":35},"end":{"line":19,"column":3}}},"3":{"name":"Column","decl":{"start":{"line":23,"column":16},"end":{"line":23,"column":22}},"loc":{"start":{"line":23,"column":55},"end":{"line":33,"column":1}}},"4":{"name":"(anonymous_4)","decl":{"start":{"line":24,"column":9},"end":{"line":24,"column":19}},"loc":{"start":{"line":24,"column":60},"end":{"line":32,"column":3}}},"5":{"name":"(anonymous_5)","decl":{"start":{"line":26,"column":54},"end":{"line":26,"column":57}},"loc":{"start":{"line":26,"column":59},"end":{"line":31,"column":5}}},"6":{"name":"ManyToOne","decl":{"start":{"line":36,"column":16},"end":{"line":36,"column":25}},"loc":{"start":{"line":36,"column":25},"end":{"line":43,"column":1}}},"7":{"name":"(anonymous_7)","decl":{"start":{"line":37,"column":9},"end":{"line":37,"column":19}},"loc":{"start":{"line":37,"column":60},"end":{"line":42,"column":3}}},"8":{"name":"(anonymous_8)","decl":{"start":{"line":39,"column":54},"end":{"line":39,"column":57}},"loc":{"start":{"line":39,"column":59},"end":{"line":41,"column":5}}},"9":{"name":"OneToMany","decl":{"start":{"line":45,"column":16},"end":{"line":45,"column":25}},"loc":{"start":{"line":45,"column":25},"end":{"line":52,"column":1}}},"10":{"name":"(anonymous_10)","decl":{"start":{"line":46,"column":9},"end":{"line":46,"column":19}},"loc":{"start":{"line":46,"column":60},"end":{"line":51,"column":3}}},"11":{"name":"(anonymous_11)","decl":{"start":{"line":48,"column":54},"end":{"line":48,"column":57}},"loc":{"start":{"line":48,"column":59},"end":{"line":50,"column":5}}},"12":{"name":"OneToOne","decl":{"start":{"line":54,"column":16},"end":{"line":54,"column":24}},"loc":{"start":{"line":54,"column":24},"end":{"line":61,"column":1}}},"13":{"name":"(anonymous_13)","decl":{"start":{"line":55,"column":9},"end":{"line":55,"column":19}},"loc":{"start":{"line":55,"column":60},"end":{"line":60,"column":3}}},"14":{"name":"(anonymous_14)","decl":{"start":{"line":57,"column":54},"end":{"line":57,"column":57}},"loc":{"start":{"line":57,"column":59},"end":{"line":59,"column":5}}},"15":{"name":"ManyToMany","decl":{"start":{"line":63,"column":16},"end":{"line":63,"column":26}},"loc":{"start":{"line":63,"column":26},"end":{"line":70,"column":1}}},"16":{"name":"(anonymous_16)","decl":{"start":{"line":64,"column":9},"end":{"line":64,"column":19}},"loc":{"start":{"line":64,"column":60},"end":{"line":69,"column":3}}},"17":{"name":"(anonymous_17)","decl":{"start":{"line":66,"column":54},"end":{"line":66,"column":57}},"loc":{"start":{"line":66,"column":59},"end":{"line":68,"column":5}}},"18":{"name":"isPrimaryKey","decl":{"start":{"line":72,"column":16},"end":{"line":72,"column":28}},"loc":{"start":{"line":72,"column":70},"end":{"line":75,"column":1}}},"19":{"name":"getPrimaryKey","decl":{"start":{"line":77,"column":16},"end":{"line":77,"column":29}},"loc":{"start":{"line":77,"column":44},"end":{"line":85,"column":1}}},"20":{"name":"isColumn","decl":{"start":{"line":87,"column":16},"end":{"line":87,"column":24}},"loc":{"start":{"line":87,"column":66},"end":{"line":90,"column":1}}},"21":{"name":"isManyToOne","decl":{"start":{"line":92,"column":16},"end":{"line":92,"column":27}},"loc":{"start":{"line":92,"column":69},"end":{"line":95,"column":1}}},"22":{"name":"isOneToMany","decl":{"start":{"line":97,"column":16},"end":{"line":97,"column":27}},"loc":{"start":{"line":97,"column":69},"end":{"line":100,"column":1}}},"23":{"name":"isOneToOne","decl":{"start":{"line":102,"column":16},"end":{"line":102,"column":26}},"loc":{"start":{"line":102,"column":68},"end":{"line":105,"column":1}}},"24":{"name":"isManyToMany","decl":{"start":{"line":107,"column":16},"end":{"line":107,"column":28}},"loc":{"start":{"line":107,"column":70},"end":{"line":110,"column":1}}},"25":{"name":"isColunaRelacionamento","decl":{"start":{"line":112,"column":16},"end":{"line":112,"column":38}},"loc":{"start":{"line":112,"column":80},"end":{"line":119,"column":1}}}},"branchMap":{"0":{"loc":{"start":{"line":5,"column":2},"end":{"line":7,"column":3}},"type":"if","locations":[{"start":{"line":5,"column":2},"end":{"line":7,"column":3}}]},"1":{"loc":{"start":{"line":14,"column":4},"end":{"line":18,"column":5}},"type":"if","locations":[{"start":{"line":14,"column":4},"end":{"line":18,"column":5}}]},"2":{"loc":{"start":{"line":28,"column":6},"end":{"line":30,"column":7}},"type":"if","locations":[{"start":{"line":28,"column":6},"end":{"line":30,"column":7}}]},"3":{"loc":{"start":{"line":28,"column":10},"end":{"line":28,"column":28}},"type":"cond-expr","locations":[{"start":{"line":28,"column":16},"end":{"line":28,"column":18}},{"start":{"line":28,"column":10},"end":{"line":28,"column":28}}]},"4":{"loc":{"start":{"line":28,"column":10},"end":{"line":28,"column":18}},"type":"binary-expr","locations":[{"start":{"line":28,"column":10},"end":{"line":28,"column":18}},{"start":{"line":28,"column":10},"end":{"line":28,"column":18}}]},"5":{"loc":{"start":{"line":80,"column":4},"end":{"line":82,"column":5}},"type":"if","locations":[{"start":{"line":80,"column":4},"end":{"line":82,"column":5}}]},"6":{"loc":{"start":{"line":80,"column":8},"end":{"line":80,"column":40}},"type":"cond-expr","locations":[{"start":{"line":80,"column":26},"end":{"line":80,"column":28}},{"start":{"line":80,"column":26},"end":{"line":80,"column":40}}]},"7":{"loc":{"start":{"line":80,"column":8},"end":{"line":80,"column":28}},"type":"binary-expr","locations":[{"start":{"line":80,"column":8},"end":{"line":80,"column":28}},{"start":{"line":80,"column":26},"end":{"line":80,"column":28}}]},"8":{"loc":{"start":{"line":114,"column":4},"end":{"line":117,"column":37}},"type":"binary-expr","locations":[{"start":{"line":114,"column":4},"end":{"line":114,"column":36}},{"start":{"line":115,"column":4},"end":{"line":115,"column":36}},{"start":{"line":116,"column":4},"end":{"line":116,"column":35}},{"start":{"line":117,"column":4},"end":{"line":117,"column":37}}]}},"s":{"0":10,"1":10,"2":10,"3":10,"4":10,"5":10,"6":10,"7":10,"8":10,"9":10,"10":10,"11":10,"12":10,"13":10,"14":10,"15":10,"16":65,"17":15,"18":14,"19":14,"20":14,"21":14,"22":64,"23":55,"24":55,"25":55,"26":54,"27":54,"28":13,"29":0,"30":0,"31":0,"32":0,"33":10,"34":10,"35":10,"36":10,"37":0,"38":0,"39":0,"40":0,"41":0,"42":0,"43":0,"44":0,"45":0,"46":0,"47":14,"48":14,"49":14,"50":13,"51":1,"52":20,"53":20,"54":52,"55":52,"56":63,"57":63,"58":45,"59":45,"60":56,"61":56,"62":52},"f":{"0":65,"1":14,"2":14,"3":55,"4":55,"5":54,"6":0,"7":0,"8":0,"9":10,"10":10,"11":10,"12":0,"13":0,"14":0,"15":0,"16":0,"17":0,"18":0,"19":14,"20":20,"21":52,"22":63,"23":45,"24":56,"25":52},"b":{"0":[15],"1":[14],"2":[13],"3":[41,13],"4":[54,54],"5":[13],"6":[0,14],"7":[14,14],"8":[52,52,45,45]}}
,"/home/guilherme/Documentos/projetos/orm-sqlite/src/decorators/decorators.orm.ts": {"path":"/home/guilherme/Documentos/projetos/orm-sqlite/src/decorators/decorators.orm.ts","statementMap":{"0":{"start":{"line":1,"column":0},"end":{"line":1,"column":47}}},"fnMap":{},"branchMap":{},"s":{"0":2},"f":{},"b":{}}
,"/home/guilherme/Documentos/projetos/orm-sqlite/src/errors/orm-sqlite.error.ts": {"path":"/home/guilherme/Documentos/projetos/orm-sqlite/src/errors/orm-sqlite.error.ts","statementMap":{"0":{"start":{"line":17,"column":4},"end":{"line":17,"column":19}},"1":{"start":{"line":18,"column":4},"end":{"line":18,"column":33}},"2":{"start":{"line":19,"column":4},"end":{"line":19,"column":21}},"3":{"start":{"line":13,"column":0},"end":{"line":13,"column":13}}},"fnMap":{"0":{"name":"(anonymous_0)","decl":{"start":{"line":16,"column":2},"end":{"line":16,"column":14}},"loc":{"start":{"line":16,"column":55},"end":{"line":20,"column":3}}}},"branchMap":{},"s":{"0":29,"1":29,"2":29,"3":16},"f":{"0":29},"b":{}}
,"/home/guilherme/Documentos/projetos/orm-sqlite/src/metadata/geranciado.metadata.ts": {"path":"/home/guilherme/Documentos/projetos/orm-sqlite/src/metadata/geranciado.metadata.ts","statementMap":{"0":{"start":{"line":4,"column":0},"end":{"line":4,"column":16}},"1":{"start":{"line":15,"column":0},"end":{"line":15,"column":16}},"2":{"start":{"line":20,"column":0},"end":{"line":20,"column":16}},"3":{"start":{"line":26,"column":0},"end":{"line":26,"column":16}},"4":{"start":{"line":34,"column":0},"end":{"line":34,"column":16}},"5":{"start":{"line":1,"column":43},"end":{"line":1,"column":45}},"6":{"start":{"line":5,"column":20},"end":{"line":5,"column":49}},"7":{"start":{"line":6,"column":2},"end":{"line":8,"column":3}},"8":{"start":{"line":7,"column":4},"end":{"line":7,"column":34}},"9":{"start":{"line":9,"column":2},"end":{"line":11,"column":3}},"10":{"start":{"line":10,"column":4},"end":{"line":10,"column":47}},"11":{"start":{"line":12,"column":2},"end":{"line":12,"column":69}},"12":{"start":{"line":16,"column":20},"end":{"line":16,"column":49}},"13":{"start":{"line":17,"column":2},"end":{"line":17,"column":64}},"14":{"start":{"line":21,"column":20},"end":{"line":21,"column":49}},"15":{"start":{"line":22,"column":2},"end":{"line":22,"column":34}},"16":{"start":{"line":27,"column":20},"end":{"line":27,"column":37}},"17":{"start":{"line":28,"column":2},"end":{"line":30,"column":3}},"18":{"start":{"line":29,"column":4},"end":{"line":29,"column":34}},"19":{"start":{"line":31,"column":2},"end":{"line":31,"column":56}},"20":{"start":{"line":35,"column":20},"end":{"line":35,"column":37}},"21":{"start":{"line":36,"column":2},"end":{"line":36,"column":49}}},"fnMap":{"0":{"name":"defineMetadata","decl":{"start":{"line":4,"column":16},"end":{"line":4,"column":30}},"loc":{"start":{"line":4,"column":113},"end":{"line":13,"column":1}}},"1":{"name":"getMetadata","decl":{"start":{"line":15,"column":16},"end":{"line":15,"column":27}},"loc":{"start":{"line":15,"column":90},"end":{"line":18,"column":1}}},"2":{"name":"getMetadataAllByName","decl":{"start":{"line":20,"column":16},"end":{"line":20,"column":36}},"loc":{"start":{"line":20,"column":48},"end":{"line":23,"column":1}}},"3":{"name":"defineClassMetadata","decl":{"start":{"line":26,"column":16},"end":{"line":26,"column":35}},"loc":{"start":{"line":26,"column":88},"end":{"line":32,"column":1}}},"4":{"name":"getClassMetadata","decl":{"start":{"line":34,"column":16},"end":{"line":34,"column":32}},"loc":{"start":{"line":34,"column":65},"end":{"line":37,"column":1}}}},"branchMap":{"0":{"loc":{"start":{"line":6,"column":2},"end":{"line":8,"column":3}},"type":"if","locations":[{"start":{"line":6,"column":2},"end":{"line":8,"column":3}}]},"1":{"loc":{"start":{"line":9,"column":2},"end":{"line":11,"column":3}},"type":"if","locations":[{"start":{"line":9,"column":2},"end":{"line":11,"column":3}}]},"2":{"loc":{"start":{"line":17,"column":9},"end":{"line":17,"column":63}},"type":"cond-expr","locations":[{"start":{"line":17,"column":48},"end":{"line":17,"column":51}},{"start":{"line":17,"column":48},"end":{"line":17,"column":63}}]},"3":{"loc":{"start":{"line":17,"column":9},"end":{"line":17,"column":51}},"type":"binary-expr","locations":[{"start":{"line":17,"column":9},"end":{"line":17,"column":51}},{"start":{"line":17,"column":48},"end":{"line":17,"column":51}}]},"4":{"loc":{"start":{"line":17,"column":9},"end":{"line":17,"column":48}},"type":"cond-expr","locations":[{"start":{"line":17,"column":33},"end":{"line":17,"column":36}},{"start":{"line":17,"column":33},"end":{"line":17,"column":48}}]},"5":{"loc":{"start":{"line":17,"column":9},"end":{"line":17,"column":36}},"type":"binary-expr","locations":[{"start":{"line":17,"column":9},"end":{"line":17,"column":36}},{"start":{"line":17,"column":33},"end":{"line":17,"column":36}}]},"6":{"loc":{"start":{"line":28,"column":2},"end":{"line":30,"column":3}},"type":"if","locations":[{"start":{"line":28,"column":2},"end":{"line":30,"column":3}}]},"7":{"loc":{"start":{"line":36,"column":9},"end":{"line":36,"column":48}},"type":"cond-expr","locations":[{"start":{"line":36,"column":33},"end":{"line":36,"column":36}},{"start":{"line":36,"column":33},"end":{"line":36,"column":48}}]},"8":{"loc":{"start":{"line":36,"column":9},"end":{"line":36,"column":36}},"type":"binary-expr","locations":[{"start":{"line":36,"column":9},"end":{"line":36,"column":36}},{"start":{"line":36,"column":33},"end":{"line":36,"column":36}}]}},"s":{"0":10,"1":10,"2":10,"3":10,"4":10,"5":10,"6":77,"7":77,"8":14,"9":77,"10":64,"11":77,"12":236,"13":236,"14":14,"15":14,"16":0,"17":0,"18":0,"19":0,"20":0,"21":0},"f":{"0":77,"1":236,"2":14,"3":0,"4":0},"b":{"0":[14],"1":[64],"2":[0,236],"3":[236,236],"4":[0,236],"5":[236,236],"6":[0],"7":[0,0],"8":[0,0]}}
,"/home/guilherme/Documentos/projetos/orm-sqlite/src/metadata/gerenciado.metadata.ts": {"path":"/home/guilherme/Documentos/projetos/orm-sqlite/src/metadata/gerenciado.metadata.ts","statementMap":{"0":{"start":{"line":1,"column":0},"end":{"line":1,"column":38}}},"fnMap":{},"branchMap":{},"s":{"0":1},"f":{},"b":{}}
,"/home/guilherme/Documentos/projetos/orm-sqlite/src/query/query-build-sqlite.ts": {"path":"/home/guilherme/Documentos/projetos/orm-sqlite/src/query/query-build-sqlite.ts","statementMap":{"0":{"start":{"line":1,"column":0},"end":{"line":1,"column":60}},"1":{"start":{"line":13,"column":10},"end":{"line":13,"column":36}},"2":{"start":{"line":14,"column":10},"end":{"line":14,"column":31}},"3":{"start":{"line":15,"column":10},"end":{"line":15,"column":39}},"4":{"start":{"line":18,"column":10},"end":{"line":18,"column":42}},"5":{"start":{"line":19,"column":10},"end":{"line":19,"column":81}},"6":{"start":{"line":22,"column":4},"end":{"line":22,"column":33}},"7":{"start":{"line":23,"column":4},"end":{"line":23,"column":51}},"8":{"start":{"line":24,"column":4},"end":{"line":24,"column":20}},"9":{"start":{"line":28,"column":4},"end":{"line":30,"column":5}},"10":{"start":{"line":29,"column":6},"end":{"line":29,"column":115}},"11":{"start":{"line":34,"column":22},"end":{"line":34,"column":43}},"12":{"start":{"line":35,"column":4},"end":{"line":37,"column":5}},"13":{"start":{"line":36,"column":6},"end":{"line":36,"column":108}},"14":{"start":{"line":38,"column":22},"end":{"line":38,"column":81}},"15":{"start":{"line":39,"column":4},"end":{"line":39,"column":50}},"16":{"start":{"line":40,"column":4},"end":{"line":40,"column":21}},"17":{"start":{"line":44,"column":4},"end":{"line":44,"column":37}},"18":{"start":{"line":45,"column":4},"end":{"line":49,"column":16}},"19":{"start":{"line":46,"column":21},"end":{"line":46,"column":32}},"20":{"start":{"line":47,"column":6},"end":{"line":47,"column":57}},"21":{"start":{"line":48,"column":6},"end":{"line":48,"column":43}},"22":{"start":{"line":50,"column":4},"end":{"line":50,"column":38}},"23":{"start":{"line":51,"column":4},"end":{"line":53,"column":5}},"24":{"start":{"line":52,"column":6},"end":{"line":52,"column":33}},"25":{"start":{"line":54,"column":4},"end":{"line":54,"column":42}},"26":{"start":{"line":55,"column":4},"end":{"line":55,"column":52}},"27":{"start":{"line":56,"column":4},"end":{"line":56,"column":42}},"28":{"start":{"line":57,"column":4},"end":{"line":57,"column":40}},"29":{"start":{"line":58,"column":4},"end":{"line":58,"column":57}},"30":{"start":{"line":59,"column":4},"end":{"line":59,"column":27}},"31":{"start":{"line":63,"column":4},"end":{"line":63,"column":50}},"32":{"start":{"line":67,"column":4},"end":{"line":67,"column":23}},"33":{"start":{"line":67,"column":16},"end":{"line":67,"column":23}},"34":{"start":{"line":69,"column":4},"end":{"line":85,"column":5}},"35":{"start":{"line":70,"column":27},"end":{"line":82,"column":8}},"36":{"start":{"line":71,"column":27},"end":{"line":80,"column":10}},"37":{"start":{"line":72,"column":10},"end":{"line":77,"column":11}},"38":{"start":{"line":73,"column":31},"end":{"line":75,"column":14}},"39":{"start":{"line":74,"column":14},"end":{"line":74,"column":76}},"40":{"start":{"line":76,"column":12},"end":{"line":76,"column":44}},"41":{"start":{"line":78,"column":10},"end":{"line":78,"column":57}},"42":{"start":{"line":79,"column":10},"end":{"line":79,"column":73}},"43":{"start":{"line":81,"column":8},"end":{"line":81,"column":47}},"44":{"start":{"line":83,"column":6},"end":{"line":83,"column":54}},"45":{"start":{"line":84,"column":6},"end":{"line":84,"column":13}},"46":{"start":{"line":87,"column":23},"end":{"line":96,"column":6}},"47":{"start":{"line":88,"column":6},"end":{"line":93,"column":7}},"48":{"start":{"line":89,"column":27},"end":{"line":91,"column":10}},"49":{"start":{"line":90,"column":10},"end":{"line":90,"column":72}},"50":{"start":{"line":92,"column":8},"end":{"line":92,"column":40}},"51":{"start":{"line":94,"column":6},"end":{"line":94,"column":53}},"52":{"start":{"line":95,"column":6},"end":{"line":95,"column":69}},"53":{"start":{"line":98,"column":4},"end":{"line":98,"column":40}},"54":{"start":{"line":102,"column":4},"end":{"line":102,"column":25}},"55":{"start":{"line":102,"column":18},"end":{"line":102,"column":25}},"56":{"start":{"line":103,"column":25},"end":{"line":114,"column":6}},"57":{"start":{"line":104,"column":25},"end":{"line":112,"column":8}},"58":{"start":{"line":105,"column":8},"end":{"line":109,"column":9}},"59":{"start":{"line":106,"column":27},"end":{"line":106,"column":48}},"60":{"start":{"line":107,"column":33},"end":{"line":107,"column":56}},"61":{"start":{"line":108,"column":10},"end":{"line":108,"column":72}},"62":{"start":{"line":110,"column":8},"end":{"line":110,"column":52}},"63":{"start":{"line":111,"column":8},"end":{"line":111,"column":71}},"64":{"start":{"line":113,"column":6},"end":{"line":113,"column":45}},"65":{"start":{"line":115,"column":4},"end":{"line":115,"column":52}},"66":{"start":{"line":119,"column":4},"end":{"line":119,"column":25}},"67":{"start":{"line":119,"column":18},"end":{"line":119,"column":25}},"68":{"start":{"line":121,"column":19},"end":{"line":124,"column":6}},"69":{"start":{"line":122,"column":6},"end":{"line":122,"column":55}},"70":{"start":{"line":123,"column":6},"end":{"line":123,"column":89}},"71":{"start":{"line":125,"column":4},"end":{"line":125,"column":39}},"72":{"start":{"line":129,"column":4},"end":{"line":131,"column":5}},"73":{"start":{"line":130,"column":6},"end":{"line":130,"column":41}},"74":{"start":{"line":132,"column":4},"end":{"line":134,"column":5}},"75":{"start":{"line":133,"column":6},"end":{"line":133,"column":43}},"76":{"start":{"line":138,"column":4},"end":{"line":138,"column":25}},"77":{"start":{"line":138,"column":18},"end":{"line":138,"column":25}},"78":{"start":{"line":139,"column":4},"end":{"line":143,"column":7}},"79":{"start":{"line":140,"column":21},"end":{"line":140,"column":32}},"80":{"start":{"line":141,"column":6},"end":{"line":141,"column":58}},"81":{"start":{"line":142,"column":6},"end":{"line":142,"column":43}},"82":{"start":{"line":147,"column":4},"end":{"line":147,"column":24}},"83":{"start":{"line":147,"column":17},"end":{"line":147,"column":24}},"84":{"start":{"line":148,"column":4},"end":{"line":148,"column":30}},"85":{"start":{"line":152,"column":4},"end":{"line":152,"column":23}},"86":{"start":{"line":152,"column":16},"end":{"line":152,"column":23}},"87":{"start":{"line":153,"column":34},"end":{"line":153,"column":36}},"88":{"start":{"line":154,"column":4},"end":{"line":180,"column":5}},"89":{"start":{"line":155,"column":28},"end":{"line":155,"column":57}},"90":{"start":{"line":156,"column":21},"end":{"line":156,"column":23}},"91":{"start":{"line":157,"column":6},"end":{"line":173,"column":7}},"92":{"start":{"line":158,"column":8},"end":{"line":158,"column":27}},"93":{"start":{"line":159,"column":13},"end":{"line":173,"column":7}},"94":{"start":{"line":160,"column":8},"end":{"line":160,"column":41}},"95":{"start":{"line":161,"column":13},"end":{"line":173,"column":7}},"96":{"start":{"line":162,"column":29},"end":{"line":171,"column":10}},"97":{"start":{"line":163,"column":10},"end":{"line":168,"column":11}},"98":{"start":{"line":164,"column":29},"end":{"line":164,"column":50}},"99":{"start":{"line":165,"column":35},"end":{"line":165,"column":58}},"100":{"start":{"line":166,"column":12},"end":{"line":166,"column":61}},"101":{"start":{"line":167,"column":12},"end":{"line":167,"column":113}},"102":{"start":{"line":169,"column":10},"end":{"line":169,"column":59}},"103":{"start":{"line":170,"column":10},"end":{"line":170,"column":72}},"104":{"start":{"line":172,"column":8},"end":{"line":172,"column":46}},"105":{"start":{"line":174,"column":20},"end":{"line":174,"column":71}},"106":{"start":{"line":176,"column":6},"end":{"line":178,"column":7}},"107":{"start":{"line":177,"column":8},"end":{"line":177,"column":62}},"108":{"start":{"line":179,"column":6},"end":{"line":179,"column":32}},"109":{"start":{"line":181,"column":4},"end":{"line":181,"column":29}},"110":{"start":{"line":185,"column":4},"end":{"line":185,"column":26}},"111":{"start":{"line":185,"column":16},"end":{"line":185,"column":26}},"112":{"start":{"line":186,"column":4},"end":{"line":213,"column":17}},"113":{"start":{"line":188,"column":30},"end":{"line":188,"column":59}},"114":{"start":{"line":189,"column":23},"end":{"line":189,"column":25}},"115":{"start":{"line":190,"column":8},"end":{"line":206,"column":9}},"116":{"start":{"line":191,"column":10},"end":{"line":191,"column":29}},"117":{"start":{"line":192,"column":15},"end":{"line":206,"column":9}},"118":{"start":{"line":193,"column":10},"end":{"line":193,"column":43}},"119":{"start":{"line":194,"column":15},"end":{"line":206,"column":9}},"120":{"start":{"line":195,"column":31},"end":{"line":204,"column":12}},"121":{"start":{"line":196,"column":12},"end":{"line":201,"column":13}},"122":{"start":{"line":197,"column":31},"end":{"line":197,"column":52}},"123":{"start":{"line":198,"column":37},"end":{"line":198,"column":60}},"124":{"start":{"line":199,"column":14},"end":{"line":199,"column":70}},"125":{"start":{"line":200,"column":14},"end":{"line":200,"column":115}},"126":{"start":{"line":202,"column":12},"end":{"line":202,"column":68}},"127":{"start":{"line":203,"column":12},"end":{"line":203,"column":74}},"128":{"start":{"line":205,"column":10},"end":{"line":205,"column":48}},"129":{"start":{"line":207,"column":22},"end":{"line":207,"column":73}},"130":{"start":{"line":208,"column":8},"end":{"line":210,"column":9}},"131":{"start":{"line":209,"column":10},"end":{"line":209,"column":64}},"132":{"start":{"line":211,"column":8},"end":{"line":211,"column":23}},"133":{"start":{"line":217,"column":4},"end":{"line":234,"column":5}},"134":{"start":{"line":219,"column":8},"end":{"line":219,"column":19}},"135":{"start":{"line":221,"column":8},"end":{"line":221,"column":20}},"136":{"start":{"line":223,"column":8},"end":{"line":223,"column":19}},"137":{"start":{"line":225,"column":8},"end":{"line":225,"column":20}},"138":{"start":{"line":227,"column":8},"end":{"line":227,"column":20}},"139":{"start":{"line":229,"column":8},"end":{"line":229,"column":20}},"140":{"start":{"line":231,"column":8},"end":{"line":231,"column":19}},"141":{"start":{"line":233,"column":8},"end":{"line":233,"column":19}},"142":{"start":{"line":238,"column":4},"end":{"line":238,"column":51}},"143":{"start":{"line":239,"column":19},"end":{"line":239,"column":45}},"144":{"start":{"line":242,"column":4},"end":{"line":260,"column":5}},"145":{"start":{"line":244,"column":8},"end":{"line":244,"column":56}},"146":{"start":{"line":246,"column":8},"end":{"line":246,"column":57}},"147":{"start":{"line":248,"column":8},"end":{"line":248,"column":56}},"148":{"start":{"line":250,"column":8},"end":{"line":250,"column":57}},"149":{"start":{"line":252,"column":8},"end":{"line":252,"column":56}},"150":{"start":{"line":253,"column":8},"end":{"line":253,"column":83}},"151":{"start":{"line":253,"column":48},"end":{"line":253,"column":67}},"152":{"start":{"line":255,"column":8},"end":{"line":255,"column":57}},"153":{"start":{"line":257,"column":8},"end":{"line":257,"column":56}},"154":{"start":{"line":259,"column":8},"end":{"line":259,"column":56}},"155":{"start":{"line":264,"column":4},"end":{"line":264,"column":61}},"156":{"start":{"line":264,"column":47},"end":{"line":264,"column":61}},"157":{"start":{"line":265,"column":4},"end":{"line":265,"column":77}},"158":{"start":{"line":265,"column":35},"end":{"line":265,"column":77}},"159":{"start":{"line":266,"column":4},"end":{"line":269,"column":5}},"160":{"start":{"line":267,"column":19},"end":{"line":267,"column":34}},"161":{"start":{"line":268,"column":6},"end":{"line":268,"column":39}},"162":{"start":{"line":270,"column":4},"end":{"line":272,"column":5}},"163":{"start":{"line":271,"column":6},"end":{"line
[...]
start":{"line":25,"column":95},"end":{"line":38,"column":3}}},"3":{"name":"(anonymous_3)","decl":{"start":{"line":27,"column":42},"end":{"line":27,"column":48}},"loc":{"start":{"line":27,"column":51},"end":{"line":36,"column":5}}},"4":{"name":"(anonymous_4)","decl":{"start":{"line":40,"column":2},"end":{"line":40,"column":8}},"loc":{"start":{"line":40,"column":90},"end":{"line":50,"column":3}}},"5":{"name":"(anonymous_5)","decl":{"start":{"line":52,"column":2},"end":{"line":52,"column":8}},"loc":{"start":{"line":52,"column":95},"end":{"line":57,"column":3}}},"6":{"name":"(anonymous_6)","decl":{"start":{"line":59,"column":2},"end":{"line":59,"column":8}},"loc":{"start":{"line":59,"column":79},"end":{"line":63,"column":3}}},"7":{"name":"(anonymous_7)","decl":{"start":{"line":65,"column":2},"end":{"line":65,"column":8}},"loc":{"start":{"line":65,"column":76},"end":{"line":69,"column":3}}},"8":{"name":"(anonymous_8)","decl":{"start":{"line":71,"column":2},"end":{"line":71,"column":8}},"loc":{"start":{"line":71,"column":57},"end":{"line":74,"column":3}}},"9":{"name":"(anonymous_9)","decl":{"start":{"line":76,"column":2},"end":{"line":76,"column":8}},"loc":{"start":{"line":76,"column":113},"end":{"line":82,"column":3}}},"10":{"name":"(anonymous_10)","decl":{"start":{"line":79,"column":20},"end":{"line":79,"column":26}},"loc":{"start":{"line":79,"column":30},"end":{"line":79,"column":94}}},"11":{"name":"(anonymous_11)","decl":{"start":{"line":84,"column":2},"end":{"line":84,"column":8}},"loc":{"start":{"line":84,"column":36},"end":{"line":87,"column":3}}},"12":{"name":"(anonymous_12)","decl":{"start":{"line":89,"column":10},"end":{"line":89,"column":16}},"loc":{"start":{"line":89,"column":39},"end":{"line":102,"column":3}}},"13":{"name":"(anonymous_13)","decl":{"start":{"line":104,"column":10},"end":{"line":104,"column":16}},"loc":{"start":{"line":104,"column":46},"end":{"line":106,"column":3}}}},"branchMap":{"0":{"loc":{"start":{"line":11,"column":4},"end":{"line":13,"column":5}},"type":"if","locations":[{"start":{"line":11,"column":4},"end":{"line":13,"column":5}}]},"1":{"loc":{"start":{"line":17,"column":4},"end":{"line":19,"column":5}},"type":"if","locations":[{"start":{"line":17,"column":4},"end":{"line":19,"column":5}}]},"2":{"loc":{"start":{"line":30,"column":6},"end":{"line":30,"column":58}},"type":"if","locations":[{"start":{"line":30,"column":6},"end":{"line":30,"column":58}}]},"3":{"loc":{"start":{"line":31,"column":6},"end":{"line":31,"column":64}},"type":"if","locations":[{"start":{"line":31,"column":6},"end":{"line":31,"column":64}}]},"4":{"loc":{"start":{"line":32,"column":6},"end":{"line":32,"column":49}},"type":"if","locations":[{"start":{"line":32,"column":6},"end":{"line":32,"column":49}}]},"5":{"loc":{"start":{"line":33,"column":6},"end":{"line":33,"column":52}},"type":"if","locations":[{"start":{"line":33,"column":6},"end":{"line":33,"column":52}}]},"6":{"loc":{"start":{"line":34,"column":6},"end":{"line":34,"column":115}},"type":"if","locations":[{"start":{"line":34,"column":6},"end":{"line":34,"column":115}}]},"7":{"loc":{"start":{"line":44,"column":4},"end":{"line":44,"column":62}},"type":"if","locations":[{"start":{"line":44,"column":4},"end":{"line":44,"column":62}}]},"8":{"loc":{"start":{"line":45,"column":4},"end":{"line":45,"column":53}},"type":"if","locations":[{"start":{"line":45,"column":4},"end":{"line":45,"column":53}}]},"9":{"loc":{"start":{"line":46,"column":4},"end":{"line":46,"column":56}},"type":"if","locations":[{"start":{"line":46,"column":4},"end":{"line":46,"column":56}}]},"10":{"loc":{"start":{"line":47,"column":4},"end":{"line":47,"column":119}},"type":"if","locations":[{"start":{"line":47,"column":4},"end":{"line":47,"column":119}}]},"11":{"loc":{"start":{"line":48,"column":4},"end":{"line":48,"column":68}},"type":"if","locations":[{"start":{"line":48,"column":4},"end":{"line":48,"column":68}}]},"12":{"loc":{"start":{"line":76,"column":99},"end":{"line":76,"column":113}},"type":"default-arg","locations":[{"start":{"line":76,"column":108},"end":{"line":76,"column":113}}]},"13":{"loc":{"start":{"line":80,"column":22},"end":{"line":80,"column":45}},"type":"cond-expr","locations":[{"start":{"line":80,"column":31},"end":{"line":80,"column":40}},{"start":{"line":80,"column":43},"end":{"line":80,"column":45}}]},"14":{"loc":{"start":{"line":90,"column":4},"end":{"line":100,"column":5}},"type":"if","locations":[{"start":{"line":90,"column":4},"end":{"line":100,"column":5}},{"start":{"line":92,"column":11},"end":{"line":100,"column":5}}]},"15":{"loc":{"start":{"line":92,"column":11},"end":{"line":100,"column":5}},"type":"if","locations":[{"start":{"line":92,"column":11},"end":{"line":100,"column":5}},{"start":{"line":94,"column":11},"end":{"line":100,"column":5}}]},"16":{"loc":{"start":{"line":94,"column":11},"end":{"line":100,"column":5}},"type":"if","locations":[{"start":{"line":94,"column":11},"end":{"line":100,"column":5}},{"start":{"line":96,"column":11},"end":{"line":100,"column":5}}]},"17":{"loc":{"start":{"line":94,"column":15},"end":{"line":94,"column":70}},"type":"binary-expr","locations":[{"start":{"line":94,"column":15},"end":{"line":94,"column":40}},{"start":{"line":94,"column":44},"end":{"line":94,"column":70}}]},"18":{"loc":{"start":{"line":96,"column":11},"end":{"line":100,"column":5}},"type":"if","locations":[{"start":{"line":96,"column":11},"end":{"line":100,"column":5}},{"start":{"line":98,"column":11},"end":{"line":100,"column":5}}]},"19":{"loc":{"start":{"line":96,"column":15},"end":{"line":96,"column":52}},"type":"binary-expr","locations":[{"start":{"line":96,"column":15},"end":{"line":96,"column":29}},{"start":{"line":96,"column":33},"end":{"line":96,"column":52}}]},"20":{"loc":{"start":{"line":98,"column":11},"end":{"line":100,"column":5}},"type":"if","locations":[{"start":{"line":98,"column":11},"end":{"line":100,"column":5}}]}},"s":{"0":2,"1":26,"2":3,"3":12,"4":1,"5":11,"6":11,"7":11,"8":1,"9":1,"10":2,"11":2,"12":2,"13":1,"14":2,"15":0,"16":2,"17":0,"18":2,"19":1,"20":2,"21":0,"22":2,"23":1,"24":2,"25":2,"26":1,"27":1,"28":0,"29":1,"30":0,"31":1,"32":0,"33":1,"34":0,"35":1,"36":0,"37":1,"38":1,"39":1,"40":1,"41":1,"42":1,"43":1,"44":1,"45":2,"46":2,"47":1,"48":2,"49":1,"50":3,"51":3,"52":2,"53":2,"54":2,"55":2,"56":1,"57":1,"58":0,"59":0,"60":0,"61":0,"62":0,"63":0,"64":0,"65":0,"66":0,"67":0,"68":0,"69":0,"70":2},"f":{"0":26,"1":12,"2":1,"3":2,"4":2,"5":1,"6":1,"7":2,"8":2,"9":3,"10":2,"11":1,"12":0,"13":0},"b":{"0":[3],"1":[1],"2":[1],"3":[0],"4":[0],"5":[1],"6":[0],"7":[0],"8":[0],"9":[0],"10":[0],"11":[0],"12":[2],"13":[1,1],"14":[0,0],"15":[0,0],"16":[0,0],"17":[0,0],"18":[0,0],"19":[0,0],"20":[0]}}
,"/home/guilherme/Documentos/projetos/orm-sqlite/test/class/Comentario.class.ts": {"path":"/home/guilherme/Documentos/projetos/orm-sqlite/test/class/Comentario.class.ts","statementMap":{"0":{"start":{"line":1,"column":0},"end":{"line":1,"column":75}},"1":{"start":{"line":4,"column":7},"end":{"line":21,"column":null}},"2":{"start":{"line":11,"column":2},"end":{"line":11,"column":17}},"3":{"start":{"line":17,"column":4},"end":{"line":17,"column":34}},"4":{"start":{"line":18,"column":4},"end":{"line":18,"column":55}},"5":{"start":{"line":19,"column":4},"end":{"line":19,"column":46}},"6":{"start":{"line":4,"column":13},"end":{"line":4,"column":23}},"7":{"start":{"line":8,"column":9},"end":{"line":8,"column":null}},"8":{"start":{"line":11,"column":2},"end":{"line":11,"column":null}},"9":{"start":{"line":14,"column":2},"end":{"line":14,"column":null}},"10":{"start":{"line":4,"column":13},"end":{"line":21,"column":null}}},"fnMap":{"0":{"name":"(anonymous_2)","decl":{"start":{"line":16,"column":2},"end":{"line":16,"column":14}},"loc":{"start":{"line":16,"column":40},"end":{"line":20,"column":3}}}},"branchMap":{"0":{"loc":{"start":{"line":17,"column":14},"end":{"line":17,"column":33}},"type":"cond-expr","locations":[{"start":{"line":17,"column":22},"end":{"line":17,"column":26}},{"start":{"line":17,"column":26},"end":{"line":17,"column":33}}]},"1":{"loc":{"start":{"line":17,"column":14},"end":{"line":17,"column":26}},"type":"binary-expr","locations":[{"start":{"line":17,"column":14},"end":{"line":17,"column":26}},{"start":{"line":17,"column":22},"end":{"line":17,"column":26}}]},"2":{"loc":{"start":{"line":18,"column":21},"end":{"line":18,"column":54}},"type":"cond-expr","locations":[{"start":{"line":18,"column":36},"end":{"line":18,"column":40}},{"start":{"line":18,"column":40},"end":{"line":18,"column":54}}]},"3":{"loc":{"start":{"line":18,"column":21},"end":{"line":18,"column":40}},"type":"binary-expr","locations":[{"start":{"line":18,"column":21},"end":{"line":18,"column":40}},{"start":{"line":18,"column":36},"end":{"line":18,"column":40}}]},"4":{"loc":{"start":{"line":19,"column":18},"end":{"line":19,"column":45}},"type":"cond-expr","locations":[{"start":{"line":19,"column":30},"end":{"line":19,"column":34}},{"start":{"line":19,"column":34},"end":{"line":19,"column":45}}]},"5":{"loc":{"start":{"line":19,"column":18},"end":{"line":19,"column":34}},"type":"binary-expr","locations":[{"start":{"line":19,"column":18},"end":{"line":19,"column":34}},{"start":{"line":19,"column":30},"end":{"line":19,"column":34}}]}},"s":{"0":1,"1":1,"2":2,"3":2,"4":2,"5":2,"6":1,"7":1,"8":1,"9":1,"10":1},"f":{"0":2},"b":{"0":[0,2],"1":[2,2],"2":[0,2],"3":[2,2],"4":[0,2],"5":[2,2]}}
,"/home/guilherme/Documentos/projetos/orm-sqlite/test/class/LocalStorage.class.ts": {"path":"/home/guilherme/Documentos/projetos/orm-sqlite/test/class/LocalStorage.class.ts","statementMap":{"0":{"start":{"line":1,"column":0},"end":{"line":1,"column":75}},"1":{"start":{"line":4,"column":7},"end":{"line":19,"column":null}},"2":{"start":{"line":15,"column":4},"end":{"line":15,"column":41}},"3":{"start":{"line":16,"column":4},"end":{"line":16,"column":44}},"4":{"start":{"line":17,"column":4},"end":{"line":17,"column":50}},"5":{"start":{"line":4,"column":13},"end":{"line":4,"column":25}},"6":{"start":{"line":6,"column":9},"end":{"line":6,"column":null}},"7":{"start":{"line":9,"column":9},"end":{"line":9,"column":null}},"8":{"start":{"line":12,"column":9},"end":{"line":12,"column":null}},"9":{"start":{"line":4,"column":13},"end":{"line":19,"column":null}}},"fnMap":{"0":{"name":"(anonymous_2)","decl":{"start":{"line":14,"column":2},"end":{"line":14,"column":14}},"loc":{"start":{"line":14,"column":49},"end":{"line":18,"column":3}}}},"branchMap":{"0":{"loc":{"start":{"line":15,"column":14},"end":{"line":15,"column":40}},"type":"cond-expr","locations":[{"start":{"line":15,"column":29},"end":{"line":15,"column":33}},{"start":{"line":15,"column":33},"end":{"line":15,"column":40}}]},"1":{"loc":{"start":{"line":15,"column":14},"end":{"line":15,"column":33}},"type":"binary-expr","locations":[{"start":{"line":15,"column":14},"end":{"line":15,"column":33}},{"start":{"line":15,"column":29},"end":{"line":15,"column":33}}]},"2":{"loc":{"start":{"line":16,"column":15},"end":{"line":16,"column":43}},"type":"cond-expr","locations":[{"start":{"line":16,"column":31},"end":{"line":16,"column":35}},{"start":{"line":16,"column":35},"end":{"line":16,"column":43}}]},"3":{"loc":{"start":{"line":16,"column":15},"end":{"line":16,"column":35}},"type":"binary-expr","locations":[{"start":{"line":16,"column":15},"end":{"line":16,"column":35}},{"start":{"line":16,"column":31},"end":{"line":16,"column":35}}]},"4":{"loc":{"start":{"line":17,"column":17},"end":{"line":17,"column":49}},"type":"cond-expr","locations":[{"start":{"line":17,"column":35},"end":{"line":17,"column":39}},{"start":{"line":17,"column":39},"end":{"line":17,"column":49}}]},"5":{"loc":{"start":{"line":17,"column":17},"end":{"line":17,"column":39}},"type":"binary-expr","locations":[{"start":{"line":17,"column":17},"end":{"line":17,"column":39}},{"start":{"line":17,"column":35},"end":{"line":17,"column":39}}]}},"s":{"0":2,"1":2,"2":0,"3":0,"4":0,"5":2,"6":2,"7":2,"8":2,"9":2},"f":{"0":0},"b":{"0":[0,0],"1":[0,0],"2":[0,0],"3":[0,0],"4":[0,0],"5":[0,0]}}
,"/home/guilherme/Documentos/projetos/orm-sqlite/test/class/Post.class.ts": {"path":"/home/guilherme/Documentos/projetos/orm-sqlite/test/class/Post.class.ts","statementMap":{"0":{"start":{"line":1,"column":0},"end":{"line":1,"column":86}},"1":{"start":{"line":10,"column":7},"end":{"line":29,"column":null}},"2":{"start":{"line":12,"column":9},"end":{"line":12,"column":34}},"3":{"start":{"line":21,"column":9},"end":{"line":21,"column":40}},"4":{"start":{"line":24,"column":4},"end":{"line":24,"column":34}},"5":{"start":{"line":25,"column":4},"end":{"line":25,"column":46}},"6":{"start":{"line":26,"column":4},"end":{"line":26,"column":43}},"7":{"start":{"line":27,"column":4},"end":{"line":27,"column":61}},"8":{"start":{"line":10,"column":13},"end":{"line":10,"column":17}},"9":{"start":{"line":12,"column":9},"end":{"line":12,"column":null}},"10":{"start":{"line":15,"column":9},"end":{"line":15,"column":null}},"11":{"start":{"line":18,"column":9},"end":{"line":18,"column":null}},"12":{"start":{"line":21,"column":9},"end":{"line":21,"column":null}},"13":{"start":{"line":10,"column":13},"end":{"line":29,"column":null}}},"fnMap":{"0":{"name":"(anonymous_2)","decl":{"start":{"line":23,"column":2},"end":{"line":23,"column":14}},"loc":{"start":{"line":23,"column":34},"end":{"line":28,"column":3}}}},"branchMap":{"0":{"loc":{"start":{"line":24,"column":14},"end":{"line":24,"column":33}},"type":"cond-expr","locations":[{"start":{"line":24,"column":22},"end":{"line":24,"column":26}},{"start":{"line":24,"column":26},"end":{"line":24,"column":33}}]},"1":{"loc":{"start":{"line":24,"column":14},"end":{"line":24,"column":26}},"type":"binary-expr","locations":[{"start":{"line":24,"column":14},"end":{"line":24,"column":26}},{"start":{"line":24,"column":22},"end":{"line":24,"column":26}}]},"2":{"loc":{"start":{"line":25,"column":18},"end":{"line":25,"column":45}},"type":"cond-expr","locations":[{"start":{"line":25,"column":30},"end":{"line":25,"column":34}},{"start":{"line":25,"column":34},"end":{"line":25,"column":45}}]},"3":{"loc":{"start":{"line":25,"column":18},"end":{"line":25,"column":34}},"type":"binary-expr","locations":[{"start":{"line":25,"column":18},"end":{"line":25,"column":34}},{"start":{"line":25,"column":30},"end":{"line":25,"column":34}}]},"4":{"loc":{"start":{"line":26,"column":17},"end":{"line":26,"column":42}},"type":"cond-expr","locations":[{"start":{"line":26,"column":28},"end":{"line":26,"column":32}},{"start":{"line":26,"column":32},"end":{"line":26,"column":42}}]},"5":{"loc":{"start":{"line":26,"column":17},"end":{"line":26,"column":32}},"type":"binary-expr","locations":[{"start":{"line":26,"column":17},"end":{"line":26,"column":32}},{"start":{"line":26,"column":28},"end":{"line":26,"column":32}}]},"6":{"loc":{"start":{"line":27,"column":23},"end":{"line":27,"column":60}},"type":"cond-expr","locations":[{"start":{"line":27,"column":40},"end":{"line":27,"column":44}},{"start":{"line":27,"column":44},"end":{"line":27,"column":60}}]},"7":{"loc":{"start":{"line":27,"column":23},"end":{"line":27,"column":44}},"type":"binary-expr","locations":[{"start":{"line":27,"column":23},"end":{"line":27,"column":44}},{"start":{"line":27,"column":40},"end":{"line":27,"column":44}}]}},"s":{"0":3,"1":3,"2":9,"3":9,"4":9,"5":9,"6":9,"7":9,"8":3,"9":3,"10":3,"11":3,"12":3,"13":3},"f":{"0":9},"b":{"0":[0,9],"1":[9,9],"2":[0,9],"3":[9,9],"4":[0,9],"5":[9,9],"6":[0,9],"7":[9,9]}}
,"/home/guilherme/Documentos/projetos/orm-sqlite/test/class/User.class.ts": {"path":"/home/guilherme/Documentos/projetos/orm-sqlite/test/class/User.class.ts","statementMap":{"0":{"start":{"line":1,"column":0},"end":{"line":1,"column":86}},"1":{"start":{"line":6,"column":7},"end":{"line":35,"column":null}},"2":{"start":{"line":28,"column":4},"end":{"line":28,"column":34}},"3":{"start":{"line":29,"column":4},"end":{"line":29,"column":40}},"4":{"start":{"line":30,"column":4},"end":{"line":30,"column":43}},"5":{"start":{"line":31,"column":4},"end":{"line":31,"column":37}},"6":{"start":{"line":32,"column":4},"end":{"line":32,"column":55}},"7":{"start":{"line":33,"column":4},"end":{"line":33,"column":43}},"8":{"start":{"line":6,"column":13},"end":{"line":6,"column":17}},"9":{"start":{"line":10,"column":9},"end":{"line":10,"column":null}},"10":{"start":{"line":13,"column":9},"end":{"line":13,"column":null}},"11":{"start":{"line":16,"column":9},"end":{"line":16,"column":null}},"12":{"start":{"line":19,"column":9},"end":{"line":19,"column":null}},"13":{"start":{"line":22,"column":9},"end":{"line":22,"column":null}},"14":{"start":{"line":25,"column":9},"end":{"line":25,"column":null}},"15":{"start":{"line":6,"column":13},"end":{"line":35,"column":null}}},"fnMap":{"0":{"name":"(anonymous_2)","decl":{"start":{"line":27,"column":2},"end":{"line":27,"column":14}},"loc":{"start":{"line":27,"column":34},"end":{"line":34,"column":3}}}},"branchMap":{"0":{"loc":{"start":{"line":28,"column":14},"end":{"line":28,"column":33}},"type":"cond-expr","locations":[{"start":{"line":28,"column":22},"end":{"line":28,"column":26}},{"start":{"line":28,"column":26},"end":{"line":28,"column":33}}]},"1":{"loc":{"start":{"line":28,"column":14},"end":{"line":28,"column":26}},"type":"binary-expr","locations":[{"start":{"line":28,"column":14},"end":{"line":28,"column":26}},{"start":{"line":28,"column":22},"end":{"line":28,"column":26}}]},"2":{"loc":{"start":{"line":29,"column":16},"end":{"line":29,"column":39}},"type":"cond-expr","locations":[{"start":{"line":29,"column":26},"end":{"line":29,"column":30}},{"start":{"line":29,"column":30},"end":{"line":29,"column":39}}]},"3":{"loc":{"start":{"line":29,"column":16},"end":{"line":29,"column":30}},"type":"binary-expr","locations":[{"start":{"line":29,"column":16},"end":{"line":29,"column":30}},{"start":{"line":29,"column":26},"end":{"line":29,"column":30}}]},"4":{"loc":{"start":{"line":30,"column":17},"end":{"line":30,"column":42}},"type":"cond-expr","locations":[{"start":{"line":30,"column":28},"end":{"line":30,"column":32}},{"start":{"line":30,"column":32},"end":{"line":30,"column":42}}]},"5":{"loc":{"start":{"line":30,"column":17},"end":{"line":30,"column":32}},"type":"binary-expr","locations":[{"start":{"line":30,"column":17},"end":{"line":30,"column":32}},{"start":{"line":30,"column":28},"end":{"line":30,"column":32}}]},"6":{"loc":{"start":{"line":31,"column":15},"end":{"line":31,"column":36}},"type":"cond-expr","locations":[{"start":{"line":31,"column":24},"end":{"line":31,"column":28}},{"start":{"line":31,"column":28},"end":{"line":31,"column":36}}]},"7":{"loc":{"start":{"line":31,"column":15},"end":{"line":31,"column":28}},"type":"binary-expr","locations":[{"start":{"line":31,"column":15},"end":{"line":31,"column":28}},{"start":{"line":31,"column":24},"end":{"line":31,"column":28}}]},"8":{"loc":{"start":{"line":32,"column":21},"end":{"line":32,"column":54}},"type":"cond-expr","locations":[{"start":{"line":32,"column":36},"end":{"line":32,"column":40}},{"start":{"line":32,"column":40},"end":{"line":32,"column":54}}]},"9":{"loc":{"start":{"line":32,"column":21},"end":{"line":32,"column":40}},"type":"binary-expr","locations":[{"start":{"line":32,"column":21},"end":{"line":32,"column":40}},{"start":{"line":32,"column":36},"end":{"line":32,"column":40}}]},"10":{"loc":{"start":{"line":33,"column":17},"end":{"line":33,"column":42}},"type":"cond-expr","locations":[{"start":{"line":33,"column":28},"end":{"line":33,"column":32}},{"start":{"line":33,"column":32},"end":{"line":33,"column":42}}]},"11":{"loc":{"start":{"line":33,"column":17},"end":{"line":33,"column":32}},"type":"binary-expr","locations":[{"start":{"line":33,"column":17},"end":{"line":33,"column":32}},{"start":{"line":33,"column":28},"end":{"line":33,"column":32}}]}},"s":{"0":7,"1":7,"2":0,"3":0,"4":0,"5":0,"6":0,"7":0,"8":7,"9":7,"10":7,"11":7,"12":7,"13":7,"14":7,"15":7},"f":{"0":0},"b":{"0":[0,0],"1":[0,0],"2":[0,0],"3":[0,0],"4":[0,0],"5":[0,0],"6":[0,0],"7":[0,0],"8":[0,0],"9":[0,0],"10":[0,0],"11":[0,0]}}
}
