{"/home/guilherme/Documentos/projetos/orm-sqlite/src/definitions.ts": {"path":"/home/guilherme/Documentos/projetos/orm-sqlite/src/definitions.ts","statementMap":{"0":{"start":{"line":1,"column":0},"end":{"line":1,"column":48}},"1":{"start":{"line":2,"column":0},"end":{"line":2,"column":48}}},"fnMap":{},"branchMap":{},"s":{"0":1,"1":1},"f":{},"b":{}}
,"/home/guilherme/Documentos/projetos/orm-sqlite/src/index.ts": {"path":"/home/guilherme/Documentos/projetos/orm-sqlite/src/index.ts","statementMap":{"0":{"start":{"line":1,"column":0},"end":{"line":1,"column":9}},"1":{"start":{"line":12,"column":2},"end":{"line":1,"column":66}},"2":{"start":{"line":16,"column":33},"end":{"line":1,"column":66}},"3":{"start":{"line":2,"column":0},"end":{"line":2,"column":9}},"4":{"start":{"line":13,"column":2},"end":{"line":2,"column":58}},"5":{"start":{"line":17,"column":25},"end":{"line":2,"column":58}},"6":{"start":{"line":3,"column":0},"end":{"line":3,"column":9}},"7":{"start":{"line":14,"column":2},"end":{"line":3,"column":62}},"8":{"start":{"line":18,"column":22},"end":{"line":3,"column":62}},"9":{"start":{"line":4,"column":0},"end":{"line":4,"column":9}},"10":{"start":{"line":15,"column":2},"end":{"line":4,"column":45}},"11":{"start":{"line":7,"column":0},"end":{"line":7,"column":46}},"12":{"start":{"line":8,"column":0},"end":{"line":8,"column":44}},"13":{"start":{"line":9,"column":0},"end":{"line":9,"column":30}},"14":{"start":{"line":10,"column":0},"end":{"line":10,"column":42}}},"fnMap":{"0":{"name":"(anonymous_4)","decl":{"start":{"line":12,"column":2},"end":{"line":12,"column":29}},"loc":{"start":{"line":12,"column":2},"end":{"line":1,"column":66}}},"1":{"name":"(anonymous_5)","decl":{"start":{"line":16,"column":33},"end":{"line":16,"column":60}},"loc":{"start":{"line":16,"column":33},"end":{"line":1,"column":66}}},"2":{"name":"(anonymous_6)","decl":{"start":{"line":13,"column":2},"end":{"line":13,"column":21}},"loc":{"start":{"line":13,"column":2},"end":{"line":2,"column":58}}},"3":{"name":"(anonymous_7)","decl":{"start":{"line":17,"column":25},"end":{"line":17,"column":44}},"loc":{"start":{"line":17,"column":25},"end":{"line":2,"column":58}}},"4":{"name":"(anonymous_8)","decl":{"start":{"line":14,"column":2},"end":{"line":14,"column":18}},"loc":{"start":{"line":14,"column":2},"end":{"line":3,"column":62}}},"5":{"name":"(anonymous_9)","decl":{"start":{"line":18,"column":22},"end":{"line":18,"column":38}},"loc":{"start":{"line":18,"column":22},"end":{"line":3,"column":62}}},"6":{"name":"(anonymous_10)","decl":{"start":{"line":15,"column":2},"end":{"line":15,"column":10}},"loc":{"start":{"line":15,"column":2},"end":{"line":4,"column":45}}}},"branchMap":{},"s":{"0":1,"1":2,"2":2,"3":1,"4":2,"5":2,"6":1,"7":2,"8":2,"9":1,"10":1,"11":1,"12":1,"13":1,"14":1},"f":{"0":1,"1":1,"2":1,"3":1,"4":1,"5":1,"6":0},"b":{}}
,"/home/guilherme/Documentos/projetos/orm-sqlite/src/database/database.ts": {"path":"/home/guilherme/Documentos/projetos/orm-sqlite/src/database/database.ts","statementMap":{"0":{"start":{"line":2,"column":0},"end":{"line":2,"column":62}},"1":{"start":{"line":4,"column":0},"end":{"line":4,"column":60}},"2":{"start":{"line":33,"column":4},"end":{"line":33,"column":58}},"3":{"start":{"line":34,"column":4},"end":{"line":34,"column":59}},"4":{"start":{"line":35,"column":4},"end":{"line":35,"column":61}},"5":{"start":{"line":36,"column":4},"end":{"line":36,"column":51}},"6":{"start":{"line":37,"column":4},"end":{"line":37,"column":57}},"7":{"start":{"line":38,"column":4},"end":{"line":38,"column":59}},"8":{"start":{"line":39,"column":4},"end":{"line":39,"column":49}},"9":{"start":{"line":43,"column":4},"end":{"line":43,"column":32}},"10":{"start":{"line":46,"column":4},"end":{"line":46,"column":33}},"11":{"start":{"line":49,"column":4},"end":{"line":49,"column":28}},"12":{"start":{"line":52,"column":4},"end":{"line":52,"column":31}},"13":{"start":{"line":55,"column":4},"end":{"line":55,"column":32}},"14":{"start":{"line":58,"column":4},"end":{"line":58,"column":27}},"15":{"start":{"line":62,"column":4},"end":{"line":62,"column":11}},"16":{"start":{"line":63,"column":4},"end":{"line":63,"column":84}},"17":{"start":{"line":67,"column":4},"end":{"line":67,"column":94}},"18":{"start":{"line":68,"column":4},"end":{"line":68,"column":48}},"19":{"start":{"line":69,"column":4},"end":{"line":69,"column":63}},"20":{"start":{"line":73,"column":4},"end":{"line":73,"column":84}},"21":{"start":{"line":76,"column":4},"end":{"line":76,"column":84}},"22":{"start":{"line":79,"column":4},"end":{"line":79,"column":84}},"23":{"start":{"line":82,"column":4},"end":{"line":82,"column":84}},"24":{"start":{"line":85,"column":4},"end":{"line":85,"column":84}},"25":{"start":{"line":88,"column":4},"end":{"line":88,"column":84}},"26":{"start":{"line":91,"column":4},"end":{"line":91,"column":8}},"27":{"start":{"line":92,"column":4},"end":{"line":92,"column":84}},"28":{"start":{"line":95,"column":4},"end":{"line":95,"column":8}},"29":{"start":{"line":96,"column":4},"end":{"line":96,"column":11}},"30":{"start":{"line":97,"column":4},"end":{"line":97,"column":84}},"31":{"start":{"line":100,"column":4},"end":{"line":100,"column":9}},"32":{"start":{"line":101,"column":4},"end":{"line":101,"column":84}},"33":{"start":{"line":104,"column":4},"end":{"line":104,"column":8}},"34":{"start":{"line":105,"column":4},"end":{"line":105,"column":84}},"35":{"start":{"line":108,"column":4},"end":{"line":108,"column":8}},"36":{"start":{"line":109,"column":4},"end":{"line":109,"column":11}},"37":{"start":{"line":110,"column":4},"end":{"line":110,"column":84}},"38":{"start":{"line":113,"column":4},"end":{"line":113,"column":8}},"39":{"start":{"line":114,"column":4},"end":{"line":114,"column":11}},"40":{"start":{"line":115,"column":4},"end":{"line":115,"column":84}},"41":{"start":{"line":118,"column":4},"end":{"line":118,"column":84}},"42":{"start":{"line":121,"column":4},"end":{"line":121,"column":15}},"43":{"start":{"line":122,"column":4},"end":{"line":122,"column":84}},"44":{"start":{"line":125,"column":4},"end":{"line":125,"column":14}},"45":{"start":{"line":126,"column":4},"end":{"line":126,"column":84}},"46":{"start":{"line":129,"column":4},"end":{"line":129,"column":15}},"47":{"start":{"line":130,"column":4},"end":{"line":130,"column":84}},"48":{"start":{"line":134,"column":4},"end":{"line":134,"column":31}},"49":{"start":{"line":138,"column":4},"end":{"line":138,"column":55}},"50":{"start":{"line":138,"column":42},"end":{"line":138,"column":55}},"51":{"start":{"line":139,"column":4},"end":{"line":139,"column":78}},"52":{"start":{"line":143,"column":19},"end":{"line":143,"column":39}},"53":{"start":{"line":145,"column":4},"end":{"line":145,"column":36}},"54":{"start":{"line":147,"column":4},"end":{"line":174,"column":5}},"55":{"start":{"line":149,"column":27},"end":{"line":149,"column":84}},"56":{"start":{"line":150,"column":6},"end":{"line":153,"column":7}},"57":{"start":{"line":151,"column":8},"end":{"line":151,"column":106}},"58":{"start":{"line":152,"column":8},"end":{"line":152,"column":63}},"59":{"start":{"line":156,"column":50},"end":{"line":156,"column":54}},"60":{"start":{"line":157,"column":6},"end":{"line":162,"column":7}},"61":{"start":{"line":158,"column":8},"end":{"line":158,"column":88}},"62":{"start":{"line":159,"column":8},"end":{"line":159,"column":68}},"63":{"start":{"line":161,"column":8},"end":{"line":161,"column":103}},"64":{"start":{"line":165,"column":6},"end":{"line":168,"column":7}},"65":{"start":{"line":166,"column":8},"end":{"line":166,"column":69}},"66":{"start":{"line":167,"column":8},"end":{"line":167,"column":70}},"67":{"start":{"line":170,"column":6},"end":{"line":170,"column":24}},"68":{"start":{"line":172,"column":6},"end":{"line":172,"column":84}},"69":{"start":{"line":173,"column":6},"end":{"line":173,"column":18}},"70":{"start":{"line":179,"column":4},"end":{"line":179,"column":63}},"71":{"start":{"line":180,"column":4},"end":{"line":183,"column":5}},"72":{"start":{"line":181,"column":6},"end":{"line":181,"column":52}},"73":{"start":{"line":182,"column":6},"end":{"line":182,"column":50}},"74":{"start":{"line":187,"column":15},"end":{"line":187,"column":28}},"75":{"start":{"line":188,"column":4},"end":{"line":191,"column":5}},"76":{"start":{"line":189,"column":6},"end":{"line":189,"column":66}},"77":{"start":{"line":190,"column":6},"end":{"line":190,"column":13}},"78":{"start":{"line":192,"column":4},"end":{"line":192,"column":43}},"79":{"start":{"line":193,"column":4},"end":{"line":193,"column":32}},"80":{"start":{"line":197,"column":15},"end":{"line":197,"column":28}},"81":{"start":{"line":198,"column":4},"end":{"line":198,"column":33}},"82":{"start":{"line":202,"column":15},"end":{"line":202,"column":28}},"83":{"start":{"line":203,"column":4},"end":{"line":203,"column":35}},"84":{"start":{"line":207,"column":4},"end":{"line":209,"column":5}},"85":{"start":{"line":208,"column":6},"end":{"line":208,"column":59}},"86":{"start":{"line":211,"column":4},"end":{"line":211,"column":26}},"87":{"start":{"line":213,"column":15},"end":{"line":213,"column":28}},"88":{"start":{"line":214,"column":19},"end":{"line":214,"column":61}},"89":{"start":{"line":215,"column":19},"end":{"line":215,"column":47}},"90":{"start":{"line":216,"column":20},"end":{"line":216,"column":48}},"91":{"start":{"line":218,"column":4},"end":{"line":223,"column":null}},"92":{"start":{"line":227,"column":4},"end":{"line":229,"column":5}},"93":{"start":{"line":228,"column":6},"end":{"line":228,"column":82}},"94":{"start":{"line":231,"column":4},"end":{"line":231,"column":26}},"95":{"start":{"line":233,"column":15},"end":{"line":233,"column":28}},"96":{"start":{"line":234,"column":19},"end":{"line":234,"column":58}},"97":{"start":{"line":236,"column":19},"end":{"line":236,"column":47}},"98":{"start":{"line":237,"column":20},"end":{"line":237,"column":48}},"99":{"start":{"line":239,"column":4},"end":{"line":244,"column":null}},"100":{"start":{"line":248,"column":4},"end":{"line":250,"column":5}},"101":{"start":{"line":249,"column":6},"end":{"line":249,"column":59}},"102":{"start":{"line":252,"column":4},"end":{"line":252,"column":26}},"103":{"start":{"line":254,"column":15},"end":{"line":254,"column":28}},"104":{"start":{"line":255,"column":24},"end":{"line":255,"column":43}},"105":{"start":{"line":256,"column":4},"end":{"line":256,"column":70}},"106":{"start":{"line":256,"column":44},"end":{"line":256,"column":62}},"107":{"start":{"line":260,"column":4},"end":{"line":262,"column":5}},"108":{"start":{"line":261,"column":6},"end":{"line":261,"column":82}},"109":{"start":{"line":264,"column":4},"end":{"line":264,"column":26}},"110":{"start":{"line":266,"column":15},"end":{"line":266,"column":28}},"111":{"start":{"line":267,"column":24},"end":{"line":267,"column":51}},"112":{"start":{"line":268,"column":4},"end":{"line":268,"column":70}},"113":{"start":{"line":268,"column":44},"end":{"line":268,"column":62}},"114":{"start":{"line":272,"column":17},"end":{"line":272,"column":59}},"115":{"start":{"line":273,"column":4},"end":{"line":273,"column":27}},"116":{"start":{"line":277,"column":15},"end":{"line":277,"column":28}},"117":{"start":{"line":278,"column":24},"end":{"line":278,"column":72}},"118":{"start":{"line":280,"column":4},"end":{"line":282,"column":5}},"119":{"start":{"line":281,"column":6},"end":{"line":281,"column":20}},"120":{"start":{"line":284,"column":4},"end":{"line":284,"column":32}},"121":{"start":{"line":285,"column":4},"end":{"line":292,"column":5}},"122":{"start":{"line":286,"column":21},"end":{"line":286,"column":33}},"123":{"start":{"line":287,"column":6},"end":{"line":287,"column":35}},"124":{"start":{"line":288,"column":6},"end":{"line":288,"column":20}},"125":{"start":{"line":290,"column":6},"end":{"line":290,"column":37}},"126":{"start":{"line":291,"column":6},"end":{"line":291,"column":18}},"127":{"start":{"line":296,"column":19},"end":{"line":299,"column":8}},"128":{"start":{"line":300,"column":4},"end":{"line":300,"column":30}},"129":{"start":{"line":304,"column":4},"end":{"line":306,"column":9}},"130":{"start":{"line":310,"column":4},"end":{"line":310,"column":39}},"131":{"start":{"line":311,"column":4},"end":{"line":311,"column":25}},"132":{"start":{"line":312,"column":4},"end":{"line":312,"column":77}},"133":{"start":{"line":313,"column":4},"end":{"line":313,"column":32}},"134":{"start":{"line":314,"column":4},"end":{"line":314,"column":48}},"135":{"start":{"line":318,"column":4},"end":{"line":318,"column":40}},"136":{"start":{"line":319,"column":4},"end":{"line":319,"column":78}},"137":{"start":{"line":320,"column":4},"end":{"line":320,"column":49}},"138":{"start":{"line":322,"column":27},"end":{"line":322,"column":59}},"139":{"start":{"line":324,"column":4},"end":{"line":328,"column":5}},"140":{"start":{"line":325,"column":6},"end":{"line":325,"column":73}},"141":{"start":{"line":326,"column":6},"end":{"line":326,"column":50}},"142":{"start":{"line":327,"column":6},"end":{"line":327,"column":13}},"143":{"start":{"line":330,"column":4},"end":{"line":330,"column":59}},"144":{"start":{"line":334,"column":4},"end":{"line":336,"column":5}},"145":{"start":{"line":335,"column":6},"end":{"line":335,"column":45}},"146":{"start":{"line":338,"column":4},"end":{"line":347,"column":5}},"147":{"start":{"line":339,"column":6},"end":{"line":346,"column":11}},"148":{"start":{"line":340,"column":27},"end":{"line":340,"column":67}},"149":{"start":{"line":341,"column":8},"end":{"line":343,"column":9}},"150":{"start":{"line":342,"column":10},"end":{"line":342,"column":34}},"151":{"start":{"line":344,"column":8},"end":{"line":344,"column":53}},"152":{"start":{"line":345,"column":8},"end":{"line":345,"column":26}},"153":{"start":{"line":349,"column":4},"end":{"line":353,"column":5}},"154":{"start":{"line":350,"column":6},"end":{"line":350,"column":66}},"155":{"start":{"line":352,"column":6},"end":{"line":352,"column":65}},"156":{"start":{"line":357,"column":4},"end":{"line":371,"column":5}},"157":{"start":{"line":358,"column":6},"end":{"line":364,"column":8}},"158":{"start":{"line":366,"column":22},"end":{"line":366,"column":32}},"159":{"start":{"line":367,"column":6},"end":{"line":369,"column":7}},"160":{"start":{"line":368,"column":8},"end":{"line":368,"column":82}},"161":{"start":{"line":370,"column":6},"end":{"line":370,"column":18}},"162":{"start":{"line":375,"column":25},"end":{"line":375,"column":80}},"163":{"start":{"line":377,"column":4},"end":{"line":382,"column":5}},"164":{"start":{"line":378,"column":6},"end":{"line":381,"column":8}},"165":{"start":{"line":383,"column":4},"end":{"line":388,"column":5}},"166":{"start":{"line":384,"column":6},"end":{"line":387,"column":8}},"167":{"start":{"line":389,"column":4},"end":{"line":394,"column":5}},"168":{"start":{"line":390,"column":6},"end":{"line":393,"column":8}},"169":{"start":{"line":395,"column":4},"end":{"line":400,"column":5}},"170":{"start":{"line":396,"column":6},"end":{"line":399,"column":8}},"171":{"start":{"line":404,"column":4},"end":{"line":406,"column":5}},"172":{"start":{"line":405,"column":6},"end":{"line":405,"column":92}},"173":{"start":{"line":410,"column":18},"end":{"line":415,"column":8}},"174":{"start":{"line":416,"column":4},"end":{"line":416,"column":30}},"175":{"start":{"line":420,"column":4},"end":{"line":422,"column":5}},"176":{"start":{"line":421,"column":6},"end":{"line":421,"column":65}},"177":{"start":{"line":423,"column":4},"end":{"line":423,"column":74}},"178":{"start":{"line":427,"column":28},"end":{"line":427,"column":69}},"179":{"start":{"line":428,"column":4},"end":{"line":436,"column":5}},"180":{"start":{"line":429,"column":6},"end":{"line":429,"column":136}},"181":{"start":{"line":430,"column":6},"end":{"line":432,"column":7}},"182":{"start":{"line":430,"column":25},"end":{"line":430,"column":43}},"183":{"start":{"line":431,"column":8},"end":{"line":431,"column":57}},"184":{"start":{"line":433,"column":6},"end":{"line":433,"column":76}},"185":{"start":{"line":435,"column":6},"end":{"line":435,"column":66}},"186":{"start":{"line":440,"column":22},"end":{"line":440,"column":65}},"187":{"start":{"line":440,"column":43},"end":{"line":440,"column":64}},"188":{"start":{"line":441,"column":4},"end":{"line":446,"column":5}},"189":{"start":{"line":442,"column":6},"end":{"line":445,"column":8}},"190":{"start":{"line":448,"column":4},"end":{"line":448,"column":63}},"191":{"start":{"line":452,"column":15},"end":{"line":452,"column":28}},"192":{"start":{"line":453,"column":24},"end":{"line":453,"column":72}},"193":{"start":{"line":455,"column":4},"end":{"line":460,"column":5}},"194":{"start":{"line":456,"column":6},"end":{"line":458,"column":7}},"195":{"start":{"line":457,"column":8},"end":{"line":457,"column":32}},"196":{"start":{"line":459,"column":6},"end":{"line":459,"column":13}},"197":{"start":{"line":462,"column":4},"end":{"line":462,"column":32}},"198":{"start":{"line":463,"column":4},"end":{"line":471,"column":5}},"199":{"start":{"line":464,"column":6},"end":{"line":466,"column":7}},"200":{"start":{"line":465,"column":8},"end":{"line":465,"column":32}},"201":{"start":{"line":467,"column":6},"end":{"line":467,"column":35}},"202":{"start":{"line":469,"column":6},"end":{"line":469,"column":37}},"203":{"start":{"line":470,"column":6},"end":{"line":470,"column":18}},"204":{"start":{"line":475,"column":4},"end":{"line":479,"column":7}},"205":{"start":{"line":476,"column":6},"end":{"line":478,"column":7}},"206":{"start":{"line":477,"column":8},"end":{"line":477,"column":40}},"207":{"start":{"line":480,"column":4},"end":{"line":480,"column":15}},"208":{"start":{"line":484,"column":20},"end":{"line":484,"column":30}},"209":{"start":{"line":485,"column":4},"end":{"line":487,"column":5}},"210":{"start":{"line":486,"column":6},"end":{"line":486,"column":19}},"211":{"start":{"line":489,"column":4},"end":{"line":494,"column":5}},"212":{"start":{"line":490,"column":6},"end":{"line":490,"column":26}},"213":{"start":{"line":491,"column":6},"end":{"line":491,"column":18}},"214":{"start":{"line":493,"column":6},"end":{"line":493,"column":19}},"215":{"start":{"line":498,"column":4},"end":{"line":503,"column":5}},"216":{"start":{"line":499,"column":6},"end":{"line":502,"column":8}},"217":{"start":{"line":505,"column":21},"end":{"line":505,"column":51}},"218":{"start":{"line":505,"column":41},"end":{"line":505,"column":50}},"219":{"start":{"line":506,"column":27},"end":{"line":506,"column":44}},"220":{"start":{"line":507,"column":4},"end":{"line":512,"column":5}},"221":{"start":{"line":508,"column":6},"end":{"line":511,"column":8}},"222":{"start":{"line":514,"column":4},"end":{"line":521,"column":5}},"223":{"start":{"line":514,"column":17},"end":{"line":514,"column":18}},"224":{"start":{"line":515,"column":6},"end":{"line":520,"column":7}},"225":{"start":{"line":516,"column":8},"end":{"line":519,"column":10}},"226":{"start":{"line":9,"column":0},"end":{"line":9,"column":13}},"227":{"start":{"line":15,"column":17},"end":{"line":22,"column":4}}},"fnMap":{"0":{"name":"(anonymous_0)","decl":{"start":{"line":24,"column":2},"end":{"line":24,"column":null}},"loc":{"start":{"line":31,"column":16},"end":{"line":40,"column":3}}},"1":{"name":"(anonymous_1)","decl":{"start":{"line":42,"column":2},"end":{"line":42,"column":8}},"loc":{"start":{"line":42,"column":21},"end":{"line":44,"column":3}}},"2":{"name":"(anonymous_2)","decl":{"start":{"line":45,"column":2},"end":{"line":45,"column":8}},"loc":{"start":{"line":45,"column":22},"end":{"line":47,"column":3}}},"3":{"name":"(anonymous_3)","decl":{"start":{"line":48,"column":2},"end":{"line":48,"column":8}},"loc":{"start":{"line":48,"column":17},"end":{"line":50,"column":3}}},"4":{"name":"(anonymous_4)","decl":{"start":{"line":51,"column":2},"end":{"line":51,"column":8}},"loc":{"start":{"line":51,"column":20},"end":{"line":53,"column":3}}},"5":{"name":"(anonymous_5)","decl":{"start":{"line":54,"column":2},"end":{"line":54,"column":8}},"loc":{"start":{"line":54,"column":21},"end":{"line":56,"column":3}}},"6":{"name":"(anonymous_6)","decl":{"start":{"line":57,"column":2},"end":{"line":57,"column":8}},"loc":{"start":{"line":57,"column":16},"end":{"line":59,"column":3}}},"7":{"name":"(anonymous_7)","decl":{"start":{"line":61,"column":2},"end":{"line":61,"column":11}},"loc":{"start":{"line":61,"column":44},"end":{"line":64,"column":3}}},"8":{"name":"(anonymous_8)","decl":{"start":{"line":66,"column":9},"end":{"line":66,"column":15}},"loc":{"start":{"line":66,"column":84},"end":{"line":70,"column":3}}},"9":{"name":"(anonymous_9)","decl":{"start":{"line":72,"column":2},"end":{"line":72,"column":8}},"loc":{"start":{"line":72,"column":8},"end":{"line":74,"column":3}}},"10":{"name":"(anonymous_10)","decl":{"start":{"line":75,"column":2},"end":{"line":75,"column":29}},"loc":{"start":{"line":75,"column":29},"end":{"line":77,"column":3}}},"11":{"name":"(anonymous_11)","decl":{"start":{"line":78,"column":2},"end":{"line":78,"column":9}},"loc":{"start":{"line":78,"column":9},"end":{"line":80,"column":3}}},"12":{"name":"(anonymous_12)","decl":{"start":{"line":81,"column":2},"end":{"line":81,"column":18}},"loc":{"start":{"line":81,"column":18},"end":{"line":83,"column":3}}},"13":{"name":"(anonymous_13)","decl":{"start":{"line":84,"column":2},"end":{"line":84,"column":19}},"loc":{"start":{"line":84,"column":19},"end":{"line":86,"column":3}}},"14":{"name":"(anonymous_14)","decl":{"start":{"line":87,"column":2},"end":{"line":87,"column":21}},"loc":{"start":{"line":87,"column":21},"end":{"line":89,"column":3}}},"15":{"name":"(anonymous_15)","decl":{"start":{"line":90,"column":2},"end":{"line":90,"column":9}},"loc":{"start":{"line":90,"column":30},"end":{"line":93,"column":3}}},"16":{"name":"(anonymous_16)","decl":{"start":{"line":94,"column":2},"end":{"line":94,"column":19}},"loc":{"start":{"line":94,"column":55},"end":{"line":98,"column":3}}},"17":{"name":"(anonymous_17)","decl":{"start":{"line":99,"column":2},"end":{"line":99,"column":20}},"loc":{"start":{"line":99,"column":52},"end":{"line":102,"column":3}}},"18":{"name":"(anonymous_18)","decl":{"start":{"line":103,"column":2},"end":{"line":103,"column":7}},"loc":{"start":{"line":103,"column":28},"end":{"line":106,"column":3}}},"19":{"name":"(anonymous_19)","decl":{"start":{"line":107,"column":2},"end":{"line":107,"column":17}},"loc":{"start":{"line":107,"column":53},"end":{"line":111,"column":3}}},"20":{"name":"(anonymous_20)","decl":{"start":{"line":112,"column":2},"end":{"line":112,"column":20}},"loc":{"start":{"line":112,"column":56},"end":{"line":116,"column":3}}},"21":{"name":"(anonymous_21)","decl":{"start":{"line":117,"column":2},"end":{"line":117,"column":21}},"loc":{"start":{"line":117,"column":21},"end":{"line":119,"column":3}}},"22":{"name":"(anonymous_22)","decl":{"start":{"line":120,"column":2},"end":{"line":120,"column":17}},"loc":{"start":{"line":120,"column":36},"end":{"line":123,"column":3}}},"23":{"name":"(anonymous_23)","decl":{"start":{"line":124,"column":2},"end":{"line":124,"column":18}},"loc":{"start":{"line":124,"column":35},"end":{"line":127,"column":3}}},"24":{"name":"(anonymous_24)","decl":{"start":{"line":128,"column":2},"end":{"line":128,"column":23}},"loc":{"start":{"line":128,"column":41},"end":{"line":131,"column":3}}},"25":{"name":"(anonymous_25)","decl":{"start":{"line":133,"column":2},"end":{"line":133,"column":8}},"loc":{"start":{"line":133,"column":15},"end":{"line":135,"column":3}}},"26":{"name":"(anonymous_26)","decl":{"start":{"line":137,"column":9},"end":{"line":137,"column":15}},"loc":{"start":{"line":137,"column":28},"end":{"line":140,"column":3}}},"27":{"name":"(anonymous_27)","decl":{"start":{"line":142,"column":9},"end":{"line":142,"column":15}},"loc":{"start":{"line":142,"column":49},"end":{"line":175,"column":3}}},"28":{"name":"(anonymous_28)","decl":{"start":{"line":178,"column":9},"end":{"line":178,"column":15}},"loc":{"start":{"line":178,"column":29},"end":{"line":184,"column":3}}},"29":{"name":"(anonymous_29)","decl":{"start":{"line":186,"column":9},"end":{"line":186,"column":15}},"loc":{"start":{"line":186,"column":38},"end":{"line":194,"column":3}}},"30":{"name":"(anonymous_30)","decl":{"start":{"line":196,"column":9},"end":{"line":196,"column":15}},"loc":{"start":{"line":196,"column":39},"end":{"line":199,"column":3}}},"31":{"name":"(anonymous_31)","decl":{"start":{"line":201,"column":9},"end":{"line":201,"column":15}},"loc":{"start":{"line":201,"column":41},"end":{"line":204,"column":3}}},"32":{"name":"(anonymous_32)","decl":{"start":{"line":206,"column":9},"end":{"line":206,"column":15}},"loc":{"start":{"line":206,"column":50},"end":{"line":224,"column":3}}},"33":{"name":"(anonymous_33)","decl":{"start":{"line":226,"column":9},"end":{"line":226,"column":15}},"loc":{"start":{"line":226,"column":75},"end":{"line":245,"column":3}}},"34":{"name":"(anonymous_34)","decl":{"start":{"line":247,"column":9},"end":{"line":247,"column":15}},"loc":{"start":{"line":247,"column":48},"end":{"line":257,"column":3}}},"35":{"name":"(anonymous_35)","decl":{"start":{"line":256,"column":30},"end":{"line":256,"column":31}},"loc":{"start":{"line":256,"column":44},"end":{"line":256,"column":62}}},"36":{"name":"(anonymous_36)","decl":{"start":{"line":259,"column":9},"end":{"line":259,"column":15}},"loc":{"start":{"line":259,"column":73},"end":{"line":269,"column":3}}},"37":{"name":"(anonymous_37)","decl":{"start":{"line":268,"column":30},"end":{"line":268,"column":31}},"loc":{"start":{"line":268,"column":44},"end":{"line":268,"column":62}}},"38":{"name":"(anonymous_38)","decl":{"start":{"line":271,"column":9},"end":{"line":271,"column":15}},"loc":{"start":{"line":271,"column":76},"end":{"line":274,"column":3}}},"39":{"name":"(anonymous_39)","decl":{"start":{"line":276,"column":9},"end":{"line":276,"column":15}},"loc":{"start":{"line":276,"column":72},"end":{"line":293,"column":3}}},"40":{"name":"(anonymous_40)","decl":{"start":{"line":295,"column":9},"end":{"line":295,"column":15}},"loc":{"start":{"line":295,"column":41},"end":{"line":301,"column":3}}},"41":{"name":"(anonymous_41)","decl":{"start":{"line":303,"column":9},"end":{"line":303,"column":15}},"loc":{"start":{"line":303,"column":56},"end":{"line":307,"column":3}}},"42":{"name":"(anonymous_42)","decl":{"start":{"line":309,"column":9},"end":{"line":309,"column":15}},"loc":{"start":{"line":309,"column":79},"end":{"line":315,"column":3}}},"43":{"name":"(anonymous_43)","decl":{"start":{"line":317,"column":9},"end":{"line":317,"column":15}},"loc":{"start":{"line":317,"column":85},"end":{"line":331,"column":3}}},"44":{"name":"(anonymous_44)","decl":{"start":{"line":333,"column":10},"end":{"line":333,"column":16}},"loc":{"start":{"line":333,"column":35},"end":{"line":354,"column":3}}},"45":{"name":"(anonymous_45)","decl":{"start":{"line":339,"column":56},"end":{"line":339,"column":61}},"loc":{"start":{"line":339,"column":67},"end":{"line":346,"column":7}}},"46":{"name":"(anonymous_46)","decl":{"start":{"line":356,"column":10},"end":{"line":356,"column":16}},"loc":{"start":{"line":356,"column":66},"end":{"line":372,"column":3}}},"47":{"name":"(anonymous_47)","decl":{"start":{"line":374,"column":10},"end":{"line":374,"column":16}},"loc":{"start":{"line":374,"column":41},"end":{"line":401,"column":3}}},"48":{"name":"(anonymous_48)","decl":{"start":{"line":403,"column":10},"end":{"line":403,"column":16}},"loc":{"start":{"line":403,"column":40},"end":{"line":407,"column":3}}},"49":{"name":"(anonymous_49)","decl":{"start":{"line":409,"column":10},"end":{"line":409,"column":16}},"loc":{"start":{"line":409,"column":54},"end":{"line":417,"column":3}}},"50":{"name":"(anonymous_50)","decl":{"start":{"line":419,"column":10},"end":{"line":419,"column":16}},"loc":{"start":{"line":419,"column":85},"end":{"line":424,"column":3}}},"51":{"name":"(anonymous_51)","decl":{"start":{"line":426,"column":10},"end":{"line":426,"column":16}},"loc":{"start":{"line":426,"column":104},"end":{"line":437,"column":3}}},"52":{"name":"(anonymous_52)","decl":{"start":{"line":439,"column":10},"end":{"line":439,"column":16}},"loc":{"start":{"line":439,"column":98},"end":{"line":449,"column":3}}},"53":{"name":"(anonymous_53)","decl":{"start":{"line":440,"column":38},"end":{"line":440,"column":39}},"loc":{"start":{"line":440,"column":43},"end":{"line":440,"column":64}}},"54":{"name":"(anonymous_54)","decl":{"start":{"line":451,"column":10},"end":{"line":451,"column":16}},"loc":{"start":{"line":451,"column":73},"end":{"line":472,"column":3}}},"55":{"name":"(anonymous_55)","decl":{"start":{"line":474,"column":10},"end":{"line":474,"column":16}},"loc":{"start":{"line":474,"column":34},"end":{"line":481,"column":3}}},"56":{"name":"(anonymous_56)","decl":{"start":{"line":475,"column":29},"end":{"line":475,"column":32}},"loc":{"start":{"line":475,"column":35},"end":{"line":479,"column":5}}},"57":{"name":"(anonymous_57)","decl":{"start":{"line":483,"column":10},"end":{"line":483,"column":16}},"loc":{"start":{"line":483,"column":41},"end":{"line":495,"column":3}}},"58":{"name":"(anonymous_58)","decl":{"start":{"line":497,"column":10},"end":{"line":497,"column":16}},"loc":{"start":{"line":497,"column":77},"end":{"line":522,"column":3}}},"59":{"name":"(anonymous_59)","decl":{"start":{"line":505,"column":36},"end":{"line":505,"column":37}},"loc":{"start":{"line":505,"column":41},"end":{"line":505,"column":50}}}},"branchMap":{"0":{"loc":{"start":{"line":138,"column":4},"end":{"line":138,"column":55}},"type":"if","locations":[{"start":{"line":138,"column":4},"end":{"line":138,"column":55}}]},"1":{"loc":{"start":{"line":139,"column":11},"end":{"line":139,"column":77}},"type":"cond-expr","locations":[{"start":{"line":139,"column":68},"end":{"line":139,"column":72}},{"start":{"line":139,"column":72},"end":{"line":139,"column":77}}]},"2":{"loc":{"start":{"line":139,"column":11},"end":{"line":139,"column":72}},"type":"binary-expr","locations":[{"start":{"line":139,"column":11},"end":{"line":139,"column":72}},{"start":{"line":139,"column":68},"end":{"line":139,"column":72}}]},"3":{"loc":{"start":{"line":149,"column":27},"end":{"line":149,"column":84}},"type":"cond-expr","locations":[{"start":{"line":149,"column":76},"end":{"line":149,"column":78}},{"start":{"line":149,"column":76},"end":{"line":149,"column":84}}]},"4":{"loc":{"start":{"line":149,"column":27},"end":{"line":149,"column":78}},"type":"binary-expr","locations":[{"start":{"line":149,"column":27},"end":{"line":149,"column":78}},{"start":{"line":149,"column":76},"end":{"line":149,"column":78}}]},"5":{"loc":{"start":{"line":150,"column":6},"end":{"line":153,"column":7}},"type":"if","locations":[{"start":{"line":150,"column":6},"end":{"line":153,"column":7}}]},"6":{"loc":{"start":{"line":165,"column":6},"end":{"line":168,"column":7}},"type":"if","locations":[{"start":{"line":165,"column":6},"end":{"line":168,"column":7}}]},"7":{"loc":{"start":{"line":180,"column":4},"end":{"line":183,"column":5}},"type":"if","locations":[{"start":{"line":180,"column":4},"end":{"line":183,"column":5}}]},"8":{"loc":{"start":{"line":188,"column":4},"end":{"line":191,"column":5}},"type":"if","locations":[{"start":{"line":188,"column":4},"end":{"line":191,"column":5}}]},"9":{"loc":{"start":{"line":207,"column":4},"end":{"line":209,"column":5}},"type":"if","locations":[{"start":{"line":207,"column":4},"end":{"line":209,"column":5}}]},"10":{"loc":{"start":{"line":215,"column":19},"end":{"line":215,"column":47}},"type":"cond-expr","locations":[{"start":{"line":215,"column":41},"end":{"line":215,"column":45}},{"start":{"line":215,"column":45},"end":{"line":215,"column":47}}]},"11":{"loc":{"start":{"line":215,"column":19},"end":{"line":215,"column":45}},"type":"binary-expr","locations":[{"start":{"line":215,"column":19},"end":{"line":215,"column":45}},{"start":{"line":215,"column":41},"end":{"line":215,"column":45}}]},"12":{"loc":{"start":{"line":215,"column":19},"end":{"line":215,"column":41}},"type":"cond-expr","locations":[{"start":{"line":215,"column":33},"end":{"line":215,"column":35}},{"start":{"line":215,"column":33},"end":{"line":215,"column":41}}]},"13":{"loc":{"start":{"line":215,"column":19},"end":{"line":215,"column":35}},"type":"binary-expr","locations":[{"start":{"line":215,"column":19},"end":{"line":215,"column":35}},{"start":{"line":215,"column":33},"end":{"line":215,"column":35}}]},"14":{"loc":{"start":{"line":216,"column":20},"end":{"line":216,"column":48}},"type":"cond-expr","locations":[{"start":{"line":216,"column":43},"end":{"line":216,"column":47}},{"start":{"line":216,"column":47},"end":{"line":216,"column":48}}]},"15":{"loc":{"start":{"line":216,"column":20},"end":{"line":216,"column":47}},"type":"binary-expr","locations":[{"start":{"line":216,"column":20},"end":{"line":216,"column":47}},{"start":{"line":216,"column":43},"end":{"line":216,"column":47}}]},"16":{"loc":{"start":{"line":216,"column":20},"end":{"line":216,"column":43}},"type":"cond-expr","locations":[{"start":{"line":216,"column":34},"end":{"line":216,"column":36}},{"start":{"line":216,"column":34},"end":{"line":216,"column":43}}]},"17":{"loc":{"start":{"line":216,"column":20},"end":{"line":216,"column":36}},"type":"binary-expr","locations":[{"start":{"line":216,"column":20},"end":{"line":216,"column":36}},{"start":{"line":216,"column":34},"end":{"line":216,"column":36}}]},"18":{"loc":{"start":{"line":221,"column":14},"end":{"line":221,"column":26}},"type":"cond-expr","locations":[{"start":{"line":221,"column":14},"end":{"line":221,"column":20}},{"start":{"line":221,"column":24},"end":{"line":221,"column":26}}]},"19":{"loc":{"start":{"line":221,"column":14},"end":{"line":221,"column":24}},"type":"binary-expr","locations":[{"start":{"line":221,"column":14},"end":{"line":221,"column":24}},{"start":{"line":221,"column":14},"end":{"line":221,"column":24}}]},"20":{"loc":{"start":{"line":222,"column":21},"end":{"line":222,"column":49}},"type":"cond-expr","locations":[{"start":{"line":222,"column":43},"end":{"line":222,"column":47}},{"start":{"line":222,"column":47},"end":{"line":222,"column":49}}]},"21":{"loc":{"start":{"line":222,"column":21},"end":{"line":222,"column":47}},"type":"binary-expr","locations":[{"start":{"line":222,"column":21},"end":{"line":222,"column":47}},{"start":{"line":222,"column":43},"end":{"line":222,"column":47}}]},"22":{"loc":{"start":{"line":227,"column":4},"end":{"line":229,"column":5}},"type":"if","locations":[{"start":{"line":227,"column":4},"end":{"line":229,"column":5}}]},"23":{"loc":{"start":{"line":236,"column":19},"end":{"line":236,"column":47}},"type":"cond-expr","locations":[{"start":{"line":236,"column":41},"end":{"line":236,"column":45}},{"start":{"line":236,"column":45},"end":{"line":236,"column":47}}]},"24":{"loc":{"start":{"line":236,"column":19},"end":{"line":236,"column":45}},"type":"binary-expr","locations":[{"start":{"line":236,"column":19},"end":{"line":236,"column":45}},{"start":{"line":236,"column":41},"end":{"line":236,"column":45}}]},"25":{"loc":{"start":{"line":236,"column":19},"end":{"line":236,"column":41}},"type":"cond-expr","locations":[{"start":{"line":236,"column":33},"end":{"line":236,"column":35}},{"start":{"line":236,"column":33},"end":{"line":236,"column":41}}]},"26":{"loc":{"start":{"line":236,"column":19},"end":{"line":236,"column":35}},"type":"binary-expr","locations":[{"start":{"line":236,"column":19},"end":{"line":236,"column":35}},{"start":{"line":236,"column":33},"end":{"line":236,"column":35}}]},"27":{"loc":{"start":{"line":237,"column":20},"end":{"line":237,"column":48}},"type":"cond-expr","locations":[{"start":{"line":237,"column":43},"end":{"line":237,"column":47}},{"start":{"line":237,"column":47},"end":{"line":237,"column":48}}]},"28":{"loc":{"start":{"line":237,"column":20},"end":{"line":237,"column":47}},"type":"binary-expr","locations":[{"start":{"line":237,"column":20},"end":{"line":237,"column":47}},{"start":{"line":237,"column":43},"end":{"line":237,"column":47}}]},"29":{"loc":{"start":{"line":237,"column":20},"end":{"line":237,"column":43}},"type":"cond-expr","locations":[{"start":{"line":237,"column":34},"end":{"line":237,"column":36}},{"start":{"line":237,"column":34},"end":{"line":237,"column":43}}]},"30":{"loc":{"start":{"line":237,"column":20},"end":{"line":237,"column":36}},"type":"binary-expr","locations":[{"start":{"line":237,"column":20},"end":{"line":237,"column":36}},{"start":{"line":237,"column":34},"end":{"line":237,"column":36}}]},"31":{"loc":{"start":{"line":242,"column":14},"end":{"line":242,"column":26}},"type":"cond-expr","locations":[{"start":{"line":242,"column":14},"end":{"line":242,"column":20}},{"start":{"line":242,"column":24},"end":{"line":242,"column":26}}]},"32":{"loc":{"start":{"line":242,"column":14},"end":{"line":242,"column":24}},"type":"binary-expr","locations":[{"start":{"line":242,"column":14},"end":{"line":242,"column":24}},{"start":{"line":242,"column":14},"end":{"line":242,"column":24}}]},"33":{"loc":{"start":{"line":243,"column":21},"end":{"line":243,"column":49}},"type":"cond-expr","locations":[{"start":{"line":243,"column":43},"end":{"line":243,"column":47}},{"start":{"line":243,"column":47},"end":{"line":243,"column":49}}]},"34":{"loc":{"start":{"line":243,"column":21},"end":{"line":243,"column":47}},"type":"binary-expr","locations":[{"start":{"line":243,"column":21},"end":{"line":243,"column":47}},{"start":{"line":243,"column":43},"end":{"line":243,"column":47}}]},"35":{"loc":{"start":{"line":248,"column":4},"end":{"line":250,"column":5}},"type":"if","locations":[{"start":{"line":248,"column":4},"end":{"line":250,"column":5}}]},"36":{"loc":{"start":{"line":256,"column":11},"end":{"line":256,"column":69}},"type":"cond-expr","locations":[{"start":{"line":256,"column":63},"end":{"line":256,"column":67}},{"start":{"line":256,"column":67},"end":{"line":256,"column":69}}]},"37":{"loc":{"start":{"line":256,"column":11},"end":{"line":256,"column":67}},"type":"binary-expr","locations":[{"start":{"line":256,"column":11},"end":{"line":256,"column":67}},{"start":{"line":256,"column":63},"end":{"line":256,"column":67}}]},"38":{"loc":{"start":{"line":256,"column":11},"end":{"line":256,"column":63}},"type":"cond-expr","locations":[{"start":{"line":256,"column":24},"end":{"line":256,"column":26}},{"start":{"line":256,"column":24},"end":{"line":256,"column":63}}]},"39":{"loc":{"start":{"line":256,"column":11},"end":{"line":256,"column":26}},"type":"binary-expr","locations":[{"start":{"line":256,"column":11},"end":{"line":256,"column":26}},{"start":{"line":256,"column":24},"end":{"line":256,"column":26}}]},"40":{"loc":{"start":{"line":260,"column":4},"end":{"line":262,"column":5}},"type":"if","locations":[{"start":{"line":260,"column":4},"end":{"line":262,"column":5}}]},"41":{"loc":{"start":{"line":268,"column":11},"end":{"line":268,"column":69}},"type":"cond-expr","locations":[{"start":{"line":268,"column":63},"end":{"line":268,"column":67}},{"start":{"line":268,"column":67},"end":{"line":268,"column":69}}]},"42":{"loc":{"start":{"line":268,"column":11},"end":{"line":268,"column":67}},"type":"binary-expr","locations":[{"start":{"line":268,"column":11},"end":{"line":268,"column":67}},{"start":{"line":268,"column":63},"end":{"line":268,"column":67}}]},"43":{"loc":{"start":{"line":268,"column":11},"end":{"line":268,"column":63}},"type":"cond-expr","locations":[{"start":{"line":268,"column":24},"end":{"line":268,"column":26}},{"start":{"line":268,"column":24},"end":{"line":268,"column":63}}]},"44":{"loc":{"start":{"line":268,"column":11},"end":{"line":268,"column":26}},"type":"binary-expr","locations":[{"start":{"line":268,"column":11},"end":{"line":268,"column":26}},{"start":{"line":268,"column":24},"end":{"line":268,"column":26}}]},"45":{"loc":{"start":{"line":273,"column":11},"end":{"line":273,"column":26}},"type":"cond-expr","locations":[{"start":{"line":273,"column":18},"end":{"line":273,"column":22}},{"start":{"line":273,"column":22},"end":{"line":273,"column":26}}]},"46":{"loc":{"start":{"line":273,"column":11},"end":{"line":273,"column":22}},"type":"binary-expr","locations":[{"start":{"line":273,"column":11},"end":{"line":273,"column":22}},{"start":{"line":273,"column":18},"end":{"line":273,"column":22}}]},"47":{"loc":{"start":{"line":278,"column":24},"end":{"line":278,"column":72}},"type":"cond-expr","locations":[{"start":{"line":278,"column":63},"end":{"line":278,"column":67}},{"start":{"line":278,"column":67},"end":{"line":278,"column":72}}]},"48":{"loc":{"start":{"line":278,"column":24},"end":{"line":278,"column":67}},"type":"binary-expr","locations":[{"start":{"line":278,"column":24},"end":{"line":278,"column":67}},{"start":{"line":278,"column":63},"end":{"line":278,"column":67}}]},"49":{"loc":{"start":{"line":280,"column":4},"end":{"line":282,"column":5}},"type":"if","locations":[{"start":{"line":280,"column":4},"end":{"line":282,"column":5}}]},"50":{"loc":{"start":{"line":300,"column":11},"end":{"line":300,"column":29}},"type":"cond-expr","locations":[{"start":{"line":300,"column":20},"end":{"line":300,"column":22}},{"start":{"line":300,"column":20},"end":{"line":300,"column":29}}]},"51":{"loc":{"start":{"line":300,"column":11},"end":{"line":300,"column":22}},"type":"binary-expr","locations":[{"start":{"line":300,"column":11},"end":{"line":300,"column":22}},{"start":{"line":300,"column":20},"end":{"line":300,"column":22}}]},"52":{"loc":{"start":{"line":324,"column":4},"end":{"line":328,"column":5}},"type":"if","locations":[{"start":{"line":324,"column":4},"end":{"line":328,"column":5}}]},"53":{"loc":{"start":{"line":334,"column":4},"end":{"line":336,"column":5}},"type":"if","locations":[{"start":{"line":334,"column":4},"end":{"line":336,"column":5}}]},"54":{"loc":{"start":{"line":338,"column":4},"end":{"line":347,"column":5}},"type":"if","locations":[{"start":{"line":338,"column":4},"end":{"line":347,"column":5}}]},"55":{"loc":{"start":{"line":341,"column":8},"end":{"line":343,"column":9}},"type":"if","locations":[{"start":{"line":341,"column":8},"end":{"line":343,"column":9}}]},"56":{"loc":{"start":{"line":367,"column":6},"end":{"line":369,"column":7}},"type":"if","locations":[{"start":{"line":367,"column":6},"end":{"line":369,"column":7}}]},"57":{"loc":{"start":{"line":367,"column":10},"end":{"line":367,"column":97}},"type":"binary-expr","locations":[{"start":{"line":367,"column":10},"end":{"line":367,"column":54}},{"start":{"line":367,"column":58},"end":{"line":367,"column":97}}]},"58":{"loc":{"start":{"line":377,"column":4},"end":{"line":382,"column":5}},"type":"if","locations":[{"start":{"line":377,"column":4},"end":{"line":382,"column":5}}]},"59":{"loc":{"start":{"line":383,"column":4},"end":{"line":388,"column":5}},"type":"if","locations":[{"start":{"line":383,"column":4},"end":{"line":388,"column":5}}]},"60":{"loc":{"start":{"line":383,"column":9},"end":{"line":383,"column":37}},"type":"cond-expr","locations":[{"start":{"line":383,"column":29},"end":{"line":383,"column":31}},{"start":{"line":383,"column":29},"end":{"line":383,"column":37}}]},"61":{"loc":{"start":{"line":383,"column":9},"end":{"line":383,"column":31}},"type":"binary-expr","locations":[{"start":{"line":383,"column":9},"end":{"line":383,"column":31}},{"start":{"line":383,"column":29},"end":{"line":383,"column":31}}]},"62":{"loc":{"start":{"line":389,"column":4},"end":{"line":394,"column":5}},"type":"if","locations":[{"start":{"line":389,"column":4},"end":{"line":394,"column":5}}]},"63":{"loc":{"start":{"line":389,"column":8},"end":{"line":389,"column":77}},"type":"binary-expr","locations":[{"start":{"line":389,"column":8},"end":{"line":389,"column":37}},{"start":{"line":389,"column":37},"end":{"line":389,"column":77}}]},"64":{"loc":{"start":{"line":389,"column":9},"end":{"line":389,"column":33}},"type":"cond-expr","locations":[{"start":{"line":389,"column":25},"end":{"line":389,"column":27}},{"start":{"line":389,"column":25},"end":{"line":389,"column":33}}]},"65":{"loc":{"start":{"line":389,"column":9},"end":{"line":389,"column":27}},"type":"binary-expr","locations":[{"start":{"line":389,"column":9},"end":{"line":389,"column":27}},{"start":{"line":389,"column":25},"end":{"line":389,"column":27}}]},"66":{"loc":{"start":{"line":395,"column":4},"end":{"line":400,"column":5}},"type":"if","locations":[{"start":{"line":395,"column":4},"end":{"line":400,"column":5}}]},"67":{"loc":{"start":{"line":395,"column":8},"end":{"line":395,"column":74}},"type":"binary-expr","locations":[{"start":{"line":395,"column":8},"end":{"line":395,"column":46}},{"start":{"line":395,"column":50},"end":{"line":395,"column":74}}]},"68":{"loc":{"start":{"line":404,"column":4},"end":{"line":406,"column":5}},"type":"if","locations":[{"start":{"line":404,"column":4},"end":{"line":406,"column":5}}]},"69":{"loc":{"start":{"line":404,"column":8},"end":{"line":404,"column":46}},"type":"binary-expr","locations":[{"start":{"line":404,"column":8},"end":{"line":404,"column":31}},{"start":{"line":404,"column":35},"end":{"line":404,"column":46}}]},"70":{"loc":{"start":{"line":428,"column":4},"end":{"line":436,"column":5}},"type":"if","locations":[{"start":{"line":428,"column":4},"end":{"line":436,"column":5}},{"start":{"line":434,"column":11},"end":{"line":436,"column":5}}]},"71":{"loc":{"start":{"line":441,"column":4},"end":{"line":446,"column":5}},"type":"if","locations":[{"start":{"line":441,"column":4},"end":{"line":446,"column":5}}]},"72":{"loc":{"start":{"line":453,"column":24},"end":{"line":453,"column":72}},"type":"cond-expr","locations":[{"start":{"line":453,"column":63},"end":{"line":453,"column":67}},{"start":{"line":453,"column":67},"end":{"line":453,"column":72}}]},"73":{"loc":{"start":{"line":453,"column":24},"end":{"line":453,"column":67}},"type":"binary-expr","locations":[{"start":{"line":453,"column":24},"end":{"line":453,"column":67}},{"start":{"line":453,"column":63},"end":{"line":453,"column":67}}]},"74":{"loc":{"start":{"line":455,"column":4},"end":{"line":460,"column":5}},"type":"if","locations":[{"start":{"line":455,"column":4},"end":{"line":460,"column":5}}]},"75":{"loc":{"start":{"line":476,"column":6},"end":{"line":478,"column":7}},"type":"if","locations":[{"start":{"line":476,"column":6},"end":{"line":478,"column":7}}]},"76":{"loc":{"start":{"line":476,"column":10},"end":{"line":476,"column":69}},"type":"binary-expr","locations":[{"start":{"line":476,"column":10},"end":{"line":476,"column":38}},{"start":{"line":476,"column":42},"end":{"line":476,"column":69}}]},"77":{"loc":{"start":{"line":485,"column":4},"end":{"line":487,"column":5}},"type":"if","locations":[{"start":{"line":485,"column":4},"end":{"line":487,"column":5}}]},"78":{"loc":{"start":{"line":485,"column":10},"end":{"line":485,"column":60}},"type":"binary-expr","locations":[{"start":{"line":485,"column":10},"end":{"line":485,"column":33}},{"start":{"line":485,"column":37},"end":{"line":485,"column":60}}]},"79":{"loc":{"start":{"line":498,"column":4},"end":{"line":503,"column":5}},"type":"if","locations":[{"start":{"line":498,"column":4},"end":{"line":503,"column":5}}]},"80":{"loc":{"start":{"line":498,"column":8},"end":{"line":498,"column":61}},"type":"binary-expr","locations":[{"start":{"line":498,"column":8},"end":{"line":498,"column":34}},{"start":{"line":498,"column":38},"end":{"line":498,"column":61}}]},"81":{"loc":{"start":{"line":507,"column":4},"end":{"line":512,"column":5}},"type":"if","locations":[{"start":{"line":507,"column":4},"end":{"line":512,"column":5}}]},"82":{"loc":{"start":{"line":515,"column":6},"end":{"line":520,"column":7}},"type":"if","locations":[{"start":{"line":515,"column":6},"end":{"line":520,"column":7}}]}},"s":{"0":2,"1":2,"2":8,"3":8,"4":8,"5":8,"6":8,"7":8,"8":8,"9":0,"10":0,"11":0,"12":0,"13":0,"14":0,"15":0,"16":0,"17":32,"18":32,"19":32,"20":0,"21":0,"22":0,"23":0,"24":0,"25":0,"26":0,"27":0,"28":0,"29":0,"30":0,"31":0,"32":0,"33":0,"34":0,"35":0,"36":0,"37":0,"38":0,"39":0,"40":0,"41":0,"42":0,"43":0,"44":0,"45":0,"46":0,"47":0,"48":24,"49":0,"50":0,"51":0,"52":9,"53":9,"54":6,"55":6,"56":6,"57":0,"58":0,"59":6,"60":6,"61":6,"62":4,"63":2,"64":6,"65":2,"66":2,"67":6,"68":0,"69":0,"70":1,"71":1,"72":1,"73":1,"74":2,"75":2,"76":1,"77":1,"78":1,"79":1,"80":1,"81":1,"82":1,"83":1,"84":5,"85":0,"86":5,"87":3,"88":3,"89":2,"90":2,"91":2,"92":1,"93":0,"94":1,"95":1,"96":1,"97":1,"98":1,"99":1,"100":4,"101":0,"102":4,"103":4,"104":4,"105":4,"106":3,"107":3,"108":0,"109":3,"110":3,"111":3,"112":3,"113":2,"114":2,"115":2,"116":2,"117":2,"118":2,"119":0,"120":2,"121":2,"122":2,"123":1,"124":1,"125":1,"126":1,"127":2,"128":2,"129":0,"130":0,"131":0,"132":0,"133":0,"134":0,"135":5,"136":2,"137":2,"138":2,"139":2,"140":1,"141":1,"142":0,"143":1,"144":24,"145":16,"146":8,"147":6,"148":6,"149":6,"150":3,"151":6,"152":6,"153":8,"154":8,"155":8,"156":2,"157":2,"158":1,"159":1,"160":1,"161":0,"162":9,"163":9,"164":1,"165":8,"166":0,"167":8,"168":1,"169":7,"170":1,"171":13,"172":2,"173":2,"174":2,"175":1,"176":1,"177":0,"178":1,"179":1,"180":1,"181":1,"182":1,"183":1,"184":0,"185":0,"186":1,"187":2,"188":1,"189":1,"190":0,"191":1,"192":1,"193":1,"194":0,"195":0,"196":0,"197":1,"198":1,"199":1,"200":1,"201":0,"202":1,"203":1,"204":5,"205":11,"206":2,"207":5,"208":8,"209":8,"210":5,"211":3,"212":3,"213":2,"214":1,"215":5,"216":1,"217":4,"218":7,"219":4,"220":4,"221":1,"222":3,"223":3,"224":2,"225":1,"226":2,"227":2},"f":{"0":8,"1":0,"2":0,"3":0,"4":0,"5":0,"6":0,"7":0,"8":32,"9":0,"10":0,"11":0,"12":0,"13":0,"14":0,"15":0,"16":0,"17":0,"18":0,"19":0,"20":0,"21":0,"22":0,"23":0,"24":0,"25":24,"26":0,"27":9,"28":1,"29":2,"30":1,"31":1,"32":5,"33":1,"34":4,"35":3,"36":3,"37":2,"38":2,"39":2,"40":2,"41":0,"42":0,"43":5,"44":24,"45":6,"46":2,"47":9,"48":13,"49":2,"50":1,"51":1,"52":1,"53":2,"54":1,"55":5,"56":11,"57":8,"58":5,"59":7},"b":{"0":[0],"1":[0,0],"2":[0,0],"3":[0,6],"4":[6,6],"5":[0],"6":[2],"7":[1],"8":[1],"9":[0],"10":[2,0],"11":[2,2],"12":[0,2],"13":[2,2],"14":[2,0],"15":[2,2],"16":[0,2],"17":[2,2],"18":[2,0],"19":[2,2],"20":[2,0],"21":[2,2],"22":[0],"23":[1,0],"24":[1,1],"25":[0,1],"26":[1,1],"27":[1,0],"28":[1,1],"29":[0,1],"30":[1,1],"31":[1,0],"32":[1,1],"33":[1,0],"34":[1,1],"35":[0],"36":[4,0],"37":[4,4],"38":[0,4],"39":[4,4],"40":[0],"41":[3,0],"42":[3,3],"43":[0,3],"44":[3,3],"45":[1,1],"46":[2,2],"47":[2,0],"48":[2,2],"49":[0],"50":[1,1],"51":[2,2],"52":[1],"53":[16],"54":[6],"55":[3],"56":[1],"57":[1,1],"58":[1],"59":[0],"60":[0,8],"61":[8,8],"62":[1],"63":[8,8],"64":[0,8],"65":[8,8],"66":[1],"67":[7,7],"68":[2],"69":[13,13],"70":[1,0],"71":[1],"72":[1,0],"73":[1,1],"74":[0],"75":[2],"76":[11,8],"77":[5],"78":[8,6],"79":[1],"80":[5,5],"81":[1],"82":[1]}}
,"/home/guilherme/Documentos/projetos/orm-sqlite/src/decoratiors/decoratiors.orm.ts": {"path":"/home/guilherme/Documentos/projetos/orm-sqlite/src/decoratiors/decoratiors.orm.ts","statementMap":{"0":{"start":{"line":11,"column":0},"end":{"line":11,"column":16}},"1":{"start":{"line":23,"column":1},"end":{"line":23,"column":17}},"2":{"start":{"line":36,"column":2},"end":{"line":36,"column":18}},"3":{"start":{"line":45,"column":2},"end":{"line":45,"column":18}},"4":{"start":{"line":54,"column":2},"end":{"line":54,"column":18}},"5":{"start":{"line":63,"column":2},"end":{"line":63,"column":18}},"6":{"start":{"line":72,"column":2},"end":{"line":72,"column":18}},"7":{"start":{"line":77,"column":2},"end":{"line":77,"column":18}},"8":{"start":{"line":90,"column":2},"end":{"line":90,"column":18}},"9":{"start":{"line":95,"column":2},"end":{"line":95,"column":18}},"10":{"start":{"line":100,"column":2},"end":{"line":100,"column":18}},"11":{"start":{"line":105,"column":2},"end":{"line":105,"column":18}},"12":{"start":{"line":110,"column":2},"end":{"line":110,"column":18}},"13":{"start":{"line":115,"column":2},"end":{"line":115,"column":18}},"14":{"start":{"line":1,"column":0},"end":{"line":1,"column":60}},"15":{"start":{"line":2,"column":0},"end":{"line":2,"column":100}},"16":{"start":{"line":5,"column":2},"end":{"line":7,"column":3}},"17":{"start":{"line":6,"column":4},"end":{"line":6,"column":54}},"18":{"start":{"line":12,"column":4},"end":{"line":19,"column":6}},"19":{"start":{"line":13,"column":6},"end":{"line":13,"column":36}},"20":{"start":{"line":14,"column":6},"end":{"line":18,"column":7}},"21":{"start":{"line":15,"column":8},"end":{"line":17,"column":9}},"22":{"start":{"line":16,"column":10},"end":{"line":16,"column":19}},"23":{"start":{"line":24,"column":4},"end":{"line":32,"column":6}},"24":{"start":{"line":25,"column":6},"end":{"line":25,"column":36}},"25":{"start":{"line":26,"column":6},"end":{"line":31,"column":9}},"26":{"start":{"line":27,"column":8},"end":{"line":27,"column":62}},"27":{"start":{"line":28,"column":8},"end":{"line":30,"column":9}},"28":{"start":{"line":29,"column":10},"end":{"line":29,"column":68}},"29":{"start":{"line":37,"column":4},"end":{"line":42,"column":6}},"30":{"start":{"line":38,"column":6},"end":{"line":38,"column":36}},"31":{"start":{"line":39,"column":6},"end":{"line":41,"column":9}},"32":{"start":{"line":40,"column":8},"end":{"line":40,"column":65}},"33":{"start":{"line":46,"column":4},"end":{"line":51,"column":6}},"34":{"start":{"line":47,"column":6},"end":{"line":47,"column":36}},"35":{"start":{"line":48,"column":6},"end":{"line":50,"column":9}},"36":{"start":{"line":49,"column":8},"end":{"line":49,"column":65}},"37":{"start":{"line":55,"column":4},"end":{"line":60,"column":6}},"38":{"start":{"line":56,"column":6},"end":{"line":56,"column":36}},"39":{"start":{"line":57,"column":6},"end":{"line":59,"column":9}},"40":{"start":{"line":58,"column":8},"end":{"line":58,"column":64}},"41":{"start":{"line":64,"column":4},"end":{"line":69,"column":6}},"42":{"start":{"line":65,"column":6},"end":{"line":65,"column":36}},"43":{"start":{"line":66,"column":6},"end":{"line":68,"column":9}},"44":{"start":{"line":67,"column":8},"end":{"line":67,"column":66}},"45":{"start":{"line":73,"column":19},"end":{"line":73,"column":67}},"46":{"start":{"line":74,"column":4},"end":{"line":74,"column":20}},"47":{"start":{"line":78,"column":31},"end":{"line":78,"column":59}},"48":{"start":{"line":79,"column":4},"end":{"line":83,"column":5}},"49":{"start":{"line":80,"column":6},"end":{"line":82,"column":7}},"50":{"start":{"line":81,"column":8},"end":{"line":81,"column":30}},"51":{"start":{"line":84,"column":4},"end":{"line":87,"column":6}},"52":{"start":{"line":91,"column":19},"end":{"line":91,"column":63}},"53":{"start":{"line":92,"column":4},"end":{"line":92,"column":20}},"54":{"start":{"line":96,"column":19},"end":{"line":96,"column":66}},"55":{"start":{"line":97,"column":4},"end":{"line":97,"column":20}},"56":{"start":{"line":101,"column":19},"end":{"line":101,"column":66}},"57":{"start":{"line":102,"column":4},"end":{"line":102,"column":20}},"58":{"start":{"line":106,"column":19},"end":{"line":106,"column":65}},"59":{"start":{"line":107,"column":4},"end":{"line":107,"column":20}},"60":{"start":{"line":111,"column":19},"end":{"line":111,"column":67}},"61":{"start":{"line":112,"column":4},"end":{"line":112,"column":20}},"62":{"start":{"line":116,"column":4},"end":{"line":121,"column":6}}},"fnMap":{"0":{"name":"ensurePropertyActions","decl":{"start":{"line":4,"column":9},"end":{"line":4,"column":30}},"loc":{"start":{"line":4,"column":42},"end":{"line":8,"column":1}}},"1":{"name":"EntityName","decl":{"start":{"line":11,"column":16},"end":{"line":11,"column":26}},"loc":{"start":{"line":11,"column":39},"end":{"line":20,"column":3}}},"2":{"name":"(anonymous_2)","decl":{"start":{"line":12,"column":11},"end":{"line":12,"column":21}},"loc":{"start":{"line":12,"column":37},"end":{"line":19,"column":5}}},"3":{"name":"Column","decl":{"start":{"line":23,"column":17},"end":{"line":23,"column":23}},"loc":{"start":{"line":23,"column":56},"end":{"line":33,"column":3}}},"4":{"name":"(anonymous_4)","decl":{"start":{"line":24,"column":11},"end":{"line":24,"column":21}},"loc":{"start":{"line":24,"column":62},"end":{"line":32,"column":5}}},"5":{"name":"(anonymous_5)","decl":{"start":{"line":26,"column":56},"end":{"line":26,"column":59}},"loc":{"start":{"line":26,"column":61},"end":{"line":31,"column":7}}},"6":{"name":"ManyToOne","decl":{"start":{"line":36,"column":18},"end":{"line":36,"column":27}},"loc":{"start":{"line":36,"column":27},"end":{"line":43,"column":3}}},"7":{"name":"(anonymous_7)","decl":{"start":{"line":37,"column":11},"end":{"line":37,"column":21}},"loc":{"start":{"line":37,"column":62},"end":{"line":42,"column":5}}},"8":{"name":"(anonymous_8)","decl":{"start":{"line":39,"column":56},"end":{"line":39,"column":59}},"loc":{"start":{"line":39,"column":61},"end":{"line":41,"column":7}}},"9":{"name":"OneToMany","decl":{"start":{"line":45,"column":18},"end":{"line":45,"column":27}},"loc":{"start":{"line":45,"column":27},"end":{"line":52,"column":3}}},"10":{"name":"(anonymous_10)","decl":{"start":{"line":46,"column":11},"end":{"line":46,"column":21}},"loc":{"start":{"line":46,"column":62},"end":{"line":51,"column":5}}},"11":{"name":"(anonymous_11)","decl":{"start":{"line":48,"column":56},"end":{"line":48,"column":59}},"loc":{"start":{"line":48,"column":61},"end":{"line":50,"column":7}}},"12":{"name":"OneToOne","decl":{"start":{"line":54,"column":18},"end":{"line":54,"column":26}},"loc":{"start":{"line":54,"column":26},"end":{"line":61,"column":3}}},"13":{"name":"(anonymous_13)","decl":{"start":{"line":55,"column":11},"end":{"line":55,"column":21}},"loc":{"start":{"line":55,"column":62},"end":{"line":60,"column":5}}},"14":{"name":"(anonymous_14)","decl":{"start":{"line":57,"column":56},"end":{"line":57,"column":59}},"loc":{"start":{"line":57,"column":61},"end":{"line":59,"column":7}}},"15":{"name":"ManyToMany","decl":{"start":{"line":63,"column":18},"end":{"line":63,"column":28}},"loc":{"start":{"line":63,"column":28},"end":{"line":70,"column":3}}},"16":{"name":"(anonymous_16)","decl":{"start":{"line":64,"column":11},"end":{"line":64,"column":21}},"loc":{"start":{"line":64,"column":62},"end":{"line":69,"column":5}}},"17":{"name":"(anonymous_17)","decl":{"start":{"line":66,"column":56},"end":{"line":66,"column":59}},"loc":{"start":{"line":66,"column":61},"end":{"line":68,"column":7}}},"18":{"name":"isPrimaryKey","decl":{"start":{"line":72,"column":18},"end":{"line":72,"column":30}},"loc":{"start":{"line":72,"column":72},"end":{"line":75,"column":3}}},"19":{"name":"getPrimaryKey","decl":{"start":{"line":77,"column":18},"end":{"line":77,"column":31}},"loc":{"start":{"line":77,"column":46},"end":{"line":88,"column":3}}},"20":{"name":"isColumn","decl":{"start":{"line":90,"column":18},"end":{"line":90,"column":26}},"loc":{"start":{"line":90,"column":68},"end":{"line":93,"column":3}}},"21":{"name":"isManyToOne","decl":{"start":{"line":95,"column":18},"end":{"line":95,"column":29}},"loc":{"start":{"line":95,"column":71},"end":{"line":98,"column":3}}},"22":{"name":"isOneToMany","decl":{"start":{"line":100,"column":18},"end":{"line":100,"column":29}},"loc":{"start":{"line":100,"column":71},"end":{"line":103,"column":3}}},"23":{"name":"isOneToOne","decl":{"start":{"line":105,"column":18},"end":{"line":105,"column":28}},"loc":{"start":{"line":105,"column":70},"end":{"line":108,"column":3}}},"24":{"name":"isManyToMany","decl":{"start":{"line":110,"column":18},"end":{"line":110,"column":30}},"loc":{"start":{"line":110,"column":72},"end":{"line":113,"column":3}}},"25":{"name":"isColunaRelacionamento","decl":{"start":{"line":115,"column":18},"end":{"line":115,"column":40}},"loc":{"start":{"line":115,"column":82},"end":{"line":122,"column":3}}}},"branchMap":{"0":{"loc":{"start":{"line":5,"column":2},"end":{"line":7,"column":3}},"type":"if","locations":[{"start":{"line":5,"column":2},"end":{"line":7,"column":3}}]},"1":{"loc":{"start":{"line":14,"column":6},"end":{"line":18,"column":7}},"type":"if","locations":[{"start":{"line":14,"column":6},"end":{"line":18,"column":7}}]},"2":{"loc":{"start":{"line":28,"column":8},"end":{"line":30,"column":9}},"type":"if","locations":[{"start":{"line":28,"column":8},"end":{"line":30,"column":9}}]},"3":{"loc":{"start":{"line":28,"column":12},"end":{"line":28,"column":30}},"type":"cond-expr","locations":[{"start":{"line":28,"column":18},"end":{"line":28,"column":20}},{"start":{"line":28,"column":12},"end":{"line":28,"column":30}}]},"4":{"loc":{"start":{"line":28,"column":12},"end":{"line":28,"column":20}},"type":"binary-expr","locations":[{"start":{"line":28,"column":12},"end":{"line":28,"column":20}},{"start":{"line":28,"column":12},"end":{"line":28,"column":20}}]},"5":{"loc":{"start":{"line":80,"column":6},"end":{"line":82,"column":7}},"type":"if","locations":[{"start":{"line":80,"column":6},"end":{"line":82,"column":7}}]},"6":{"loc":{"start":{"line":80,"column":10},"end":{"line":80,"column":42}},"type":"cond-expr","locations":[{"start":{"line":80,"column":28},"end":{"line":80,"column":30}},{"start":{"line":80,"column":28},"end":{"line":80,"column":42}}]},"7":{"loc":{"start":{"line":80,"column":10},"end":{"line":80,"column":30}},"type":"binary-expr","locations":[{"start":{"line":80,"column":10},"end":{"line":80,"column":30}},{"start":{"line":80,"column":28},"end":{"line":80,"column":30}}]},"8":{"loc":{"start":{"line":117,"column":6},"end":{"line":120,"column":39}},"type":"binary-expr","locations":[{"start":{"line":117,"column":6},"end":{"line":117,"column":38}},{"start":{"line":118,"column":6},"end":{"line":118,"column":38}},{"start":{"line":119,"column":6},"end":{"line":119,"column":37}},{"start":{"line":120,"column":6},"end":{"line":120,"column":39}}]}},"s":{"0":10,"1":10,"2":10,"3":10,"4":10,"5":10,"6":10,"7":10,"8":10,"9":10,"10":10,"11":10,"12":10,"13":10,"14":10,"15":10,"16":65,"17":15,"18":14,"19":14,"20":14,"21":14,"22":64,"23":55,"24":55,"25":55,"26":54,"27":54,"28":13,"29":0,"30":0,"31":0,"32":0,"33":10,"34":10,"35":10,"36":10,"37":0,"38":0,"39":0,"40":0,"41":0,"42":0,"43":0,"44":0,"45":0,"46":0,"47":14,"48":14,"49":14,"50":13,"51":1,"52":20,"53":20,"54":52,"55":52,"56":63,"57":63,"58":45,"59":45,"60":56,"61":56,"62":52},"f":{"0":65,"1":14,"2":14,"3":55,"4":55,"5":54,"6":0,"7":0,"8":0,"9":10,"10":10,"11":10,"12":0,"13":0,"14":0,"15":0,"16":0,"17":0,"18":0,"19":14,"20":20,"21":52,"22":63,"23":45,"24":56,"25":52},"b":{"0":[15],"1":[14],"2":[13],"3":[41,13],"4":[54,54],"5":[13],"6":[0,14],"7":[14,14],"8":[52,52,45,45]}}
,"/home/guilherme/Documentos/projetos/orm-sqlite/src/decorators/decorators.orm.ts": {"path":"/home/guilherme/Documentos/projetos/orm-sqlite/src/decorators/decorators.orm.ts","statementMap":{"0":{"start":{"line":1,"column":0},"end":{"line":1,"column":47}}},"fnMap":{},"branchMap":{},"s":{"0":2},"f":{},"b":{}}
,"/home/guilherme/Documentos/projetos/orm-sqlite/src/errors/orm-sqlite.error.ts": {"path":"/home/guilherme/Documentos/projetos/orm-sqlite/src/errors/orm-sqlite.error.ts","statementMap":{"0":{"start":{"line":17,"column":4},"end":{"line":17,"column":19}},"1":{"start":{"line":18,"column":4},"end":{"line":18,"column":33}},"2":{"start":{"line":19,"column":4},"end":{"line":19,"column":21}},"3":{"start":{"line":13,"column":0},"end":{"line":13,"column":13}}},"fnMap":{"0":{"name":"(anonymous_0)","decl":{"start":{"line":16,"column":2},"end":{"line":16,"column":14}},"loc":{"start":{"line":16,"column":55},"end":{"line":20,"column":3}}}},"branchMap":{},"s":{"0":29,"1":29,"2":29,"3":16},"f":{"0":29},"b":{}}
,"/home/guilherme/Documentos/projetos/orm-sqlite/src/metadata/geranciado.metadata.ts": {"path":"/home/guilherme/Documentos/projetos/orm-sqlite/src/metadata/geranciado.metadata.ts","statementMap":{"0":{"start":{"line":4,"column":0},"end":{"line":4,"column":16}},"1":{"start":{"line":15,"column":0},"end":{"line":15,"column":16}},"2":{"start":{"line":20,"column":0},"end":{"line":20,"column":16}},"3":{"start":{"line":26,"column":0},"end":{"line":26,"column":16}},"4":{"start":{"line":34,"column":0},"end":{"line":34,"column":16}},"5":{"start":{"line":1,"column":43},"end":{"line":1,"column":45}},"6":{"start":{"line":5,"column":20},"end":{"line":5,"column":49}},"7":{"start":{"line":6,"column":2},"end":{"line":8,"column":3}},"8":{"start":{"line":7,"column":4},"end":{"line":7,"column":34}},"9":{"start":{"line":9,"column":2},"end":{"line":11,"column":3}},"10":{"start":{"line":10,"column":4},"end":{"line":10,"column":47}},"11":{"start":{"line":12,"column":2},"end":{"line":12,"column":69}},"12":{"start":{"line":16,"column":20},"end":{"line":16,"column":49}},"13":{"start":{"line":17,"column":2},"end":{"line":17,"column":64}},"14":{"start":{"line":21,"column":20},"end":{"line":21,"column":49}},"15":{"start":{"line":22,"column":2},"end":{"line":22,"column":34}},"16":{"start":{"line":27,"column":20},"end":{"line":27,"column":37}},"17":{"start":{"line":28,"column":2},"end":{"line":30,"column":3}},"18":{"start":{"line":29,"column":4},"end":{"line":29,"column":34}},"19":{"start":{"line":31,"column":2},"end":{"line":31,"column":56}},"20":{"start":{"line":35,"column":20},"end":{"line":35,"column":37}},"21":{"start":{"line":36,"column":2},"end":{"line":36,"column":49}}},"fnMap":{"0":{"name":"defineMetadata","decl":{"start":{"line":4,"column":16},"end":{"line":4,"column":30}},"loc":{"start":{"line":4,"column":113},"end":{"line":13,"column":1}}},"1":{"name":"getMetadata","decl":{"start":{"line":15,"column":16},"end":{"line":15,"column":27}},"loc":{"start":{"line":15,"column":90},"end":{"line":18,"column":1}}},"2":{"name":"getMetadataAllByName","decl":{"start":{"line":20,"column":16},"end":{"line":20,"column":36}},"loc":{"start":{"line":20,"column":48},"end":{"line":23,"column":1}}},"3":{"name":"defineClassMetadata","decl":{"start":{"line":26,"column":16},"end":{"line":26,"column":35}},"loc":{"start":{"line":26,"column":88},"end":{"line":32,"column":1}}},"4":{"name":"getClassMetadata","decl":{"start":{"line":34,"column":16},"end":{"line":34,"column":32}},"loc":{"start":{"line":34,"column":65},"end":{"line":37,"column":1}}}},"branchMap":{"0":{"loc":{"start":{"line":6,"column":2},"end":{"line":8,"column":3}},"type":"if","locations":[{"start":{"line":6,"column":2},"end":{"line":8,"column":3}}]},"1":{"loc":{"start":{"line":9,"column":2},"end":{"line":11,"column":3}},"type":"if","locations":[{"start":{"line":9,"column":2},"end":{"line":11,"column":3}}]},"2":{"loc":{"start":{"line":17,"column":9},"end":{"line":17,"column":63}},"type":"cond-expr","locations":[{"start":{"line":17,"column":48},"end":{"line":17,"column":51}},{"start":{"line":17,"column":48},"end":{"line":17,"column":63}}]},"3":{"loc":{"start":{"line":17,"column":9},"end":{"line":17,"column":51}},"type":"binary-expr","locations":[{"start":{"line":17,"column":9},"end":{"line":17,"column":51}},{"start":{"line":17,"column":48},"end":{"line":17,"column":51}}]},"4":{"loc":{"start":{"line":17,"column":9},"end":{"line":17,"column":48}},"type":"cond-expr","locations":[{"start":{"line":17,"column":33},"end":{"line":17,"column":36}},{"start":{"line":17,"column":33},"end":{"line":17,"column":48}}]},"5":{"loc":{"start":{"line":17,"column":9},"end":{"line":17,"column":36}},"type":"binary-expr","locations":[{"start":{"line":17,"column":9},"end":{"line":17,"column":36}},{"start":{"line":17,"column":33},"end":{"line":17,"column":36}}]},"6":{"loc":{"start":{"line":28,"column":2},"end":{"line":30,"column":3}},"type":"if","locations":[{"start":{"line":28,"column":2},"end":{"line":30,"column":3}}]},"7":{"loc":{"start":{"line":36,"column":9},"end":{"line":36,"column":48}},"type":"cond-expr","locations":[{"start":{"line":36,"column":33},"end":{"line":36,"column":36}},{"start":{"line":36,"column":33},"end":{"line":36,"column":48}}]},"8":{"loc":{"start":{"line":36,"column":9},"end":{"line":36,"column":36}},"type":"binary-expr","locations":[{"start":{"line":36,"column":9},"end":{"line":36,"column":36}},{"start":{"line":36,"column":33},"end":{"line":36,"column":36}}]}},"s":{"0":10,"1":10,"2":10,"3":10,"4":10,"5":10,"6":77,"7":77,"8":14,"9":77,"10":64,"11":77,"12":236,"13":236,"14":14,"15":14,"16":0,"17":0,"18":0,"19":0,"20":0,"21":0},"f":{"0":77,"1":236,"2":14,"3":0,"4":0},"b":{"0":[14],"1":[64],"2":[0,236],"3":[236,236],"4":[0,236],"5":[236,236],"6":[0],"7":[0,0],"8":[0,0]}}
,"/home/guilherme/Documentos/projetos/orm-sqlite/src/metadata/gerenciado.metadata.ts": {"path":"/home/guilherme/Documentos/projetos/orm-sqlite/src/metadata/gerenciado.metadata.ts","statementMap":{"0":{"start":{"line":1,"column":0},"end":{"line":1,"column":38}}},"fnMap":{},"branchMap":{},"s":{"0":1},"f":{},"b":{}}
,"/home/guilherme/Documentos/projetos/orm-sqlite/src/query/query-build-sqlite.ts": {"path":"/home/guilherme/Documentos/projetos/orm-sqlite/src/query/query-build-sqlite.ts","statementMap":{"0":{"start":{"line":1,"column":0},"end":{"line":1,"column":60}},"1":{"start":{"line":13,"column":12},"end":{"line":13,"column":38}},"2":{"start":{"line":14,"column":12},"end":{"line":14,"column":33}},"3":{"start":{"line":15,"column":12},"end":{"line":15,"column":41}},"4":{"start":{"line":18,"column":12},"end":{"line":18,"column":44}},"5":{"start":{"line":19,"column":12},"end":{"line":19,"column":83}},"6":{"start":{"line":22,"column":8},"end":{"line":22,"column":37}},"7":{"start":{"line":23,"column":8},"end":{"line":23,"column":55}},"8":{"start":{"line":24,"column":8},"end":{"line":24,"column":24}},"9":{"start":{"line":28,"column":8},"end":{"line":33,"column":9}},"10":{"start":{"line":29,"column":12},"end":{"line":32,"column":14}},"11":{"start":{"line":37,"column":26},"end":{"line":37,"column":47}},"12":{"start":{"line":38,"column":8},"end":{"line":43,"column":9}},"13":{"start":{"line":39,"column":12},"end":{"line":42,"column":14}},"14":{"start":{"line":44,"column":26},"end":{"line":44,"column":85}},"15":{"start":{"line":45,"column":8},"end":{"line":45,"column":54}},"16":{"start":{"line":46,"column":8},"end":{"line":46,"column":25}},"17":{"start":{"line":50,"column":8},"end":{"line":50,"column":41}},"18":{"start":{"line":51,"column":8},"end":{"line":55,"column":20}},"19":{"start":{"line":52,"column":27},"end":{"line":52,"column":38}},"20":{"start":{"line":53,"column":12},"end":{"line":53,"column":63}},"21":{"start":{"line":54,"column":12},"end":{"line":54,"column":49}},"22":{"start":{"line":56,"column":8},"end":{"line":56,"column":42}},"23":{"start":{"line":57,"column":8},"end":{"line":59,"column":9}},"24":{"start":{"line":58,"column":12},"end":{"line":58,"column":39}},"25":{"start":{"line":60,"column":8},"end":{"line":60,"column":46}},"26":{"start":{"line":61,"column":8},"end":{"line":61,"column":56}},"27":{"start":{"line":62,"column":8},"end":{"line":62,"column":46}},"28":{"start":{"line":63,"column":8},"end":{"line":63,"column":44}},"29":{"start":{"line":64,"column":8},"end":{"line":64,"column":61}},"30":{"start":{"line":65,"column":8},"end":{"line":65,"column":31}},"31":{"start":{"line":69,"column":8},"end":{"line":69,"column":54}},"32":{"start":{"line":73,"column":8},"end":{"line":73,"column":27}},"33":{"start":{"line":73,"column":20},"end":{"line":73,"column":27}},"34":{"start":{"line":75,"column":8},"end":{"line":91,"column":9}},"35":{"start":{"line":76,"column":33},"end":{"line":88,"column":14}},"36":{"start":{"line":77,"column":35},"end":{"line":86,"column":18}},"37":{"start":{"line":78,"column":20},"end":{"line":83,"column":21}},"38":{"start":{"line":79,"column":43},"end":{"line":81,"column":26}},"39":{"start":{"line":80,"column":28},"end":{"line":80,"column":90}},"40":{"start":{"line":82,"column":24},"end":{"line":82,"column":56}},"41":{"start":{"line":84,"column":20},"end":{"line":84,"column":67}},"42":{"start":{"line":85,"column":20},"end":{"line":85,"column":83}},"43":{"start":{"line":87,"column":16},"end":{"line":87,"column":55}},"44":{"start":{"line":89,"column":12},"end":{"line":89,"column":60}},"45":{"start":{"line":90,"column":12},"end":{"line":90,"column":19}},"46":{"start":{"line":93,"column":27},"end":{"line":102,"column":10}},"47":{"start":{"line":94,"column":12},"end":{"line":99,"column":13}},"48":{"start":{"line":95,"column":35},"end":{"line":97,"column":18}},"49":{"start":{"line":96,"column":20},"end":{"line":96,"column":82}},"50":{"start":{"line":98,"column":16},"end":{"line":98,"column":48}},"51":{"start":{"line":100,"column":12},"end":{"line":100,"column":59}},"52":{"start":{"line":101,"column":12},"end":{"line":101,"column":75}},"53":{"start":{"line":104,"column":8},"end":{"line":104,"column":44}},"54":{"start":{"line":108,"column":8},"end":{"line":108,"column":29}},"55":{"start":{"line":108,"column":22},"end":{"line":108,"column":29}},"56":{"start":{"line":109,"column":29},"end":{"line":120,"column":10}},"57":{"start":{"line":110,"column":31},"end":{"line":118,"column":14}},"58":{"start":{"line":111,"column":16},"end":{"line":115,"column":17}},"59":{"start":{"line":112,"column":37},"end":{"line":112,"column":58}},"60":{"start":{"line":113,"column":43},"end":{"line":113,"column":66}},"61":{"start":{"line":114,"column":20},"end":{"line":114,"column":82}},"62":{"start":{"line":116,"column":16},"end":{"line":116,"column":60}},"63":{"start":{"line":117,"column":16},"end":{"line":117,"column":79}},"64":{"start":{"line":119,"column":12},"end":{"line":119,"column":51}},"65":{"start":{"line":121,"column":8},"end":{"line":121,"column":56}},"66":{"start":{"line":125,"column":8},"end":{"line":125,"column":29}},"67":{"start":{"line":125,"column":22},"end":{"line":125,"column":29}},"68":{"start":{"line":127,"column":23},"end":{"line":131,"column":null}},"69":{"start":{"line":129,"column":16},"end":{"line":129,"column":65}},"70":{"start":{"line":130,"column":16},"end":{"line":130,"column":99}},"71":{"start":{"line":133,"column":8},"end":{"line":133,"column":43}},"72":{"start":{"line":137,"column":8},"end":{"line":139,"column":9}},"73":{"start":{"line":138,"column":12},"end":{"line":138,"column":47}},"74":{"start":{"line":140,"column":8},"end":{"line":142,"column":9}},"75":{"start":{"line":141,"column":12},"end":{"line":141,"column":49}},"76":{"start":{"line":146,"column":8},"end":{"line":146,"column":29}},"77":{"start":{"line":146,"column":22},"end":{"line":146,"column":29}},"78":{"start":{"line":147,"column":8},"end":{"line":151,"column":11}},"79":{"start":{"line":148,"column":27},"end":{"line":148,"column":38}},"80":{"start":{"line":149,"column":12},"end":{"line":149,"column":64}},"81":{"start":{"line":150,"column":12},"end":{"line":150,"column":49}},"82":{"start":{"line":155,"column":8},"end":{"line":155,"column":28}},"83":{"start":{"line":155,"column":21},"end":{"line":155,"column":28}},"84":{"start":{"line":156,"column":8},"end":{"line":156,"column":34}},"85":{"start":{"line":160,"column":8},"end":{"line":160,"column":27}},"86":{"start":{"line":160,"column":20},"end":{"line":160,"column":27}},"87":{"start":{"line":161,"column":38},"end":{"line":161,"column":40}},"88":{"start":{"line":162,"column":8},"end":{"line":188,"column":9}},"89":{"start":{"line":163,"column":34},"end":{"line":163,"column":63}},"90":{"start":{"line":164,"column":27},"end":{"line":164,"column":29}},"91":{"start":{"line":165,"column":12},"end":{"line":181,"column":13}},"92":{"start":{"line":166,"column":16},"end":{"line":166,"column":35}},"93":{"start":{"line":167,"column":19},"end":{"line":181,"column":13}},"94":{"start":{"line":168,"column":16},"end":{"line":168,"column":49}},"95":{"start":{"line":169,"column":19},"end":{"line":181,"column":13}},"96":{"start":{"line":170,"column":37},"end":{"line":179,"column":18}},"97":{"start":{"line":171,"column":20},"end":{"line":176,"column":21}},"98":{"start":{"line":172,"column":41},"end":{"line":172,"column":62}},"99":{"start":{"line":173,"column":47},"end":{"line":173,"column":70}},"100":{"start":{"line":174,"column":24},"end":{"line":174,"column":73}},"101":{"start":{"line":175,"column":24},"end":{"line":175,"column":125}},"102":{"start":{"line":177,"column":20},"end":{"line":177,"column":69}},"103":{"start":{"line":178,"column":20},"end":{"line":178,"column":82}},"104":{"start":{"line":180,"column":16},"end":{"line":180,"column":54}},"105":{"start":{"line":182,"column":26},"end":{"line":182,"column":77}},"106":{"start":{"line":184,"column":12},"end":{"line":186,"column":13}},"107":{"start":{"line":185,"column":16},"end":{"line":185,"column":70}},"108":{"start":{"line":187,"column":12},"end":{"line":187,"column":38}},"109":{"start":{"line":189,"column":8},"end":{"line":189,"column":33}},"110":{"start":{"line":193,"column":8},"end":{"line":193,"column":30}},"111":{"start":{"line":193,"column":20},"end":{"line":193,"column":30}},"112":{"start":{"line":194,"column":8},"end":{"line":219,"column":21}},"113":{"start":{"line":195,"column":34},"end":{"line":195,"column":63}},"114":{"start":{"line":196,"column":27},"end":{"line":196,"column":29}},"115":{"start":{"line":197,"column":12},"end":{"line":213,"column":13}},"116":{"start":{"line":198,"column":16},"end":{"line":198,"column":35}},"117":{"start":{"line":199,"column":19},"end":{"line":213,"column":13}},"118":{"start":{"line":200,"column":16},"end":{"line":200,"column":49}},"119":{"start":{"line":201,"column":19},"end":{"line":213,"column":13}},"120":{"start":{"line":202,"column":37},"end":{"line":211,"column":18}},"121":{"start":{"line":203,"column":20},"end":{"line":208,"column":21}},"122":{"start":{"line":204,"column":41},"end":{"line":204,"column":62}},"123":{"start":{"line":205,"column":47},"end":{"line":205,"column":70}},"124":{"start":{"line":206,"column":24},"end":{"line":206,"column":80}},"125":{"start":{"line":207,"column":24},"end":{"line":207,"column":125}},"126":{"start":{"line":209,"column":20},"end":{"line":209,"column":76}},"127":{"start":{"line":210,"column":20},"end":{"line":210,"column":82}},"128":{"start":{"line":212,"column":16},"end":{"line":212,"column":54}},"129":{"start":{"line":214,"column":26},"end":{"line":214,"column":77}},"130":{"start":{"line":215,"column":12},"end":{"line":217,"column":13}},"131":{"start":{"line":216,"column":16},"end":{"line":216,"column":70}},"132":{"start":{"line":218,"column":12},"end":{"line":218,"column":27}},"133":{"start":{"line":223,"column":8},"end":{"line":232,"column":9}},"134":{"start":{"line":224,"column":23},"end":{"line":224,"column":34}},"135":{"start":{"line":225,"column":24},"end":{"line":225,"column":36}},"136":{"start":{"line":226,"column":23},"end":{"line":226,"column":34}},"137":{"start":{"line":227,"column":24},"end":{"line":227,"column":36}},"138":{"start":{"line":228,"column":23},"end":{"line":228,"column":35}},"139":{"start":{"line":229,"column":24},"end":{"line":229,"column":36}},"140":{"start":{"line":230,"column":23},"end":{"line":230,"column":34}},"141":{"start":{"line":231,"column":21},"end":{"line":231,"column":32}},"142":{"start":{"line":236,"column":8},"end":{"line":236,"column":55}},"143":{"start":{"line":237,"column":23},"end":{"line":237,"column":49}},"144":{"start":{"line":240,"column":8},"end":{"line":258,"column":9}},"145":{"start":{"line":242,"column":16},"end":{"line":242,"column":64}},"146":{"start":{"line":244,"column":16},"end":{"line":244,"column":65}},"147":{"start":{"line":246,"column":16},"end":{"line":246,"column":64}},"148":{"start":{"line":248,"column":16},"end":{"line":248,"column":65}},"149":{"start":{"line":250,"column":16},"end":{"line":250,"column":64}},"150":{"start":{"line":251,"column":16},"end":{"line":251,"column":91}},"151":{"start":{"line":251,"column":56},"end":{"line":251,"column":75}},"152":{"start":{"line":253,"column":16},"end":{"line":253,"column":65}},"153":{"start":{"line":255,"column":16},"end":{"line":255,"column":64}},"154":{"start":{"line":257,"column":16},"end":{"line":257,"column":64}},"155":{"start":{"line":262,"column":8},"end":{"line":262,"column":65}},"156":{"start":{"line":262,"column":51},"end":{"line":262,"column":65}},"157":{"start":{"line":263,"column":8},"end":{"line":263,"column":81}},"158":{"start":{"line":263,"column":39},"end":{"line":263,"column":81}},"159":{"start":{"line":264,"column":8},"end":{"line":267,"column":9}},"160":{"start":{"line":265,"column":25},"end":{"line":265,"column":40}},"161":{"start":{"line":266,"column":12},"end":{"line":266,"column":45}},"162":{"start":{"line":268,"column":8},
[...]
8,"column":95},"end":{"line":41,"column":3}}},"3":{"name":"(anonymous_3)","decl":{"start":{"line":30,"column":42},"end":{"line":30,"column":48}},"loc":{"start":{"line":30,"column":51},"end":{"line":39,"column":5}}},"4":{"name":"(anonymous_4)","decl":{"start":{"line":43,"column":2},"end":{"line":43,"column":8}},"loc":{"start":{"line":43,"column":90},"end":{"line":53,"column":3}}},"5":{"name":"(anonymous_5)","decl":{"start":{"line":55,"column":2},"end":{"line":55,"column":8}},"loc":{"start":{"line":55,"column":95},"end":{"line":60,"column":3}}},"6":{"name":"(anonymous_6)","decl":{"start":{"line":62,"column":2},"end":{"line":62,"column":8}},"loc":{"start":{"line":62,"column":79},"end":{"line":66,"column":3}}},"7":{"name":"(anonymous_7)","decl":{"start":{"line":68,"column":2},"end":{"line":68,"column":8}},"loc":{"start":{"line":68,"column":76},"end":{"line":72,"column":3}}},"8":{"name":"(anonymous_8)","decl":{"start":{"line":74,"column":2},"end":{"line":74,"column":8}},"loc":{"start":{"line":74,"column":57},"end":{"line":77,"column":3}}},"9":{"name":"(anonymous_9)","decl":{"start":{"line":79,"column":2},"end":{"line":79,"column":8}},"loc":{"start":{"line":79,"column":113},"end":{"line":85,"column":3}}},"10":{"name":"(anonymous_10)","decl":{"start":{"line":82,"column":20},"end":{"line":82,"column":26}},"loc":{"start":{"line":82,"column":30},"end":{"line":82,"column":94}}},"11":{"name":"(anonymous_11)","decl":{"start":{"line":87,"column":2},"end":{"line":87,"column":8}},"loc":{"start":{"line":87,"column":36},"end":{"line":90,"column":3}}},"12":{"name":"(anonymous_12)","decl":{"start":{"line":92,"column":10},"end":{"line":92,"column":16}},"loc":{"start":{"line":92,"column":39},"end":{"line":105,"column":3}}},"13":{"name":"(anonymous_13)","decl":{"start":{"line":107,"column":10},"end":{"line":107,"column":16}},"loc":{"start":{"line":107,"column":46},"end":{"line":109,"column":3}}}},"branchMap":{"0":{"loc":{"start":{"line":11,"column":4},"end":{"line":16,"column":5}},"type":"if","locations":[{"start":{"line":11,"column":4},"end":{"line":16,"column":5}}]},"1":{"loc":{"start":{"line":20,"column":4},"end":{"line":22,"column":5}},"type":"if","locations":[{"start":{"line":20,"column":4},"end":{"line":22,"column":5}}]},"2":{"loc":{"start":{"line":33,"column":6},"end":{"line":33,"column":58}},"type":"if","locations":[{"start":{"line":33,"column":6},"end":{"line":33,"column":58}}]},"3":{"loc":{"start":{"line":34,"column":6},"end":{"line":34,"column":64}},"type":"if","locations":[{"start":{"line":34,"column":6},"end":{"line":34,"column":64}}]},"4":{"loc":{"start":{"line":35,"column":6},"end":{"line":35,"column":49}},"type":"if","locations":[{"start":{"line":35,"column":6},"end":{"line":35,"column":49}}]},"5":{"loc":{"start":{"line":36,"column":6},"end":{"line":36,"column":52}},"type":"if","locations":[{"start":{"line":36,"column":6},"end":{"line":36,"column":52}}]},"6":{"loc":{"start":{"line":37,"column":6},"end":{"line":37,"column":115}},"type":"if","locations":[{"start":{"line":37,"column":6},"end":{"line":37,"column":115}}]},"7":{"loc":{"start":{"line":47,"column":4},"end":{"line":47,"column":62}},"type":"if","locations":[{"start":{"line":47,"column":4},"end":{"line":47,"column":62}}]},"8":{"loc":{"start":{"line":48,"column":4},"end":{"line":48,"column":53}},"type":"if","locations":[{"start":{"line":48,"column":4},"end":{"line":48,"column":53}}]},"9":{"loc":{"start":{"line":49,"column":4},"end":{"line":49,"column":56}},"type":"if","locations":[{"start":{"line":49,"column":4},"end":{"line":49,"column":56}}]},"10":{"loc":{"start":{"line":50,"column":4},"end":{"line":50,"column":119}},"type":"if","locations":[{"start":{"line":50,"column":4},"end":{"line":50,"column":119}}]},"11":{"loc":{"start":{"line":51,"column":4},"end":{"line":51,"column":68}},"type":"if","locations":[{"start":{"line":51,"column":4},"end":{"line":51,"column":68}}]},"12":{"loc":{"start":{"line":79,"column":99},"end":{"line":79,"column":113}},"type":"default-arg","locations":[{"start":{"line":79,"column":108},"end":{"line":79,"column":113}}]},"13":{"loc":{"start":{"line":83,"column":22},"end":{"line":83,"column":45}},"type":"cond-expr","locations":[{"start":{"line":83,"column":31},"end":{"line":83,"column":40}},{"start":{"line":83,"column":43},"end":{"line":83,"column":45}}]},"14":{"loc":{"start":{"line":93,"column":4},"end":{"line":103,"column":5}},"type":"if","locations":[{"start":{"line":93,"column":4},"end":{"line":103,"column":5}},{"start":{"line":95,"column":11},"end":{"line":103,"column":5}}]},"15":{"loc":{"start":{"line":95,"column":11},"end":{"line":103,"column":5}},"type":"if","locations":[{"start":{"line":95,"column":11},"end":{"line":103,"column":5}},{"start":{"line":97,"column":11},"end":{"line":103,"column":5}}]},"16":{"loc":{"start":{"line":97,"column":11},"end":{"line":103,"column":5}},"type":"if","locations":[{"start":{"line":97,"column":11},"end":{"line":103,"column":5}},{"start":{"line":99,"column":11},"end":{"line":103,"column":5}}]},"17":{"loc":{"start":{"line":97,"column":15},"end":{"line":97,"column":70}},"type":"binary-expr","locations":[{"start":{"line":97,"column":15},"end":{"line":97,"column":40}},{"start":{"line":97,"column":44},"end":{"line":97,"column":70}}]},"18":{"loc":{"start":{"line":99,"column":11},"end":{"line":103,"column":5}},"type":"if","locations":[{"start":{"line":99,"column":11},"end":{"line":103,"column":5}},{"start":{"line":101,"column":11},"end":{"line":103,"column":5}}]},"19":{"loc":{"start":{"line":99,"column":15},"end":{"line":99,"column":52}},"type":"binary-expr","locations":[{"start":{"line":99,"column":15},"end":{"line":99,"column":29}},{"start":{"line":99,"column":33},"end":{"line":99,"column":52}}]},"20":{"loc":{"start":{"line":101,"column":11},"end":{"line":103,"column":5}},"type":"if","locations":[{"start":{"line":101,"column":11},"end":{"line":103,"column":5}}]}},"s":{"0":2,"1":26,"2":3,"3":12,"4":1,"5":11,"6":11,"7":11,"8":1,"9":1,"10":2,"11":2,"12":2,"13":1,"14":2,"15":0,"16":2,"17":0,"18":2,"19":1,"20":2,"21":0,"22":2,"23":1,"24":2,"25":2,"26":1,"27":1,"28":0,"29":1,"30":0,"31":1,"32":0,"33":1,"34":0,"35":1,"36":0,"37":1,"38":1,"39":1,"40":1,"41":1,"42":1,"43":1,"44":1,"45":2,"46":2,"47":1,"48":2,"49":1,"50":3,"51":3,"52":2,"53":2,"54":2,"55":2,"56":1,"57":1,"58":0,"59":0,"60":0,"61":0,"62":0,"63":0,"64":0,"65":0,"66":0,"67":0,"68":0,"69":0,"70":2},"f":{"0":26,"1":12,"2":1,"3":2,"4":2,"5":1,"6":1,"7":2,"8":2,"9":3,"10":2,"11":1,"12":0,"13":0},"b":{"0":[3],"1":[1],"2":[1],"3":[0],"4":[0],"5":[1],"6":[0],"7":[0],"8":[0],"9":[0],"10":[0],"11":[0],"12":[2],"13":[1,1],"14":[0,0],"15":[0,0],"16":[0,0],"17":[0,0],"18":[0,0],"19":[0,0],"20":[0]}}
,"/home/guilherme/Documentos/projetos/orm-sqlite/test/class/Comentario.class.ts": {"path":"/home/guilherme/Documentos/projetos/orm-sqlite/test/class/Comentario.class.ts","statementMap":{"0":{"start":{"line":1,"column":0},"end":{"line":1,"column":75}},"1":{"start":{"line":4,"column":7},"end":{"line":22,"column":null}},"2":{"start":{"line":12,"column":4},"end":{"line":12,"column":19}},"3":{"start":{"line":18,"column":8},"end":{"line":18,"column":38}},"4":{"start":{"line":19,"column":8},"end":{"line":19,"column":59}},"5":{"start":{"line":20,"column":8},"end":{"line":20,"column":50}},"6":{"start":{"line":4,"column":13},"end":{"line":4,"column":23}},"7":{"start":{"line":9,"column":11},"end":{"line":9,"column":null}},"8":{"start":{"line":12,"column":4},"end":{"line":12,"column":null}},"9":{"start":{"line":15,"column":4},"end":{"line":15,"column":null}},"10":{"start":{"line":4,"column":13},"end":{"line":22,"column":null}}},"fnMap":{"0":{"name":"(anonymous_2)","decl":{"start":{"line":17,"column":4},"end":{"line":17,"column":16}},"loc":{"start":{"line":17,"column":42},"end":{"line":21,"column":5}}}},"branchMap":{"0":{"loc":{"start":{"line":18,"column":18},"end":{"line":18,"column":37}},"type":"cond-expr","locations":[{"start":{"line":18,"column":26},"end":{"line":18,"column":30}},{"start":{"line":18,"column":30},"end":{"line":18,"column":37}}]},"1":{"loc":{"start":{"line":18,"column":18},"end":{"line":18,"column":30}},"type":"binary-expr","locations":[{"start":{"line":18,"column":18},"end":{"line":18,"column":30}},{"start":{"line":18,"column":26},"end":{"line":18,"column":30}}]},"2":{"loc":{"start":{"line":19,"column":25},"end":{"line":19,"column":58}},"type":"cond-expr","locations":[{"start":{"line":19,"column":40},"end":{"line":19,"column":44}},{"start":{"line":19,"column":44},"end":{"line":19,"column":58}}]},"3":{"loc":{"start":{"line":19,"column":25},"end":{"line":19,"column":44}},"type":"binary-expr","locations":[{"start":{"line":19,"column":25},"end":{"line":19,"column":44}},{"start":{"line":19,"column":40},"end":{"line":19,"column":44}}]},"4":{"loc":{"start":{"line":20,"column":22},"end":{"line":20,"column":49}},"type":"cond-expr","locations":[{"start":{"line":20,"column":34},"end":{"line":20,"column":38}},{"start":{"line":20,"column":38},"end":{"line":20,"column":49}}]},"5":{"loc":{"start":{"line":20,"column":22},"end":{"line":20,"column":38}},"type":"binary-expr","locations":[{"start":{"line":20,"column":22},"end":{"line":20,"column":38}},{"start":{"line":20,"column":34},"end":{"line":20,"column":38}}]}},"s":{"0":1,"1":1,"2":2,"3":2,"4":2,"5":2,"6":1,"7":1,"8":1,"9":1,"10":1},"f":{"0":2},"b":{"0":[0,2],"1":[2,2],"2":[0,2],"3":[2,2],"4":[0,2],"5":[2,2]}}
,"/home/guilherme/Documentos/projetos/orm-sqlite/test/class/LocalStorage.class.ts": {"path":"/home/guilherme/Documentos/projetos/orm-sqlite/test/class/LocalStorage.class.ts","statementMap":{"0":{"start":{"line":1,"column":0},"end":{"line":1,"column":75}},"1":{"start":{"line":4,"column":7},"end":{"line":19,"column":null}},"2":{"start":{"line":15,"column":4},"end":{"line":15,"column":41}},"3":{"start":{"line":16,"column":4},"end":{"line":16,"column":44}},"4":{"start":{"line":17,"column":4},"end":{"line":17,"column":50}},"5":{"start":{"line":4,"column":13},"end":{"line":4,"column":25}},"6":{"start":{"line":6,"column":9},"end":{"line":6,"column":null}},"7":{"start":{"line":9,"column":9},"end":{"line":9,"column":null}},"8":{"start":{"line":12,"column":9},"end":{"line":12,"column":null}},"9":{"start":{"line":4,"column":13},"end":{"line":19,"column":null}}},"fnMap":{"0":{"name":"(anonymous_2)","decl":{"start":{"line":14,"column":2},"end":{"line":14,"column":14}},"loc":{"start":{"line":14,"column":49},"end":{"line":18,"column":3}}}},"branchMap":{"0":{"loc":{"start":{"line":15,"column":14},"end":{"line":15,"column":40}},"type":"cond-expr","locations":[{"start":{"line":15,"column":29},"end":{"line":15,"column":33}},{"start":{"line":15,"column":33},"end":{"line":15,"column":40}}]},"1":{"loc":{"start":{"line":15,"column":14},"end":{"line":15,"column":33}},"type":"binary-expr","locations":[{"start":{"line":15,"column":14},"end":{"line":15,"column":33}},{"start":{"line":15,"column":29},"end":{"line":15,"column":33}}]},"2":{"loc":{"start":{"line":16,"column":15},"end":{"line":16,"column":43}},"type":"cond-expr","locations":[{"start":{"line":16,"column":31},"end":{"line":16,"column":35}},{"start":{"line":16,"column":35},"end":{"line":16,"column":43}}]},"3":{"loc":{"start":{"line":16,"column":15},"end":{"line":16,"column":35}},"type":"binary-expr","locations":[{"start":{"line":16,"column":15},"end":{"line":16,"column":35}},{"start":{"line":16,"column":31},"end":{"line":16,"column":35}}]},"4":{"loc":{"start":{"line":17,"column":17},"end":{"line":17,"column":49}},"type":"cond-expr","locations":[{"start":{"line":17,"column":35},"end":{"line":17,"column":39}},{"start":{"line":17,"column":39},"end":{"line":17,"column":49}}]},"5":{"loc":{"start":{"line":17,"column":17},"end":{"line":17,"column":39}},"type":"binary-expr","locations":[{"start":{"line":17,"column":17},"end":{"line":17,"column":39}},{"start":{"line":17,"column":35},"end":{"line":17,"column":39}}]}},"s":{"0":2,"1":2,"2":0,"3":0,"4":0,"5":2,"6":2,"7":2,"8":2,"9":2},"f":{"0":0},"b":{"0":[0,0],"1":[0,0],"2":[0,0],"3":[0,0],"4":[0,0],"5":[0,0]}}
,"/home/guilherme/Documentos/projetos/orm-sqlite/test/class/Post.class.ts": {"path":"/home/guilherme/Documentos/projetos/orm-sqlite/test/class/Post.class.ts","statementMap":{"0":{"start":{"line":1,"column":0},"end":{"line":1,"column":86}},"1":{"start":{"line":10,"column":7},"end":{"line":30,"column":null}},"2":{"start":{"line":13,"column":11},"end":{"line":13,"column":36}},"3":{"start":{"line":22,"column":11},"end":{"line":22,"column":42}},"4":{"start":{"line":25,"column":8},"end":{"line":25,"column":38}},"5":{"start":{"line":26,"column":8},"end":{"line":26,"column":50}},"6":{"start":{"line":27,"column":8},"end":{"line":27,"column":47}},"7":{"start":{"line":28,"column":8},"end":{"line":28,"column":65}},"8":{"start":{"line":10,"column":13},"end":{"line":10,"column":17}},"9":{"start":{"line":13,"column":11},"end":{"line":13,"column":null}},"10":{"start":{"line":16,"column":11},"end":{"line":16,"column":null}},"11":{"start":{"line":19,"column":11},"end":{"line":19,"column":null}},"12":{"start":{"line":22,"column":11},"end":{"line":22,"column":null}},"13":{"start":{"line":10,"column":13},"end":{"line":30,"column":null}}},"fnMap":{"0":{"name":"(anonymous_2)","decl":{"start":{"line":24,"column":4},"end":{"line":24,"column":16}},"loc":{"start":{"line":24,"column":36},"end":{"line":29,"column":5}}}},"branchMap":{"0":{"loc":{"start":{"line":25,"column":18},"end":{"line":25,"column":37}},"type":"cond-expr","locations":[{"start":{"line":25,"column":26},"end":{"line":25,"column":30}},{"start":{"line":25,"column":30},"end":{"line":25,"column":37}}]},"1":{"loc":{"start":{"line":25,"column":18},"end":{"line":25,"column":30}},"type":"binary-expr","locations":[{"start":{"line":25,"column":18},"end":{"line":25,"column":30}},{"start":{"line":25,"column":26},"end":{"line":25,"column":30}}]},"2":{"loc":{"start":{"line":26,"column":22},"end":{"line":26,"column":49}},"type":"cond-expr","locations":[{"start":{"line":26,"column":34},"end":{"line":26,"column":38}},{"start":{"line":26,"column":38},"end":{"line":26,"column":49}}]},"3":{"loc":{"start":{"line":26,"column":22},"end":{"line":26,"column":38}},"type":"binary-expr","locations":[{"start":{"line":26,"column":22},"end":{"line":26,"column":38}},{"start":{"line":26,"column":34},"end":{"line":26,"column":38}}]},"4":{"loc":{"start":{"line":27,"column":21},"end":{"line":27,"column":46}},"type":"cond-expr","locations":[{"start":{"line":27,"column":32},"end":{"line":27,"column":36}},{"start":{"line":27,"column":36},"end":{"line":27,"column":46}}]},"5":{"loc":{"start":{"line":27,"column":21},"end":{"line":27,"column":36}},"type":"binary-expr","locations":[{"start":{"line":27,"column":21},"end":{"line":27,"column":36}},{"start":{"line":27,"column":32},"end":{"line":27,"column":36}}]},"6":{"loc":{"start":{"line":28,"column":27},"end":{"line":28,"column":64}},"type":"cond-expr","locations":[{"start":{"line":28,"column":44},"end":{"line":28,"column":48}},{"start":{"line":28,"column":48},"end":{"line":28,"column":64}}]},"7":{"loc":{"start":{"line":28,"column":27},"end":{"line":28,"column":48}},"type":"binary-expr","locations":[{"start":{"line":28,"column":27},"end":{"line":28,"column":48}},{"start":{"line":28,"column":44},"end":{"line":28,"column":48}}]}},"s":{"0":3,"1":3,"2":9,"3":9,"4":9,"5":9,"6":9,"7":9,"8":3,"9":3,"10":3,"11":3,"12":3,"13":3},"f":{"0":9},"b":{"0":[0,9],"1":[9,9],"2":[0,9],"3":[9,9],"4":[0,9],"5":[9,9],"6":[0,9],"7":[9,9]}}
,"/home/guilherme/Documentos/projetos/orm-sqlite/test/class/User.class.ts": {"path":"/home/guilherme/Documentos/projetos/orm-sqlite/test/class/User.class.ts","statementMap":{"0":{"start":{"line":1,"column":0},"end":{"line":1,"column":86}},"1":{"start":{"line":6,"column":7},"end":{"line":36,"column":null}},"2":{"start":{"line":29,"column":8},"end":{"line":29,"column":38}},"3":{"start":{"line":30,"column":8},"end":{"line":30,"column":44}},"4":{"start":{"line":31,"column":8},"end":{"line":31,"column":47}},"5":{"start":{"line":32,"column":8},"end":{"line":32,"column":41}},"6":{"start":{"line":33,"column":8},"end":{"line":33,"column":59}},"7":{"start":{"line":34,"column":8},"end":{"line":34,"column":47}},"8":{"start":{"line":6,"column":13},"end":{"line":6,"column":17}},"9":{"start":{"line":11,"column":11},"end":{"line":11,"column":null}},"10":{"start":{"line":14,"column":11},"end":{"line":14,"column":null}},"11":{"start":{"line":17,"column":11},"end":{"line":17,"column":null}},"12":{"start":{"line":20,"column":11},"end":{"line":20,"column":null}},"13":{"start":{"line":23,"column":11},"end":{"line":23,"column":null}},"14":{"start":{"line":26,"column":11},"end":{"line":26,"column":null}},"15":{"start":{"line":6,"column":13},"end":{"line":36,"column":null}}},"fnMap":{"0":{"name":"(anonymous_2)","decl":{"start":{"line":28,"column":4},"end":{"line":28,"column":16}},"loc":{"start":{"line":28,"column":36},"end":{"line":35,"column":5}}}},"branchMap":{"0":{"loc":{"start":{"line":29,"column":18},"end":{"line":29,"column":37}},"type":"cond-expr","locations":[{"start":{"line":29,"column":26},"end":{"line":29,"column":30}},{"start":{"line":29,"column":30},"end":{"line":29,"column":37}}]},"1":{"loc":{"start":{"line":29,"column":18},"end":{"line":29,"column":30}},"type":"binary-expr","locations":[{"start":{"line":29,"column":18},"end":{"line":29,"column":30}},{"start":{"line":29,"column":26},"end":{"line":29,"column":30}}]},"2":{"loc":{"start":{"line":30,"column":20},"end":{"line":30,"column":43}},"type":"cond-expr","locations":[{"start":{"line":30,"column":30},"end":{"line":30,"column":34}},{"start":{"line":30,"column":34},"end":{"line":30,"column":43}}]},"3":{"loc":{"start":{"line":30,"column":20},"end":{"line":30,"column":34}},"type":"binary-expr","locations":[{"start":{"line":30,"column":20},"end":{"line":30,"column":34}},{"start":{"line":30,"column":30},"end":{"line":30,"column":34}}]},"4":{"loc":{"start":{"line":31,"column":21},"end":{"line":31,"column":46}},"type":"cond-expr","locations":[{"start":{"line":31,"column":32},"end":{"line":31,"column":36}},{"start":{"line":31,"column":36},"end":{"line":31,"column":46}}]},"5":{"loc":{"start":{"line":31,"column":21},"end":{"line":31,"column":36}},"type":"binary-expr","locations":[{"start":{"line":31,"column":21},"end":{"line":31,"column":36}},{"start":{"line":31,"column":32},"end":{"line":31,"column":36}}]},"6":{"loc":{"start":{"line":32,"column":19},"end":{"line":32,"column":40}},"type":"cond-expr","locations":[{"start":{"line":32,"column":28},"end":{"line":32,"column":32}},{"start":{"line":32,"column":32},"end":{"line":32,"column":40}}]},"7":{"loc":{"start":{"line":32,"column":19},"end":{"line":32,"column":32}},"type":"binary-expr","locations":[{"start":{"line":32,"column":19},"end":{"line":32,"column":32}},{"start":{"line":32,"column":28},"end":{"line":32,"column":32}}]},"8":{"loc":{"start":{"line":33,"column":25},"end":{"line":33,"column":58}},"type":"cond-expr","locations":[{"start":{"line":33,"column":40},"end":{"line":33,"column":44}},{"start":{"line":33,"column":44},"end":{"line":33,"column":58}}]},"9":{"loc":{"start":{"line":33,"column":25},"end":{"line":33,"column":44}},"type":"binary-expr","locations":[{"start":{"line":33,"column":25},"end":{"line":33,"column":44}},{"start":{"line":33,"column":40},"end":{"line":33,"column":44}}]},"10":{"loc":{"start":{"line":34,"column":21},"end":{"line":34,"column":46}},"type":"cond-expr","locations":[{"start":{"line":34,"column":32},"end":{"line":34,"column":36}},{"start":{"line":34,"column":36},"end":{"line":34,"column":46}}]},"11":{"loc":{"start":{"line":34,"column":21},"end":{"line":34,"column":36}},"type":"binary-expr","locations":[{"start":{"line":34,"column":21},"end":{"line":34,"column":36}},{"start":{"line":34,"column":32},"end":{"line":34,"column":36}}]}},"s":{"0":7,"1":7,"2":0,"3":0,"4":0,"5":0,"6":0,"7":0,"8":7,"9":7,"10":7,"11":7,"12":7,"13":7,"14":7,"15":7},"f":{"0":0},"b":{"0":[0,0],"1":[0,0],"2":[0,0],"3":[0,0],"4":[0,0],"5":[0,0],"6":[0,0],"7":[0,0],"8":[0,0],"9":[0,0],"10":[0,0],"11":[0,0]}}
}
