TN:
SF:src/definitions.ts
FNF:0
FNH:0
DA:1,1
DA:2,1
LF:2
LH:2
BRF:0
BRH:0
end_of_record
TN:
SF:src/index.ts
FN:12,(anonymous_4)
FN:16,(anonymous_5)
FN:13,(anonymous_6)
FN:17,(anonymous_7)
FN:14,(anonymous_8)
FN:18,(anonymous_9)
FN:15,(anonymous_10)
FNF:7
FNH:6
FNDA:1,(anonymous_4)
FNDA:1,(anonymous_5)
FNDA:1,(anonymous_6)
FNDA:1,(anonymous_7)
FNDA:1,(anonymous_8)
FNDA:1,(anonymous_9)
FNDA:0,(anonymous_10)
DA:1,1
DA:2,1
DA:3,1
DA:4,1
DA:7,1
DA:8,1
DA:9,1
DA:10,1
DA:12,2
DA:13,2
DA:14,2
DA:15,1
DA:16,2
DA:17,2
DA:18,2
LF:15
LH:15
BRF:0
BRH:0
end_of_record
TN:
SF:src/database/database.ts
FN:24,(anonymous_0)
FN:42,(anonymous_1)
FN:45,(anonymous_2)
FN:48,(anonymous_3)
FN:51,(anonymous_4)
FN:54,(anonymous_5)
FN:57,(anonymous_6)
FN:61,(anonymous_7)
FN:66,(anonymous_8)
FN:72,(anonymous_9)
FN:75,(anonymous_10)
FN:78,(anonymous_11)
FN:81,(anonymous_12)
FN:84,(anonymous_13)
FN:87,(anonymous_14)
FN:90,(anonymous_15)
FN:94,(anonymous_16)
FN:99,(anonymous_17)
FN:103,(anonymous_18)
FN:107,(anonymous_19)
FN:112,(anonymous_20)
FN:117,(anonymous_21)
FN:120,(anonymous_22)
FN:124,(anonymous_23)
FN:128,(anonymous_24)
FN:133,(anonymous_25)
FN:137,(anonymous_26)
FN:142,(anonymous_27)
FN:178,(anonymous_28)
FN:186,(anonymous_29)
FN:196,(anonymous_30)
FN:201,(anonymous_31)
FN:206,(anonymous_32)
FN:226,(anonymous_33)
FN:247,(anonymous_34)
FN:256,(anonymous_35)
FN:259,(anonymous_36)
FN:268,(anonymous_37)
FN:271,(anonymous_38)
FN:276,(anonymous_39)
FN:295,(anonymous_40)
FN:303,(anonymous_41)
FN:309,(anonymous_42)
FN:317,(anonymous_43)
FN:333,(anonymous_44)
FN:339,(anonymous_45)
FN:356,(anonymous_46)
FN:374,(anonymous_47)
FN:403,(anonymous_48)
FN:409,(anonymous_49)
FN:419,(anonymous_50)
FN:426,(anonymous_51)
FN:439,(anonymous_52)
FN:440,(anonymous_53)
FN:451,(anonymous_54)
FN:474,(anonymous_55)
FN:475,(anonymous_56)
FN:483,(anonymous_57)
FN:497,(anonymous_58)
FN:505,(anonymous_59)
FNF:60
FNH:34
FNDA:8,(anonymous_0)
FNDA:0,(anonymous_1)
FNDA:0,(anonymous_2)
FNDA:0,(anonymous_3)
FNDA:0,(anonymous_4)
FNDA:0,(anonymous_5)
FNDA:0,(anonymous_6)
FNDA:0,(anonymous_7)
FNDA:32,(anonymous_8)
FNDA:0,(anonymous_9)
FNDA:0,(anonymous_10)
FNDA:0,(anonymous_11)
FNDA:0,(anonymous_12)
FNDA:0,(anonymous_13)
FNDA:0,(anonymous_14)
FNDA:0,(anonymous_15)
FNDA:0,(anonymous_16)
FNDA:0,(anonymous_17)
FNDA:0,(anonymous_18)
FNDA:0,(anonymous_19)
FNDA:0,(anonymous_20)
FNDA:0,(anonymous_21)
FNDA:0,(anonymous_22)
FNDA:0,(anonymous_23)
FNDA:0,(anonymous_24)
FNDA:24,(anonymous_25)
FNDA:0,(anonymous_26)
FNDA:9,(anonymous_27)
FNDA:1,(anonymous_28)
FNDA:2,(anonymous_29)
FNDA:1,(anonymous_30)
FNDA:1,(anonymous_31)
FNDA:5,(anonymous_32)
FNDA:1,(anonymous_33)
FNDA:4,(anonymous_34)
FNDA:3,(anonymous_35)
FNDA:3,(anonymous_36)
FNDA:2,(anonymous_37)
FNDA:2,(anonymous_38)
FNDA:2,(anonymous_39)
FNDA:2,(anonymous_40)
FNDA:0,(anonymous_41)
FNDA:0,(anonymous_42)
FNDA:5,(anonymous_43)
FNDA:24,(anonymous_44)
FNDA:6,(anonymous_45)
FNDA:2,(anonymous_46)
FNDA:9,(anonymous_47)
FNDA:13,(anonymous_48)
FNDA:2,(anonymous_49)
FNDA:1,(anonymous_50)
FNDA:1,(anonymous_51)
FNDA:1,(anonymous_52)
FNDA:2,(anonymous_53)
FNDA:1,(anonymous_54)
FNDA:5,(anonymous_55)
FNDA:11,(anonymous_56)
FNDA:8,(anonymous_57)
FNDA:5,(anonymous_58)
FNDA:7,(anonymous_59)
DA:2,2
DA:4,2
DA:9,2
DA:15,2
DA:33,8
DA:34,8
DA:35,8
DA:36,8
DA:37,8
DA:38,8
DA:39,8
DA:43,0
DA:46,0
DA:49,0
DA:52,0
DA:55,0
DA:58,0
DA:62,0
DA:63,0
DA:67,32
DA:68,32
DA:69,32
DA:73,0
DA:76,0
DA:79,0
DA:82,0
DA:85,0
DA:88,0
DA:91,0
DA:92,0
DA:95,0
DA:96,0
DA:97,0
DA:100,0
DA:101,0
DA:104,0
DA:105,0
DA:108,0
DA:109,0
DA:110,0
DA:113,0
DA:114,0
DA:115,0
DA:118,0
DA:121,0
DA:122,0
DA:125,0
DA:126,0
DA:129,0
DA:130,0
DA:134,24
DA:138,0
DA:139,0
DA:143,9
DA:145,9
DA:147,6
DA:149,6
DA:150,6
DA:151,0
DA:152,0
DA:156,6
DA:157,6
DA:158,6
DA:159,4
DA:161,2
DA:165,6
DA:166,2
DA:167,2
DA:170,6
DA:172,0
DA:173,0
DA:179,1
DA:180,1
DA:181,1
DA:182,1
DA:187,2
DA:188,2
DA:189,1
DA:190,1
DA:192,1
DA:193,1
DA:197,1
DA:198,1
DA:202,1
DA:203,1
DA:207,5
DA:208,0
DA:211,5
DA:213,3
DA:214,3
DA:215,2
DA:216,2
DA:218,2
DA:227,1
DA:228,0
DA:231,1
DA:233,1
DA:234,1
DA:236,1
DA:237,1
DA:239,1
DA:248,4
DA:249,0
DA:252,4
DA:254,4
DA:255,4
DA:256,4
DA:260,3
DA:261,0
DA:264,3
DA:266,3
DA:267,3
DA:268,3
DA:272,2
DA:273,2
DA:277,2
DA:278,2
DA:280,2
DA:281,0
DA:284,2
DA:285,2
DA:286,2
DA:287,1
DA:288,1
DA:290,1
DA:291,1
DA:296,2
DA:300,2
DA:304,0
DA:310,0
DA:311,0
DA:312,0
DA:313,0
DA:314,0
DA:318,5
DA:319,2
DA:320,2
DA:322,2
DA:324,2
DA:325,1
DA:326,1
DA:327,0
DA:330,1
DA:334,24
DA:335,16
DA:338,8
DA:339,6
DA:340,6
DA:341,6
DA:342,3
DA:344,6
DA:345,6
DA:349,8
DA:350,8
DA:352,8
DA:357,2
DA:358,2
DA:366,1
DA:367,1
DA:368,1
DA:370,0
DA:375,9
DA:377,9
DA:378,1
DA:383,8
DA:384,0
DA:389,8
DA:390,1
DA:395,7
DA:396,1
DA:404,13
DA:405,2
DA:410,2
DA:416,2
DA:420,1
DA:421,1
DA:423,0
DA:427,1
DA:428,1
DA:429,1
DA:430,1
DA:431,1
DA:433,0
DA:435,0
DA:440,2
DA:441,1
DA:442,1
DA:448,0
DA:452,1
DA:453,1
DA:455,1
DA:456,0
DA:457,0
DA:459,0
DA:462,1
DA:463,1
DA:464,1
DA:465,1
DA:467,0
DA:469,1
DA:470,1
DA:475,5
DA:476,11
DA:477,2
DA:480,5
DA:484,8
DA:485,8
DA:486,5
DA:489,3
DA:490,3
DA:491,2
DA:493,1
DA:498,5
DA:499,1
DA:505,7
DA:506,4
DA:507,4
DA:508,1
DA:514,3
DA:515,2
DA:516,1
LF:221
LH:157
BRDA:138,0,0,0
BRDA:139,1,0,0
BRDA:139,1,1,0
BRDA:139,2,0,0
BRDA:139,2,1,0
BRDA:149,3,0,0
BRDA:149,3,1,6
BRDA:149,4,0,6
BRDA:149,4,1,6
BRDA:150,5,0,0
BRDA:165,6,0,2
BRDA:180,7,0,1
BRDA:188,8,0,1
BRDA:207,9,0,0
BRDA:215,10,0,2
BRDA:215,10,1,0
BRDA:215,11,0,2
BRDA:215,11,1,2
BRDA:215,12,0,0
BRDA:215,12,1,2
BRDA:215,13,0,2
BRDA:215,13,1,2
BRDA:216,14,0,2
BRDA:216,14,1,0
BRDA:216,15,0,2
BRDA:216,15,1,2
BRDA:216,16,0,0
BRDA:216,16,1,2
BRDA:216,17,0,2
BRDA:216,17,1,2
BRDA:221,18,0,2
BRDA:221,18,1,0
BRDA:221,19,0,2
BRDA:221,19,1,2
BRDA:222,20,0,2
BRDA:222,20,1,0
BRDA:222,21,0,2
BRDA:222,21,1,2
BRDA:227,22,0,0
BRDA:236,23,0,1
BRDA:236,23,1,0
BRDA:236,24,0,1
BRDA:236,24,1,1
BRDA:236,25,0,0
BRDA:236,25,1,1
BRDA:236,26,0,1
BRDA:236,26,1,1
BRDA:237,27,0,1
BRDA:237,27,1,0
BRDA:237,28,0,1
BRDA:237,28,1,1
BRDA:237,29,0,0
BRDA:237,29,1,1
BRDA:237,30,0,1
BRDA:237,30,1,1
BRDA:242,31,0,1
BRDA:242,31,1,0
BRDA:242,32,0,1
BRDA:242,32,1,1
BRDA:243,33,0,1
BRDA:243,33,1,0
BRDA:243,34,0,1
BRDA:243,34,1,1
BRDA:248,35,0,0
BRDA:256,36,0,4
BRDA:256,36,1,0
BRDA:256,37,0,4
BRDA:256,37,1,4
BRDA:256,38,0,0
BRDA:256,38,1,4
BRDA:256,39,0,4
BRDA:256,39,1,4
BRDA:260,40,0,0
BRDA:268,41,0,3
BRDA:268,41,1,0
BRDA:268,42,0,3
BRDA:268,42,1,3
BRDA:268,43,0,0
BRDA:268,43,1,3
BRDA:268,44,0,3
BRDA:268,44,1,3
BRDA:273,45,0,1
BRDA:273,45,1,1
BRDA:273,46,0,2
BRDA:273,46,1,2
BRDA:278,47,0,2
BRDA:278,47,1,0
BRDA:278,48,0,2
BRDA:278,48,1,2
BRDA:280,49,0,0
BRDA:300,50,0,1
BRDA:300,50,1,1
BRDA:300,51,0,2
BRDA:300,51,1,2
BRDA:324,52,0,1
BRDA:334,53,0,16
BRDA:338,54,0,6
BRDA:341,55,0,3
BRDA:367,56,0,1
BRDA:367,57,0,1
BRDA:367,57,1,1
BRDA:377,58,0,1
BRDA:383,59,0,0
BRDA:383,60,0,0
BRDA:383,60,1,8
BRDA:383,61,0,8
BRDA:383,61,1,8
BRDA:389,62,0,1
BRDA:389,63,0,8
BRDA:389,63,1,8
BRDA:389,64,0,0
BRDA:389,64,1,8
BRDA:389,65,0,8
BRDA:389,65,1,8
BRDA:395,66,0,1
BRDA:395,67,0,7
BRDA:395,67,1,7
BRDA:404,68,0,2
BRDA:404,69,0,13
BRDA:404,69,1,13
BRDA:428,70,0,1
BRDA:428,70,1,0
BRDA:441,71,0,1
BRDA:453,72,0,1
BRDA:453,72,1,0
BRDA:453,73,0,1
BRDA:453,73,1,1
BRDA:455,74,0,0
BRDA:476,75,0,2
BRDA:476,76,0,11
BRDA:476,76,1,8
BRDA:485,77,0,5
BRDA:485,78,0,8
BRDA:485,78,1,6
BRDA:498,79,0,1
BRDA:498,80,0,5
BRDA:498,80,1,5
BRDA:507,81,0,1
BRDA:515,82,0,1
BRF:139
BRH:104
end_of_record
TN:
SF:src/decoratiors/decoratiors.orm.ts
FN:4,ensurePropertyActions
FN:11,EntityName
FN:12,(anonymous_2)
FN:23,Column
FN:24,(anonymous_4)
FN:26,(anonymous_5)
FN:36,ManyToOne
FN:37,(anonymous_7)
FN:39,(anonymous_8)
FN:45,OneToMany
FN:46,(anonymous_10)
FN:48,(anonymous_11)
FN:54,OneToOne
FN:55,(anonymous_13)
FN:57,(anonymous_14)
FN:63,ManyToMany
FN:64,(anonymous_16)
FN:66,(anonymous_17)
FN:72,isPrimaryKey
FN:77,getPrimaryKey
FN:90,isColumn
FN:95,isManyToOne
FN:100,isOneToMany
FN:105,isOneToOne
FN:110,isManyToMany
FN:115,isColunaRelacionamento
FNF:26
FNH:16
FNDA:65,ensurePropertyActions
FNDA:14,EntityName
FNDA:14,(anonymous_2)
FNDA:55,Column
FNDA:55,(anonymous_4)
FNDA:54,(anonymous_5)
FNDA:0,ManyToOne
FNDA:0,(anonymous_7)
FNDA:0,(anonymous_8)
FNDA:10,OneToMany
FNDA:10,(anonymous_10)
FNDA:10,(anonymous_11)
FNDA:0,OneToOne
FNDA:0,(anonymous_13)
FNDA:0,(anonymous_14)
FNDA:0,ManyToMany
FNDA:0,(anonymous_16)
FNDA:0,(anonymous_17)
FNDA:0,isPrimaryKey
FNDA:14,getPrimaryKey
FNDA:20,isColumn
FNDA:52,isManyToOne
FNDA:63,isOneToMany
FNDA:45,isOneToOne
FNDA:56,isManyToMany
FNDA:52,isColunaRelacionamento
DA:1,10
DA:2,10
DA:5,65
DA:6,15
DA:11,10
DA:12,14
DA:13,14
DA:14,14
DA:15,14
DA:16,64
DA:23,10
DA:24,55
DA:25,55
DA:26,55
DA:27,54
DA:28,54
DA:29,13
DA:36,10
DA:37,0
DA:38,0
DA:39,0
DA:40,0
DA:45,10
DA:46,10
DA:47,10
DA:48,10
DA:49,10
DA:54,10
DA:55,0
DA:56,0
DA:57,0
DA:58,0
DA:63,10
DA:64,0
DA:65,0
DA:66,0
DA:67,0
DA:72,10
DA:73,0
DA:74,0
DA:77,10
DA:78,14
DA:79,14
DA:80,14
DA:81,13
DA:84,1
DA:90,10
DA:91,20
DA:92,20
DA:95,10
DA:96,52
DA:97,52
DA:100,10
DA:101,63
DA:102,63
DA:105,10
DA:106,45
DA:107,45
DA:110,10
DA:111,56
DA:112,56
DA:115,10
DA:116,52
LF:63
LH:49
BRDA:5,0,0,15
BRDA:14,1,0,14
BRDA:28,2,0,13
BRDA:28,3,0,41
BRDA:28,3,1,13
BRDA:28,4,0,54
BRDA:28,4,1,54
BRDA:80,5,0,13
BRDA:80,6,0,0
BRDA:80,6,1,14
BRDA:80,7,0,14
BRDA:80,7,1,14
BRDA:117,8,0,52
BRDA:117,8,1,52
BRDA:117,8,2,45
BRDA:117,8,3,45
BRF:16
BRH:15
end_of_record
TN:
SF:src/decorators/decorators.orm.ts
FNF:0
FNH:0
DA:1,2
LF:1
LH:1
BRF:0
BRH:0
end_of_record
TN:
SF:src/errors/orm-sqlite.error.ts
FN:16,(anonymous_0)
FNF:1
FNH:1
FNDA:29,(anonymous_0)
DA:13,16
DA:17,29
DA:18,29
DA:19,29
LF:4
LH:4
BRF:0
BRH:0
end_of_record
TN:
SF:src/metadata/geranciado.metadata.ts
FN:4,defineMetadata
FN:15,getMetadata
FN:20,getMetadataAllByName
FN:26,defineClassMetadata
FN:34,getClassMetadata
FNF:5
FNH:3
FNDA:77,defineMetadata
FNDA:236,getMetadata
FNDA:14,getMetadataAllByName
FNDA:0,defineClassMetadata
FNDA:0,getClassMetadata
DA:1,10
DA:4,10
DA:5,77
DA:6,77
DA:7,14
DA:9,77
DA:10,64
DA:12,77
DA:15,10
DA:16,236
DA:17,236
DA:20,10
DA:21,14
DA:22,14
DA:26,10
DA:27,0
DA:28,0
DA:29,0
DA:31,0
DA:34,10
DA:35,0
DA:36,0
LF:22
LH:16
BRDA:6,0,0,14
BRDA:9,1,0,64
BRDA:17,2,0,0
BRDA:17,2,1,236
BRDA:17,3,0,236
BRDA:17,3,1,236
BRDA:17,4,0,0
BRDA:17,4,1,236
BRDA:17,5,0,236
BRDA:17,5,1,236
BRDA:28,6,0,0
BRDA:36,7,0,0
BRDA:36,7,1,0
BRDA:36,8,0,0
BRDA:36,8,1,0
BRF:15
BRH:8
end_of_record
TN:
SF:src/metadata/gerenciado.metadata.ts
FNF:0
FNH:0
DA:1,1
LF:1
LH:1
BRF:0
BRH:0
end_of_record
TN:
SF:src/query/query-build-sqlite.ts
FN:21,(anonymous_0)
FN:27,(anonymous_1)
FN:36,(anonymous_2)
FN:49,(anonymous_3)
FN:51,(anonymous_4)
FN:68,(anonymous_5)
FN:72,(anonymous_6)
FN:76,(anonymous_7)
FN:77,(anonymous_8)
FN:79,(anonymous_9)
FN:93,(anonymous_10)
FN:95,(anonymous_11)
FN:107,(anonymous_12)
FN:109,(anonymous_13)
FN:110,(anonymous_14)
FN:124,(anonymous_15)
FN:128,(anonymous_16)
FN:136,(anonymous_17)
FN:145,(anonymous_18)
FN:147,(anonymous_19)
FN:154,(anonymous_20)
FN:159,(anonymous_21)
FN:170,(anonymous_22)
FN:192,(anonymous_23)
FN:194,(anonymous_24)
FN:202,(anonymous_25)
FN:222,(anonymous_26)
FN:235,(anonymous_27)
FN:251,(anonymous_28)
FN:261,(anonymous_29)
FN:269,(anonymous_30)
FN:275,(anonymous_31)
FN:279,(anonymous_32)
FN:283,(anonymous_33)
FN:284,(anonymous_34)
FN:285,(anonymous_35)
FN:292,(anonymous_36)
FN:295,(anonymous_37)
FN:297,(anonymous_38)
FN:298,(anonymous_39)
FN:311,(anonymous_40)
FN:314,(anonymous_41)
FN:323,(anonymous_42)
FN:326,(anonymous_43)
FN:340,(anonymous_44)
FN:349,(anonymous_45)
FN:384,(anonymous_46)
FNF:47
FNH:42
FNDA:52,(anonymous_0)
FNDA:164,(anonymous_1)
FNDA:69,(anonymous_2)
FNDA:31,(anonymous_3)
FNDA:1,(anonymous_4)
FNDA:3,(anonymous_5)
FNDA:40,(anonymous_6)
FNDA:0,(anonymous_7)
FNDA:0,(anonymous_8)
FNDA:0,(anonymous_9)
FNDA:26,(anonymous_10)
FNDA:16,(anonymous_11)
FNDA:11,(anonymous_12)
FNDA:4,(anonymous_13)
FNDA:5,(anonymous_14)
FNDA:29,(anonymous_15)
FNDA:5,(anonymous_16)
FNDA:38,(anonymous_17)
FNDA:28,(anonymous_18)
FNDA:1,(anonymous_19)
FNDA:27,(anonymous_20)
FNDA:37,(anonymous_21)
FNDA:17,(anonymous_22)
FNDA:3,(anonymous_23)
FNDA:3,(anonymous_24)
FNDA:3,(anonymous_25)
FNDA:0,(anonymous_26)
FNDA:17,(anonymous_27)
FNDA:10,(anonymous_28)
FNDA:90,(anonymous_29)
FNDA:0,(anonymous_30)
FNDA:43,(anonymous_31)
FNDA:7,(anonymous_32)
FNDA:16,(anonymous_33)
FNDA:7,(anonymous_34)
FNDA:18,(anonymous_35)
FNDA:1,(anonymous_36)
FNDA:3,(anonymous_37)
FNDA:1,(anonymous_38)
FNDA:3,(anonymous_39)
FNDA:8,(anonymous_40)
FNDA:16,(anonymous_41)
FNDA:1,(anonymous_42)
FNDA:2,(anonymous_43)
FNDA:10,(anonymous_44)
FNDA:50,(anonymous_45)
FNDA:5,(anonymous_46)
DA:1,11
DA:10,11
DA:13,52
DA:14,52
DA:15,52
DA:18,52
DA:19,52
DA:22,52
DA:23,52
DA:24,51
DA:28,164
DA:29,6
DA:37,69
DA:38,69
DA:39,1
DA:44,68
DA:45,68
DA:46,68
DA:50,31
DA:51,31
DA:52,1
DA:53,1
DA:54,0
DA:56,30
DA:57,29
DA:58,1
DA:60,29
DA:61,28
DA:62,28
DA:63,27
DA:64,27
DA:65,27
DA:69,3
DA:73,40
DA:75,17
DA:76,0
DA:77,0
DA:78,0
DA:79,0
DA:80,0
DA:82,0
DA:84,0
DA:85,0
DA:87,0
DA:89,0
DA:90,0
DA:93,17
DA:94,26
DA:95,15
DA:96,16
DA:98,15
DA:100,11
DA:101,10
DA:104,16
DA:108,11
DA:109,2
DA:110,4
DA:111,5
DA:112,1
DA:113,1
DA:114,1
DA:116,4
DA:117,4
DA:119,4
DA:121,2
DA:125,29
DA:127,4
DA:129,5
DA:130,4
DA:133,3
DA:137,38
DA:138,5
DA:140,38
DA:141,2
DA:146,28
DA:147,1
DA:148,1
DA:149,1
DA:150,0
DA:155,27
DA:156,0
DA:160,37
DA:161,13
DA:162,13
DA:163,14
DA:164,14
DA:165,14
DA:166,1
DA:167,13
DA:168,1
DA:169,12
DA:170,12
DA:171,17
DA:172,0
DA:173,0
DA:174,0
DA:175,0
DA:177,17
DA:178,17
DA:180,12
DA:182,14
DA:184,14
DA:185,2
DA:187,14
DA:189,13
DA:193,3
DA:194,3
DA:195,3
DA:196,3
DA:197,3
DA:198,0
DA:199,3
DA:200,0
DA:201,3
DA:202,3
DA:203,3
DA:204,0
DA:205,0
DA:206,0
DA:207,0
DA:209,3
DA:210,3
DA:212,3
DA:214,3
DA:215,3
DA:216,1
DA:218,3
DA:223,0
DA:224,0
DA:225,0
DA:226,0
DA:227,0
DA:228,0
DA:229,0
DA:230,0
DA:231,0
DA:236,17
DA:237,17
DA:240,17
DA:242,5
DA:244,1
DA:246,0
DA:248,1
DA:250,4
DA:251,10
DA:253,5
DA:255,1
DA:257,0
DA:262,90
DA:263,80
DA:264,39
DA:265,4
DA:266,4
DA:268,35
DA:269,0
DA:271,35
DA:272,33
DA:276,43
DA:280,7
DA:281,7
DA:282,7
DA:283,16
DA:284,6
DA:285,18
DA:288,6
DA:289,6
DA:293,1
DA:294,1
DA:295,3
DA:296,1
DA:297,1
DA:298,1
DA:299,3
DA:300,3
DA:302,1
DA:305,1
DA:312,8
DA:313,8
DA:315,16
DA:316,15
DA:319,7
DA:320,7
DA:324,1
DA:325,1
DA:327,2
DA:328,2
DA:329,2
DA:333,1
DA:334,1
DA:341,10
DA:342,10
DA:343,10
DA:344,10
DA:345,10
DA:346,10
DA:350,50
DA:352,27
DA:364,6
DA:367,7
DA:374,10
DA:380,0
DA:385,5
DA:386,5
DA:387,5
DA:388,5
LF:205
LH:168
BRDA:28,0,0,6
BRDA:38,1,0,1
BRDA:51,2,0,31
BRDA:51,2,1,30
BRDA:51,3,0,30
BRDA:51,3,1,1
BRDA:51,4,0,31
BRDA:51,4,1,31
BRDA:51,5,0,1
BRDA:51,5,1,30
BRDA:51,6,0,31
BRDA:51,6,1,31
BRDA:56,7,0,1
BRDA:56,7,1,29
BRDA:56,8,0,30
BRDA:56,8,1,30
BRDA:57,9,0,1
BRDA:57,10,0,1
BRDA:57,10,1,28
BRDA:57,11,0,29
BRDA:57,11,1,29
BRDA:60,12,0,1
BRDA:60,12,1,28
BRDA:60,13,0,29
BRDA:60,13,1,29
BRDA:61,14,0,1
BRDA:61,14,1,27
BRDA:61,15,0,28
BRDA:61,15,1,28
BRDA:61,16,0,1
BRDA:61,16,1,27
BRDA:61,17,0,28
BRDA:61,17,1,28
BRDA:62,18,0,1
BRDA:62,18,1,27
BRDA:62,19,0,28
BRDA:62,19,1,28
BRDA:63,20,0,1
BRDA:63,20,1,26
BRDA:63,21,0,27
BRDA:63,21,1,27
BRDA:64,22,0,1
BRDA:64,22,1,26
BRDA:64,23,0,27
BRDA:64,23,1,27
BRDA:73,24,0,23
BRDA:75,25,0,0
BRDA:78,26,0,0
BRDA:78,27,0,0
BRDA:78,27,1,0
BRDA:94,28,0,15
BRDA:94,29,0,26
BRDA:94,29,1,17
BRDA:108,30,0,9
BRDA:111,31,0,1
BRDA:111,32,0,5
BRDA:111,32,1,1
BRDA:125,33,0,25
BRDA:137,34,0,5
BRDA:140,35,0,2
BRDA:146,36,0,27
BRDA:155,37,0,27
BRDA:160,38,0,24
BRDA:165,39,0,1
BRDA:165,39,1,13
BRDA:167,40,0,1
BRDA:167,40,1,12
BRDA:169,41,0,12
BRDA:169,42,0,12
BRDA:169,42,1,12
BRDA:171,43,0,0
BRDA:171,44,0,17
BRDA:171,44,1,0
BRDA:184,45,0,2
BRDA:184,46,0,14
BRDA:184,46,1,2
BRDA:193,47,0,0
BRDA:197,48,0,0
BRDA:197,48,1,3
BRDA:199,49,0,0
BRDA:199,49,1,3
BRDA:201,50,0,3
BRDA:201,51,0,3
BRDA:201,51,1,3
BRDA:203,52,0,0
BRDA:203,53,0,3
BRDA:203,53,1,0
BRDA:215,54,0,1
BRDA:215,55,0,3
BRDA:215,55,1,1
BRDA:223,56,0,0
BRDA:223,56,1,0
BRDA:223,56,2,0
BRDA:223,56,3,0
BRDA:223,56,4,0
BRDA:223,56,5,0
BRDA:223,56,6,0
BRDA:223,56,7,0
BRDA:240,57,0,5
BRDA:240,57,1,1
BRDA:240,57,2,0
BRDA:240,57,3,1
BRDA:240,57,4,4
BRDA:240,57,5,5
BRDA:240,57,6,1
BRDA:240,57,7,0
BRDA:250,58,0,4
BRDA:250,58,1,0
BRDA:262,59,0,10
BRDA:262,60,0,90
BRDA:262,60,1,81
BRDA:263,61,0,41
BRDA:264,62,0,4
BRDA:268,63,0,0
BRDA:271,64,0,2
BRDA:281,65,0,1
BRDA:281,65,1,6
BRDA:293,66,0,0
BRDA:293,66,1,1
BRDA:333,67,0,0
BRDA:333,67,1,1
BRDA:342,68,0,1
BRDA:342,68,1,9
BRDA:342,69,0,10
BRDA:342,69,1,10
BRDA:343,70,0,1
BRDA:343,70,1,9
BRDA:343,71,0,10
BRDA:343,71,1,10
BRDA:344,72,0,1
BRDA:344,72,1,9
BRDA:344,73,0,10
BRDA:344,73,1,10
BRDA:345,74,0,1
BRDA:345,74,1,9
BRDA:345,75,0,10
BRDA:345,75,1,10
BRDA:345,76,0,1
BRDA:345,76,1,9
BRDA:345,77,0,10
BRDA:345,77,1,10
BRDA:350,78,0,27
BRDA:350,78,1,6
BRDA:350,78,2,7
BRDA:350,78,3,10
BRDA:350,78,4,0
BRDA:356,79,0,10
BRDA:356,79,1,17
BRDA:357,80,0,0
BRDA:357,80,1,27
BRDA:358,81,0,3
BRDA:358,81,1,24
BRDA:370,82,0,2
BRDA:370,82,1,5
BRDA:376,83,0,8
BRDA:376,83,1,2
BRDA:385,84,0,0
BRDA:386,85,0,0
BRDA:387,86,0,0
BRDA:387,87,0,5
BRDA:387,87,1,0
BRF:161
BRH:130
end_of_record
TN:
SF:src/query/query-build.ts
FN:20,(anonymous_0)
FN:34,(anonymous_1)
FN:44,(anonymous_2)
FN:59,(anonymous_3)
FN:72,(anonymous_4)
FN:86,(anonymous_5)
FN:109,(anonymous_6)
FN:114,(anonymous_7)
FN:119,(anonymous_8)
FN:139,(anonymous_9)
FN:152,(anonymous_10)
FN:172,(anonymous_11)
FN:185,(anonymous_12)
FN:198,(anonymous_13)
FN:211,(anonymous_14)
FN:230,(anonymous_15)
FN:236,(anonymous_16)
FN:240,(anonymous_17)
FN:241,(anonymous_18)
FN:243,(anonymous_19)
FN:247,(anonymous_20)
FN:255,(anonymous_21)
FN:340,(anonymous_22)
FN:341,(anonymous_23)
FN:342,(anonymous_24)
FN:343,(anonymous_25)
FN:358,(anonymous_26)
FN:362,(anonymous_27)
FN:377,(anonymous_28)
FN:403,(anonymous_29)
FN:408,(anonymous_30)
FN:414,(anonymous_31)
FN:419,(anonymous_32)
FN:434,(anonymous_33)
FN:438,(anonymous_34)
FN:445,(anonymous_35)
FN:456,(anonymous_36)
FN:461,(anonymous_37)
FN:462,(anonymous_38)
FN:469,(anonymous_39)
FN:478,(anonymous_40)
FN:484,(anonymous_41)
FN:485,(anonymous_42)
FN:498,(anonymous_43)
FN:503,(anonymous_44)
FN:514,(anonymous_45)
FN:524,(anonymous_46)
FN:529,(anonymous_47)
FN:541,(anonymous_48)
FN:554,(anonymous_49)
FN:559,(anonymous_50)
FN:565,(anonymous_51)
FN:566,(anonymous_52)
FN:596,(anonymous_53)
FN:618,(anonymous_54)
FN:623,(anonymous_55)
FN:636,(anonymous_56)
FN:648,(anonymous_57)
FN:660,(anonymous_58)
FN:682,(anonymous_59)
FN:698,(anonymous_60)
FN:701,(anonymous_61)
FN:705,(anonymous_62)
FN:706,(anonymous_63)
FN:707,(anonymous_64)
FN:719,(anonymous_65)
FNF:66
FNH:63
FNDA:58,(anonymous_0)
FNDA:21,(anonymous_1)
FNDA:4,(anonymous_2)
FNDA:71,(anonymous_3)
FNDA:14,(anonymous_4)
FNDA:2,(anonymous_5)
FNDA:6,(anonymous_6)
FNDA:4,(anonymous_7)
FNDA:8,(anonymous_8)
FNDA:2,(anonymous_9)
FNDA:2,(anonymous_10)
FNDA:5,(anonymous_11)
FNDA:1,(anonymous_12)
FNDA:1,(anonymous_13)
FNDA:2,(anonymous_14)
FNDA:23,(anonymous_15)
FNDA:9,(anonymous_16)
FNDA:2,(anonymous_17)
FNDA:2,(anonymous_18)
FNDA:36,(anonymous_19)
FNDA:2,(anonymous_20)
FNDA:6,(anonymous_21)
FNDA:2,(anonymous_22)
FNDA:5,(anonymous_23)
FNDA:1,(anonymous_24)
FNDA:1,(anonymous_25)
FNDA:16,(anonymous_26)
FNDA:16,(anonymous_27)
FNDA:1,(anonymous_28)
FNDA:4,(anonymous_29)
FNDA:8,(anonymous_30)
FNDA:8,(anonymous_31)
FNDA:53,(anonymous_32)
FNDA:20,(anonymous_33)
FNDA:52,(anonymous_34)
FNDA:4,(anonymous_35)
FNDA:6,(anonymous_36)
FNDA:5,(anonymous_37)
FNDA:7,(anonymous_38)
FNDA:1,(anonymous_39)
FNDA:2,(anonymous_40)
FNDA:1,(anonymous_41)
FNDA:2,(anonymous_42)
FNDA:4,(anonymous_43)
FNDA:3,(anonymous_44)
FNDA:3,(anonymous_45)
FNDA:1,(anonymous_46)
FNDA:1,(anonymous_47)
FNDA:1,(anonymous_48)
FNDA:1,(anonymous_49)
FNDA:1,(anonymous_50)
FNDA:0,(anonymous_51)
FNDA:0,(anonymous_52)
FNDA:1,(anonymous_53)
FNDA:1,(anonymous_54)
FNDA:1,(anonymous_55)
FNDA:2,(anonymous_56)
FNDA:3,(anonymous_57)
FNDA:0,(anonymous_58)
FNDA:16,(anonymous_59)
FNDA:4,(anonymous_60)
FNDA:7,(anonymous_61)
FNDA:7,(anonymous_62)
FNDA:7,(anonymous_63)
FNDA:7,(anonymous_64)
FNDA:1,(anonymous_65)
DA:1,3
DA:2,3
DA:6,3
DA:21,58
DA:22,57
DA:23,57
DA:24,57
DA:25,57
DA:26,57
DA:27,57
DA:28,57
DA:29,57
DA:30,57
DA:31,57
DA:35,21
DA:36,6
DA:45,4
DA:46,1
DA:47,1
DA:48,1
DA:49,1
DA:52,3
DA:53,2
DA:55,2
DA:60,71
DA:62,71
DA:63,1
DA:69,70
DA:74,14
DA:75,1
DA:81,13
DA:82,13
DA:90,2
DA:91,0
DA:95,2
DA:96,2
DA:97,2
DA:99,0
DA:101,1
DA:103,1
DA:105,1
DA:106,1
DA:110,6
DA:111,6
DA:115,4
DA:116,4
DA:121,8
DA:122,7
DA:125,8
DA:126,1
DA:127,1
DA:128,1
DA:129,1
DA:132,7
DA:133,6
DA:135,6
DA:140,2
DA:141,2
DA:149,2
DA:153,2
DA:154,2
DA:156,2
DA:169,2
DA:173,5
DA:174,5
DA:182,5
DA:186,1
DA:187,1
DA:195,1
DA:199,1
DA:200,1
DA:208,1
DA:213,2
DA:214,2
DA:217,2
DA:218,0
DA:219,0
DA:220,0
DA:221,0
DA:224,2
DA:225,1
DA:227,1
DA:231,23
DA:232,23
DA:233,23
DA:236,23
DA:237,9
DA:238,9
DA:240,9
DA:241,9
DA:243,9
DA:245,36
DA:247,2
DA:249,2
DA:250,0
DA:253,2
DA:254,2
DA:255,2
DA:256,6
DA:257,6
DA:260,0
DA:263,2
DA:264,2
DA:281,0
DA:296,34
DA:297,27
DA:300,7
DA:303,9
DA:304,9
DA:306,9
DA:307,0
DA:310,9
DA:311,9
DA:323,9
DA:326,0
DA:338,23
DA:340,23
DA:341,23
DA:342,23
DA:343,23
DA:345,23
DA:346,9
DA:350,23
DA:352,23
DA:353,9
DA:356,23
DA:357,10
DA:358,10
DA:360,16
DA:361,6
DA:362,16
DA:363,6
DA:365,10
DA:367,16
DA:371,23
DA:372,1
DA:373,0
DA:375,1
DA:377,1
DA:378,1
DA:379,1
DA:383,23
DA:384,2
DA:385,2
DA:388,23
DA:389,7
DA:392,23
DA:393,7
DA:396,23
DA:397,4
DA:400,23
DA:404,4
DA:405,4
DA:406,4
DA:408,4
DA:409,8
DA:412,4
DA:414,8
DA:420,53
DA:421,2
DA:422,51
DA:423,20
DA:424,31
DA:425,31
DA:426,0
DA:427,0
DA:428,0
DA:429,0
DA:431,0
DA:435,20
DA:439,52
DA:440,0
DA:442,52
DA:447,4
DA:448,2
DA:451,4
DA:452,0
DA:456,4
DA:457,6
DA:459,4
DA:461,4
DA:462,7
DA:463,5
DA:466,4
DA:470,1
DA:471,0
DA:474,1
DA:475,0
DA:478,1
DA:479,2
DA:481,1
DA:483,1
DA:484,1
DA:485,1
DA:486,2
DA:487,2
DA:489,1
DA:492,1
DA:499,4
DA:501,3
DA:503,3
DA:504,3
DA:505,3
DA:507,0
DA:510,3
DA:512,3
DA:513,3
DA:514,3
DA:517,3
DA:518,2
DA:521,3
DA:525,1
DA:526,1
DA:528,1
DA:529,1
DA:530,1
DA:531,1
DA:532,1
DA:534,0
DA:537,1
DA:539,1
DA:540,1
DA:541,1
DA:542,1
DA:543,1
DA:547,1
DA:548,0
DA:551,1
DA:555,1
DA:557,1
DA:558,1
DA:559,1
DA:562,1
DA:566,0
DA:567,0
DA:568,0
DA:570,0
DA:571,0
DA:574,0
DA:575,0
DA:578,0
DA:579,0
DA:582,0
DA:583,0
DA:586,0
DA:587,0
DA:590,0
DA:593,0
DA:597,1
DA:598,0
DA:599,0
DA:600,0
DA:602,0
DA:603,0
DA:605,0
DA:606,0
DA:608,0
DA:609,0
DA:611,0
DA:612,0
DA:615,0
DA:619,1
DA:620,0
DA:625,1
DA:626,0
DA:632,1
DA:633,1
DA:637,2
DA:638,0
DA:644,2
DA:645,2
DA:649,3
DA:650,0
DA:656,3
DA:657,3
DA:661,0
DA:662,0
DA:663,0
DA:664,0
DA:666,0
DA:667,0
DA:669,0
DA:670,0
DA:672,0
DA:673,0
DA:675,0
DA:676,0
DA:679,0
DA:683,16
DA:684,1
DA:689,15
DA:690,0
DA:692,15
DA:693,0
DA:695,15
DA:699,4
DA:701,4
DA:702,7
DA:703,3
DA:704,3
DA:705,7
DA:706,7
DA:707,7
DA:709,3
DA:712,4
DA:719,4
DA:720,1
DA:727,4
LF:308
LH:238
BRDA:35,0,0,6
BRDA:45,1,0,1
BRDA:62,2,0,1
BRDA:72,3,0,14
BRDA:74,4,0,1
BRDA:86,5,0,2
BRDA:90,6,0,0
BRDA:90,7,0,2
BRDA:90,7,1,2
BRDA:95,8,0,2
BRDA:95,8,1,0
BRDA:119,9,0,3
BRDA:121,10,0,7
BRDA:125,11,0,1
BRDA:147,12,0,0
BRDA:147,12,1,2
BRDA:147,13,0,2
BRDA:147,13,1,2
BRDA:180,14,0,0
BRDA:180,14,1,5
BRDA:180,15,0,5
BRDA:180,15,1,5
BRDA:193,16,0,0
BRDA:193,16,1,1
BRDA:193,17,0,1
BRDA:193,17,1,1
BRDA:206,18,0,0
BRDA:206,18,1,1
BRDA:206,19,0,1
BRDA:206,19,1,1
BRDA:213,20,0,2
BRDA:217,21,0,0
BRDA:231,22,0,1
BRDA:231,22,1,22
BRDA:245,23,0,2
BRDA:245,24,0,36
BRDA:245,24,1,2
BRDA:249,25,0,0
BRDA:256,26,0,6
BRDA:263,27,0,2
BRDA:263,28,0,2
BRDA:263,28,1,2
BRDA:296,29,0,27
BRDA:303,30,0,9
BRDA:306,31,0,0
BRDA:310,32,0,9
BRDA:310,33,0,9
BRDA:310,33,1,9
BRDA:345,34,0,9
BRDA:352,35,0,9
BRDA:356,36,0,10
BRDA:360,37,0,6
BRDA:360,37,1,10
BRDA:361,38,0,6
BRDA:361,38,1,0
BRDA:367,39,0,6
BRDA:367,39,1,10
BRDA:371,40,0,1
BRDA:372,41,0,0
BRDA:372,41,1,1
BRDA:379,42,0,0
BRDA:379,42,1,1
BRDA:383,43,0,2
BRDA:388,44,0,7
BRDA:388,45,0,23
BRDA:388,45,1,7
BRDA:392,46,0,7
BRDA:396,47,0,4
BRDA:420,48,0,2
BRDA:420,48,1,51
BRDA:422,49,0,20
BRDA:422,49,1,31
BRDA:424,50,0,31
BRDA:424,50,1,0
BRDA:424,51,0,31
BRDA:424,51,1,0
BRDA:426,52,0,0
BRDA:426,52,1,0
BRDA:426,53,0,0
BRDA:426,53,1,0
BRDA:428,54,0,0
BRDA:439,55,0,0
BRDA:442,56,0,40
BRDA:442,56,1,12
BRDA:442,57,0,52
BRDA:442,57,1,52
BRDA:442,58,0,12
BRDA:442,58,1,40
BRDA:442,59,0,52
BRDA:442,59,1,52
BRDA:445,60,0,3
BRDA:447,61,0,2
BRDA:451,62,0,0
BRDA:466,63,0,3
BRDA:466,63,1,1
BRDA:469,64,0,0
BRDA:470,65,0,0
BRDA:474,66,0,0
BRDA:493,67,0,0
BRDA:493,67,1,1
BRDA:498,68,0,3
BRDA:504,69,0,3
BRDA:512,70,0,3
BRDA:517,71,0,2
BRDA:518,72,0,2
BRDA:518,72,1,0
BRDA:524,73,0,0
BRDA:530,74,0,1
BRDA:539,75,0,1
BRDA:547,76,0,0
BRDA:557,77,0,1
BRDA:570,78,0,0
BRDA:574,79,0,0
BRDA:578,80,0,0
BRDA:582,81,0,0
BRDA:586,82,0,0
BRDA:599,83,0,0
BRDA:602,84,0,0
BRDA:605,85,0,0
BRDA:608,86,0,0
BRDA:611,87,0,0
BRDA:623,88,0,1
BRDA:625,89,0,0
BRDA:637,90,0,0
BRDA:649,91,0,0
BRDA:663,92,0,0
BRDA:666,93,0,0
BRDA:669,94,0,0
BRDA:672,95,0,0
BRDA:675,96,0,0
BRDA:683,97,0,1
BRDA:689,98,0,0
BRDA:692,99,0,0
BRDA:692,100,0,15
BRDA:692,100,1,0
BRDA:702,101,0,3
BRDA:702,102,0,7
BRDA:702,102,1,3
BRF:138
BRH:89
end_of_record
TN:
SF:src/query/query-ddl.ts
FN:10,(anonymous_0)
FN:19,(anonymous_1)
FN:28,(anonymous_2)
FN:30,(anonymous_3)
FN:43,(anonymous_4)
FN:55,(anonymous_5)
FN:62,(anonymous_6)
FN:68,(anonymous_7)
FN:74,(anonymous_8)
FN:79,(anonymous_9)
FN:82,(anonymous_10)
FN:87,(anonymous_11)
FN:92,(anonymous_12)
FN:107,(anonymous_13)
FNF:14
FNH:12
FNDA:26,(anonymous_0)
FNDA:12,(anonymous_1)
FNDA:1,(anonymous_2)
FNDA:2,(anonymous_3)
FNDA:2,(anonymous_4)
FNDA:1,(anonymous_5)
FNDA:1,(anonymous_6)
FNDA:2,(anonymous_7)
FNDA:2,(anonymous_8)
FNDA:3,(anonymous_9)
FNDA:2,(anonymous_10)
FNDA:1,(anonymous_11)
FNDA:0,(anonymous_12)
FNDA:0,(anonymous_13)
DA:1,2
DA:9,2
DA:11,26
DA:12,3
DA:20,12
DA:21,1
DA:23,11
DA:24,11
DA:25,11
DA:29,1
DA:30,1
DA:31,2
DA:32,2
DA:33,2
DA:34,2
DA:35,2
DA:36,2
DA:37,2
DA:38,2
DA:40,1
DA:44,2
DA:45,2
DA:46,1
DA:47,1
DA:48,1
DA:49,1
DA:50,1
DA:51,1
DA:52,1
DA:56,1
DA:57,1
DA:58,1
DA:59,1
DA:63,1
DA:64,1
DA:65,1
DA:69,2
DA:70,2
DA:71,1
DA:75,2
DA:76,1
DA:80,3
DA:81,3
DA:82,2
DA:83,2
DA:84,2
DA:88,1
DA:89,1
DA:93,0
DA:94,0
DA:95,0
DA:96,0
DA:97,0
DA:98,0
DA:99,0
DA:100,0
DA:101,0
DA:102,0
DA:104,0
DA:108,0
LF:60
LH:48
BRDA:11,0,0,3
BRDA:20,1,0,1
BRDA:33,2,0,1
BRDA:34,3,0,0
BRDA:35,4,0,0
BRDA:36,5,0,1
BRDA:37,6,0,0
BRDA:47,7,0,0
BRDA:48,8,0,0
BRDA:49,9,0,0
BRDA:50,10,0,0
BRDA:51,11,0,0
BRDA:79,12,0,2
BRDA:83,13,0,1
BRDA:83,13,1,1
BRDA:93,14,0,0
BRDA:93,14,1,0
BRDA:95,15,0,0
BRDA:95,15,1,0
BRDA:97,16,0,0
BRDA:97,16,1,0
BRDA:97,17,0,0
BRDA:97,17,1,0
BRDA:99,18,0,0
BRDA:99,18,1,0
BRDA:99,19,0,0
BRDA:99,19,1,0
BRDA:101,20,0,0
BRF:28
BRH:7
end_of_record
TN:
SF:test/class/Comentario.class.ts
FN:17,(anonymous_2)
FNF:1
FNH:1
FNDA:2,(anonymous_2)
DA:1,1
DA:4,1
DA:9,1
DA:12,2
DA:15,1
DA:18,2
DA:19,2
DA:20,2
LF:8
LH:8
BRDA:18,0,0,0
BRDA:18,0,1,2
BRDA:18,1,0,2
BRDA:18,1,1,2
BRDA:19,2,0,0
BRDA:19,2,1,2
BRDA:19,3,0,2
BRDA:19,3,1,2
BRDA:20,4,0,0
BRDA:20,4,1,2
BRDA:20,5,0,2
BRDA:20,5,1,2
BRF:12
BRH:9
end_of_record
TN:
SF:test/class/LocalStorage.class.ts
FN:14,(anonymous_2)
FNF:1
FNH:0
FNDA:0,(anonymous_2)
DA:1,2
DA:4,2
DA:6,2
DA:9,2
DA:12,2
DA:15,0
DA:16,0
DA:17,0
LF:8
LH:5
BRDA:15,0,0,0
BRDA:15,0,1,0
BRDA:15,1,0,0
BRDA:15,1,1,0
BRDA:16,2,0,0
BRDA:16,2,1,0
BRDA:16,3,0,0
BRDA:16,3,1,0
BRDA:17,4,0,0
BRDA:17,4,1,0
BRDA:17,5,0,0
BRDA:17,5,1,0
BRF:12
BRH:0
end_of_record
TN:
SF:test/class/Post.class.ts
FN:24,(anonymous_2)
FNF:1
FNH:1
FNDA:9,(anonymous_2)
DA:1,3
DA:10,3
DA:13,9
DA:16,3
DA:19,3
DA:22,9
DA:25,9
DA:26,9
DA:27,9
DA:28,9
LF:10
LH:10
BRDA:25,0,0,0
BRDA:25,0,1,9
BRDA:25,1,0,9
BRDA:25,1,1,9
BRDA:26,2,0,0
BRDA:26,2,1,9
BRDA:26,3,0,9
BRDA:26,3,1,9
BRDA:27,4,0,0
BRDA:27,4,1,9
BRDA:27,5,0,9
BRDA:27,5,1,9
BRDA:28,6,0,0
BRDA:28,6,1,9
BRDA:28,7,0,9
BRDA:28,7,1,9
BRF:16
BRH:12
end_of_record
TN:
SF:test/class/User.class.ts
FN:28,(anonymous_2)
FNF:1
FNH:0
FNDA:0,(anonymous_2)
DA:1,7
DA:6,7
DA:11,7
DA:14,7
DA:17,7
DA:20,7
DA:23,7
DA:26,7
DA:29,0
DA:30,0
DA:31,0
DA:32,0
DA:33,0
DA:34,0
LF:14
LH:8
BRDA:29,0,0,0
BRDA:29,0,1,0
BRDA:29,1,0,0
BRDA:29,1,1,0
BRDA:30,2,0,0
BRDA:30,2,1,0
BRDA:30,3,0,0
BRDA:30,3,1,0
BRDA:31,4,0,0
BRDA:31,4,1,0
BRDA:31,5,0,0
BRDA:31,5,1,0
BRDA:32,6,0,0
BRDA:32,6,1,0
BRDA:32,7,0,0
BRDA:32,7,1,0
BRDA:33,8,0,0
BRDA:33,8,1,0
BRDA:33,9,0,0
BRDA:33,9,1,0
BRDA:34,10,0,0
BRDA:34,10,1,0
BRDA:34,11,0,0
BRDA:34,11,1,0
BRF:24
BRH:0
end_of_record
