TN:
SF:src/definitions.ts
FNF:0
FNH:0
DA:1,1
DA:2,1
LF:2
LH:2
BRF:0
BRH:0
end_of_record
TN:
SF:src/index.ts
FN:11,(anonymous_4)
FN:15,(anonymous_5)
FN:12,(anonymous_6)
FN:16,(anonymous_7)
FN:13,(anonymous_8)
FN:17,(anonymous_9)
FN:14,(anonymous_10)
FNF:7
FNH:6
FNDA:1,(anonymous_4)
FNDA:1,(anonymous_5)
FNDA:1,(anonymous_6)
FNDA:1,(anonymous_7)
FNDA:1,(anonymous_8)
FNDA:1,(anonymous_9)
FNDA:0,(anonymous_10)
DA:1,1
DA:2,1
DA:3,1
DA:4,1
DA:6,1
DA:7,1
DA:8,1
DA:9,1
DA:11,2
DA:12,2
DA:13,2
DA:14,1
DA:15,2
DA:16,2
DA:17,2
LF:15
LH:15
BRF:0
BRH:0
end_of_record
TN:
SF:src/database/database.ts
FN:27,(anonymous_0)
FN:45,(anonymous_1)
FN:48,(anonymous_2)
FN:51,(anonymous_3)
FN:54,(anonymous_4)
FN:57,(anonymous_5)
FN:60,(anonymous_6)
FN:64,(anonymous_7)
FN:69,(anonymous_8)
FN:75,(anonymous_9)
FN:78,(anonymous_10)
FN:81,(anonymous_11)
FN:84,(anonymous_12)
FN:87,(anonymous_13)
FN:90,(anonymous_14)
FN:93,(anonymous_15)
FN:97,(anonymous_16)
FN:102,(anonymous_17)
FN:106,(anonymous_18)
FN:110,(anonymous_19)
FN:115,(anonymous_20)
FN:120,(anonymous_21)
FN:123,(anonymous_22)
FN:127,(anonymous_23)
FN:131,(anonymous_24)
FN:136,(anonymous_25)
FN:140,(anonymous_26)
FN:145,(anonymous_27)
FN:180,(anonymous_28)
FN:188,(anonymous_29)
FN:198,(anonymous_30)
FN:203,(anonymous_31)
FN:208,(anonymous_32)
FN:228,(anonymous_33)
FN:249,(anonymous_34)
FN:258,(anonymous_35)
FN:261,(anonymous_36)
FN:270,(anonymous_37)
FN:273,(anonymous_38)
FN:278,(anonymous_39)
FN:297,(anonymous_40)
FN:305,(anonymous_41)
FN:311,(anonymous_42)
FN:319,(anonymous_43)
FN:335,(anonymous_44)
FN:341,(anonymous_45)
FN:358,(anonymous_46)
FN:370,(anonymous_47)
FN:399,(anonymous_48)
FN:405,(anonymous_49)
FN:415,(anonymous_50)
FN:422,(anonymous_51)
FN:435,(anonymous_52)
FN:436,(anonymous_53)
FN:444,(anonymous_54)
FN:467,(anonymous_55)
FN:468,(anonymous_56)
FN:476,(anonymous_57)
FN:490,(anonymous_58)
FN:495,(anonymous_59)
FNF:60
FNH:34
FNDA:8,(anonymous_0)
FNDA:0,(anonymous_1)
FNDA:0,(anonymous_2)
FNDA:0,(anonymous_3)
FNDA:0,(anonymous_4)
FNDA:0,(anonymous_5)
FNDA:0,(anonymous_6)
FNDA:0,(anonymous_7)
FNDA:32,(anonymous_8)
FNDA:0,(anonymous_9)
FNDA:0,(anonymous_10)
FNDA:0,(anonymous_11)
FNDA:0,(anonymous_12)
FNDA:0,(anonymous_13)
FNDA:0,(anonymous_14)
FNDA:0,(anonymous_15)
FNDA:0,(anonymous_16)
FNDA:0,(anonymous_17)
FNDA:0,(anonymous_18)
FNDA:0,(anonymous_19)
FNDA:0,(anonymous_20)
FNDA:0,(anonymous_21)
FNDA:0,(anonymous_22)
FNDA:0,(anonymous_23)
FNDA:0,(anonymous_24)
FNDA:24,(anonymous_25)
FNDA:0,(anonymous_26)
FNDA:9,(anonymous_27)
FNDA:1,(anonymous_28)
FNDA:2,(anonymous_29)
FNDA:1,(anonymous_30)
FNDA:1,(anonymous_31)
FNDA:5,(anonymous_32)
FNDA:1,(anonymous_33)
FNDA:4,(anonymous_34)
FNDA:3,(anonymous_35)
FNDA:3,(anonymous_36)
FNDA:2,(anonymous_37)
FNDA:2,(anonymous_38)
FNDA:2,(anonymous_39)
FNDA:2,(anonymous_40)
FNDA:0,(anonymous_41)
FNDA:0,(anonymous_42)
FNDA:5,(anonymous_43)
FNDA:24,(anonymous_44)
FNDA:6,(anonymous_45)
FNDA:2,(anonymous_46)
FNDA:9,(anonymous_47)
FNDA:13,(anonymous_48)
FNDA:2,(anonymous_49)
FNDA:1,(anonymous_50)
FNDA:1,(anonymous_51)
FNDA:1,(anonymous_52)
FNDA:2,(anonymous_53)
FNDA:1,(anonymous_54)
FNDA:5,(anonymous_55)
FNDA:11,(anonymous_56)
FNDA:8,(anonymous_57)
FNDA:5,(anonymous_58)
FNDA:7,(anonymous_59)
DA:2,2
DA:4,2
DA:13,2
DA:18,2
DA:36,8
DA:37,8
DA:38,8
DA:39,8
DA:40,8
DA:41,8
DA:42,8
DA:46,0
DA:49,0
DA:52,0
DA:55,0
DA:58,0
DA:61,0
DA:65,0
DA:66,0
DA:70,32
DA:71,32
DA:72,32
DA:76,0
DA:79,0
DA:82,0
DA:85,0
DA:88,0
DA:91,0
DA:94,0
DA:95,0
DA:98,0
DA:99,0
DA:100,0
DA:103,0
DA:104,0
DA:107,0
DA:108,0
DA:111,0
DA:112,0
DA:113,0
DA:116,0
DA:117,0
DA:118,0
DA:121,0
DA:124,0
DA:125,0
DA:128,0
DA:129,0
DA:132,0
DA:133,0
DA:137,24
DA:141,0
DA:142,0
DA:146,9
DA:148,9
DA:150,6
DA:152,6
DA:153,6
DA:154,0
DA:155,0
DA:159,6
DA:160,6
DA:161,6
DA:162,4
DA:164,2
DA:168,6
DA:169,2
DA:170,2
DA:173,6
DA:175,0
DA:176,0
DA:181,1
DA:182,1
DA:183,1
DA:184,1
DA:189,2
DA:190,2
DA:191,1
DA:192,1
DA:194,1
DA:195,1
DA:199,1
DA:200,1
DA:204,1
DA:205,1
DA:209,5
DA:210,0
DA:213,5
DA:215,3
DA:216,3
DA:217,2
DA:218,2
DA:220,2
DA:229,1
DA:230,0
DA:233,1
DA:235,1
DA:236,1
DA:238,1
DA:239,1
DA:241,1
DA:250,4
DA:251,0
DA:254,4
DA:256,4
DA:257,4
DA:258,4
DA:262,3
DA:263,0
DA:266,3
DA:268,3
DA:269,3
DA:270,3
DA:274,2
DA:275,2
DA:279,2
DA:280,2
DA:282,2
DA:283,0
DA:286,2
DA:287,2
DA:288,2
DA:289,1
DA:290,1
DA:292,1
DA:293,1
DA:298,2
DA:302,2
DA:306,0
DA:312,0
DA:313,0
DA:314,0
DA:315,0
DA:316,0
DA:320,5
DA:321,2
DA:322,2
DA:324,2
DA:326,2
DA:327,1
DA:328,1
DA:329,0
DA:332,1
DA:336,24
DA:337,16
DA:340,8
DA:341,6
DA:342,6
DA:343,6
DA:344,3
DA:346,6
DA:347,6
DA:351,8
DA:352,8
DA:354,8
DA:359,2
DA:360,2
DA:362,1
DA:363,1
DA:364,1
DA:366,0
DA:371,9
DA:373,9
DA:374,1
DA:379,8
DA:380,0
DA:385,8
DA:386,1
DA:391,7
DA:392,1
DA:400,13
DA:401,2
DA:406,2
DA:412,2
DA:416,1
DA:417,1
DA:419,0
DA:423,1
DA:424,1
DA:425,1
DA:426,1
DA:427,1
DA:429,0
DA:431,0
DA:436,2
DA:437,1
DA:438,1
DA:441,0
DA:445,1
DA:446,1
DA:448,1
DA:449,0
DA:450,0
DA:452,0
DA:455,1
DA:456,1
DA:457,1
DA:458,1
DA:460,0
DA:462,1
DA:463,1
DA:468,5
DA:469,11
DA:470,2
DA:473,5
DA:477,8
DA:478,8
DA:479,5
DA:482,3
DA:483,3
DA:484,2
DA:486,1
DA:491,5
DA:492,1
DA:495,7
DA:496,4
DA:497,4
DA:498,1
DA:501,3
DA:502,2
DA:503,1
LF:221
LH:157
BRDA:141,0,0,0
BRDA:142,1,0,0
BRDA:142,1,1,0
BRDA:142,2,0,0
BRDA:142,2,1,0
BRDA:152,3,0,0
BRDA:152,3,1,6
BRDA:152,4,0,6
BRDA:152,4,1,6
BRDA:153,5,0,0
BRDA:168,6,0,2
BRDA:182,7,0,1
BRDA:190,8,0,1
BRDA:209,9,0,0
BRDA:217,10,0,2
BRDA:217,10,1,0
BRDA:217,11,0,2
BRDA:217,11,1,2
BRDA:217,12,0,0
BRDA:217,12,1,2
BRDA:217,13,0,2
BRDA:217,13,1,2
BRDA:218,14,0,2
BRDA:218,14,1,0
BRDA:218,15,0,2
BRDA:218,15,1,2
BRDA:218,16,0,0
BRDA:218,16,1,2
BRDA:218,17,0,2
BRDA:218,17,1,2
BRDA:223,18,0,2
BRDA:223,18,1,0
BRDA:223,19,0,2
BRDA:223,19,1,2
BRDA:224,20,0,2
BRDA:224,20,1,0
BRDA:224,21,0,2
BRDA:224,21,1,2
BRDA:229,22,0,0
BRDA:238,23,0,1
BRDA:238,23,1,0
BRDA:238,24,0,1
BRDA:238,24,1,1
BRDA:238,25,0,0
BRDA:238,25,1,1
BRDA:238,26,0,1
BRDA:238,26,1,1
BRDA:239,27,0,1
BRDA:239,27,1,0
BRDA:239,28,0,1
BRDA:239,28,1,1
BRDA:239,29,0,0
BRDA:239,29,1,1
BRDA:239,30,0,1
BRDA:239,30,1,1
BRDA:244,31,0,1
BRDA:244,31,1,0
BRDA:244,32,0,1
BRDA:244,32,1,1
BRDA:245,33,0,1
BRDA:245,33,1,0
BRDA:245,34,0,1
BRDA:245,34,1,1
BRDA:250,35,0,0
BRDA:258,36,0,4
BRDA:258,36,1,0
BRDA:258,37,0,4
BRDA:258,37,1,4
BRDA:258,38,0,0
BRDA:258,38,1,4
BRDA:258,39,0,4
BRDA:258,39,1,4
BRDA:262,40,0,0
BRDA:270,41,0,3
BRDA:270,41,1,0
BRDA:270,42,0,3
BRDA:270,42,1,3
BRDA:270,43,0,0
BRDA:270,43,1,3
BRDA:270,44,0,3
BRDA:270,44,1,3
BRDA:275,45,0,1
BRDA:275,45,1,1
BRDA:275,46,0,2
BRDA:275,46,1,2
BRDA:280,47,0,2
BRDA:280,47,1,0
BRDA:280,48,0,2
BRDA:280,48,1,2
BRDA:282,49,0,0
BRDA:302,50,0,1
BRDA:302,50,1,1
BRDA:302,51,0,2
BRDA:302,51,1,2
BRDA:326,52,0,1
BRDA:336,53,0,16
BRDA:340,54,0,6
BRDA:343,55,0,3
BRDA:363,56,0,1
BRDA:363,57,0,1
BRDA:363,57,1,1
BRDA:373,58,0,1
BRDA:379,59,0,0
BRDA:379,60,0,0
BRDA:379,60,1,8
BRDA:379,61,0,8
BRDA:379,61,1,8
BRDA:385,62,0,1
BRDA:385,63,0,8
BRDA:385,63,1,8
BRDA:385,64,0,0
BRDA:385,64,1,8
BRDA:385,65,0,8
BRDA:385,65,1,8
BRDA:391,66,0,1
BRDA:391,67,0,7
BRDA:391,67,1,7
BRDA:400,68,0,2
BRDA:400,69,0,13
BRDA:400,69,1,13
BRDA:424,70,0,1
BRDA:424,70,1,0
BRDA:437,71,0,1
BRDA:446,72,0,1
BRDA:446,72,1,0
BRDA:446,73,0,1
BRDA:446,73,1,1
BRDA:448,74,0,0
BRDA:469,75,0,2
BRDA:469,76,0,11
BRDA:469,76,1,8
BRDA:478,77,0,5
BRDA:478,78,0,8
BRDA:478,78,1,6
BRDA:491,79,0,1
BRDA:491,80,0,5
BRDA:491,80,1,5
BRDA:497,81,0,1
BRDA:502,82,0,1
BRF:139
BRH:104
end_of_record
TN:
SF:src/decoratiors/decoratiors.orm.ts
FN:4,ensurePropertyActions
FN:11,EntityName
FN:12,(anonymous_2)
FN:23,Column
FN:24,(anonymous_4)
FN:26,(anonymous_5)
FN:36,ManyToOne
FN:37,(anonymous_7)
FN:39,(anonymous_8)
FN:45,OneToMany
FN:46,(anonymous_10)
FN:48,(anonymous_11)
FN:54,OneToOne
FN:55,(anonymous_13)
FN:57,(anonymous_14)
FN:63,ManyToMany
FN:64,(anonymous_16)
FN:66,(anonymous_17)
FN:72,isPrimaryKey
FN:77,getPrimaryKey
FN:87,isColumn
FN:92,isManyToOne
FN:97,isOneToMany
FN:102,isOneToOne
FN:107,isManyToMany
FN:112,isColunaRelacionamento
FNF:26
FNH:16
FNDA:65,ensurePropertyActions
FNDA:14,EntityName
FNDA:14,(anonymous_2)
FNDA:55,Column
FNDA:55,(anonymous_4)
FNDA:54,(anonymous_5)
FNDA:0,ManyToOne
FNDA:0,(anonymous_7)
FNDA:0,(anonymous_8)
FNDA:10,OneToMany
FNDA:10,(anonymous_10)
FNDA:10,(anonymous_11)
FNDA:0,OneToOne
FNDA:0,(anonymous_13)
FNDA:0,(anonymous_14)
FNDA:0,ManyToMany
FNDA:0,(anonymous_16)
FNDA:0,(anonymous_17)
FNDA:0,isPrimaryKey
FNDA:14,getPrimaryKey
FNDA:20,isColumn
FNDA:52,isManyToOne
FNDA:63,isOneToMany
FNDA:45,isOneToOne
FNDA:56,isManyToMany
FNDA:52,isColunaRelacionamento
DA:1,10
DA:2,10
DA:5,65
DA:6,15
DA:11,10
DA:12,14
DA:13,14
DA:14,14
DA:15,14
DA:16,64
DA:23,10
DA:24,55
DA:25,55
DA:26,55
DA:27,54
DA:28,54
DA:29,13
DA:36,10
DA:37,0
DA:38,0
DA:39,0
DA:40,0
DA:45,10
DA:46,10
DA:47,10
DA:48,10
DA:49,10
DA:54,10
DA:55,0
DA:56,0
DA:57,0
DA:58,0
DA:63,10
DA:64,0
DA:65,0
DA:66,0
DA:67,0
DA:72,10
DA:73,0
DA:74,0
DA:77,10
DA:78,14
DA:79,14
DA:80,14
DA:81,13
DA:84,1
DA:87,10
DA:88,20
DA:89,20
DA:92,10
DA:93,52
DA:94,52
DA:97,10
DA:98,63
DA:99,63
DA:102,10
DA:103,45
DA:104,45
DA:107,10
DA:108,56
DA:109,56
DA:112,10
DA:113,52
LF:63
LH:49
BRDA:5,0,0,15
BRDA:14,1,0,14
BRDA:28,2,0,13
BRDA:28,3,0,41
BRDA:28,3,1,13
BRDA:28,4,0,54
BRDA:28,4,1,54
BRDA:80,5,0,13
BRDA:80,6,0,0
BRDA:80,6,1,14
BRDA:80,7,0,14
BRDA:80,7,1,14
BRDA:114,8,0,52
BRDA:114,8,1,52
BRDA:114,8,2,45
BRDA:114,8,3,45
BRF:16
BRH:15
end_of_record
TN:
SF:src/decorators/decorators.orm.ts
FNF:0
FNH:0
DA:1,2
LF:1
LH:1
BRF:0
BRH:0
end_of_record
TN:
SF:src/errors/orm-sqlite.error.ts
FN:16,(anonymous_0)
FNF:1
FNH:1
FNDA:29,(anonymous_0)
DA:13,16
DA:17,29
DA:18,29
DA:19,29
LF:4
LH:4
BRF:0
BRH:0
end_of_record
TN:
SF:src/metadata/geranciado.metadata.ts
FN:4,defineMetadata
FN:15,getMetadata
FN:20,getMetadataAllByName
FN:26,defineClassMetadata
FN:34,getClassMetadata
FNF:5
FNH:3
FNDA:77,defineMetadata
FNDA:236,getMetadata
FNDA:14,getMetadataAllByName
FNDA:0,defineClassMetadata
FNDA:0,getClassMetadata
DA:1,10
DA:4,10
DA:5,77
DA:6,77
DA:7,14
DA:9,77
DA:10,64
DA:12,77
DA:15,10
DA:16,236
DA:17,236
DA:20,10
DA:21,14
DA:22,14
DA:26,10
DA:27,0
DA:28,0
DA:29,0
DA:31,0
DA:34,10
DA:35,0
DA:36,0
LF:22
LH:16
BRDA:6,0,0,14
BRDA:9,1,0,64
BRDA:17,2,0,0
BRDA:17,2,1,236
BRDA:17,3,0,236
BRDA:17,3,1,236
BRDA:17,4,0,0
BRDA:17,4,1,236
BRDA:17,5,0,236
BRDA:17,5,1,236
BRDA:28,6,0,0
BRDA:36,7,0,0
BRDA:36,7,1,0
BRDA:36,8,0,0
BRDA:36,8,1,0
BRF:15
BRH:8
end_of_record
TN:
SF:src/metadata/gerenciado.metadata.ts
FNF:0
FNH:0
DA:1,1
LF:1
LH:1
BRF:0
BRH:0
end_of_record
TN:
SF:src/query/query-build-sqlite.ts
FN:21,(anonymous_0)
FN:27,(anonymous_1)
FN:33,(anonymous_2)
FN:43,(anonymous_3)
FN:45,(anonymous_4)
FN:62,(anonymous_5)
FN:66,(anonymous_6)
FN:70,(anonymous_7)
FN:71,(anonymous_8)
FN:73,(anonymous_9)
FN:87,(anonymous_10)
FN:89,(anonymous_11)
FN:101,(anonymous_12)
FN:103,(anonymous_13)
FN:104,(anonymous_14)
FN:118,(anonymous_15)
FN:121,(anonymous_16)
FN:128,(anonymous_17)
FN:137,(anonymous_18)
FN:139,(anonymous_19)
FN:146,(anonymous_20)
FN:151,(anonymous_21)
FN:162,(anonymous_22)
FN:184,(anonymous_23)
FN:187,(anonymous_24)
FN:195,(anonymous_25)
FN:216,(anonymous_26)
FN:237,(anonymous_27)
FN:253,(anonymous_28)
FN:263,(anonymous_29)
FN:271,(anonymous_30)
FN:277,(anonymous_31)
FN:281,(anonymous_32)
FN:285,(anonymous_33)
FN:286,(anonymous_34)
FN:286,(anonymous_35)
FN:292,(anonymous_36)
FN:295,(anonymous_37)
FN:298,(anonymous_38)
FN:300,(anonymous_39)
FN:315,(anonymous_40)
FN:318,(anonymous_41)
FN:327,(anonymous_42)
FN:330,(anonymous_43)
FN:344,(anonymous_44)
FN:353,(anonymous_45)
FN:391,(anonymous_46)
FNF:47
FNH:42
FNDA:52,(anonymous_0)
FNDA:164,(anonymous_1)
FNDA:69,(anonymous_2)
FNDA:31,(anonymous_3)
FNDA:1,(anonymous_4)
FNDA:3,(anonymous_5)
FNDA:40,(anonymous_6)
FNDA:0,(anonymous_7)
FNDA:0,(anonymous_8)
FNDA:0,(anonymous_9)
FNDA:26,(anonymous_10)
FNDA:16,(anonymous_11)
FNDA:11,(anonymous_12)
FNDA:4,(anonymous_13)
FNDA:5,(anonymous_14)
FNDA:29,(anonymous_15)
FNDA:5,(anonymous_16)
FNDA:38,(anonymous_17)
FNDA:28,(anonymous_18)
FNDA:1,(anonymous_19)
FNDA:27,(anonymous_20)
FNDA:37,(anonymous_21)
FNDA:17,(anonymous_22)
FNDA:3,(anonymous_23)
FNDA:3,(anonymous_24)
FNDA:3,(anonymous_25)
FNDA:0,(anonymous_26)
FNDA:17,(anonymous_27)
FNDA:10,(anonymous_28)
FNDA:90,(anonymous_29)
FNDA:0,(anonymous_30)
FNDA:43,(anonymous_31)
FNDA:7,(anonymous_32)
FNDA:16,(anonymous_33)
FNDA:7,(anonymous_34)
FNDA:18,(anonymous_35)
FNDA:1,(anonymous_36)
FNDA:3,(anonymous_37)
FNDA:1,(anonymous_38)
FNDA:3,(anonymous_39)
FNDA:8,(anonymous_40)
FNDA:16,(anonymous_41)
FNDA:1,(anonymous_42)
FNDA:2,(anonymous_43)
FNDA:10,(anonymous_44)
FNDA:50,(anonymous_45)
FNDA:5,(anonymous_46)
DA:1,11
DA:10,11
DA:13,52
DA:14,52
DA:15,52
DA:18,52
DA:19,52
DA:22,52
DA:23,52
DA:24,51
DA:28,164
DA:29,6
DA:34,69
DA:35,69
DA:36,1
DA:38,68
DA:39,68
DA:40,68
DA:44,31
DA:45,31
DA:46,1
DA:47,1
DA:48,0
DA:50,30
DA:51,29
DA:52,1
DA:54,29
DA:55,28
DA:56,28
DA:57,27
DA:58,27
DA:59,27
DA:63,3
DA:67,40
DA:69,17
DA:70,0
DA:71,0
DA:72,0
DA:73,0
DA:74,0
DA:76,0
DA:78,0
DA:79,0
DA:81,0
DA:83,0
DA:84,0
DA:87,17
DA:88,26
DA:89,15
DA:90,16
DA:92,15
DA:94,11
DA:95,10
DA:98,16
DA:102,11
DA:103,2
DA:104,4
DA:105,5
DA:106,1
DA:107,1
DA:108,1
DA:110,4
DA:111,4
DA:113,4
DA:115,2
DA:119,29
DA:121,4
DA:122,5
DA:123,4
DA:125,3
DA:129,38
DA:130,5
DA:132,38
DA:133,2
DA:138,28
DA:139,1
DA:140,1
DA:141,1
DA:142,0
DA:147,27
DA:148,0
DA:152,37
DA:153,13
DA:154,13
DA:155,14
DA:156,14
DA:157,14
DA:158,1
DA:159,13
DA:160,1
DA:161,12
DA:162,12
DA:163,17
DA:164,0
DA:165,0
DA:166,0
DA:167,0
DA:169,17
DA:170,17
DA:172,12
DA:174,14
DA:176,14
DA:177,2
DA:179,14
DA:181,13
DA:185,3
DA:186,3
DA:188,3
DA:189,3
DA:190,3
DA:191,0
DA:192,3
DA:193,0
DA:194,3
DA:195,3
DA:196,3
DA:197,0
DA:198,0
DA:199,0
DA:200,0
DA:202,3
DA:203,3
DA:205,3
DA:207,3
DA:208,3
DA:209,1
DA:211,3
DA:217,0
DA:219,0
DA:221,0
DA:223,0
DA:225,0
DA:227,0
DA:229,0
DA:231,0
DA:233,0
DA:238,17
DA:239,17
DA:242,17
DA:244,5
DA:246,1
DA:248,0
DA:250,1
DA:252,4
DA:253,10
DA:255,5
DA:257,1
DA:259,0
DA:264,90
DA:265,80
DA:266,39
DA:267,4
DA:268,4
DA:270,35
DA:271,0
DA:273,35
DA:274,33
DA:278,43
DA:282,7
DA:283,7
DA:284,7
DA:285,16
DA:286,18
DA:288,6
DA:289,6
DA:293,1
DA:294,1
DA:295,3
DA:296,1
DA:297,1
DA:299,1
DA:301,3
DA:302,3
DA:305,1
DA:309,1
DA:316,8
DA:317,8
DA:319,16
DA:320,15
DA:323,7
DA:324,7
DA:328,1
DA:329,1
DA:331,2
DA:332,2
DA:333,2
DA:337,1
DA:338,1
DA:345,10
DA:346,10
DA:347,10
DA:348,10
DA:349,10
DA:350,10
DA:354,50
DA:356,27
DA:370,6
DA:373,7
DA:382,10
DA:387,0
DA:392,5
DA:393,5
DA:394,5
DA:395,5
LF:204
LH:167
BRDA:28,0,0,6
BRDA:35,1,0,1
BRDA:45,2,0,31
BRDA:45,2,1,30
BRDA:45,3,0,30
BRDA:45,3,1,1
BRDA:45,4,0,31
BRDA:45,4,1,31
BRDA:45,5,0,1
BRDA:45,5,1,30
BRDA:45,6,0,31
BRDA:45,6,1,31
BRDA:50,7,0,1
BRDA:50,7,1,29
BRDA:50,8,0,30
BRDA:50,8,1,30
BRDA:51,9,0,1
BRDA:51,10,0,1
BRDA:51,10,1,28
BRDA:51,11,0,29
BRDA:51,11,1,29
BRDA:54,12,0,1
BRDA:54,12,1,28
BRDA:54,13,0,29
BRDA:54,13,1,29
BRDA:55,14,0,1
BRDA:55,14,1,27
BRDA:55,15,0,28
BRDA:55,15,1,28
BRDA:55,16,0,1
BRDA:55,16,1,27
BRDA:55,17,0,28
BRDA:55,17,1,28
BRDA:56,18,0,1
BRDA:56,18,1,27
BRDA:56,19,0,28
BRDA:56,19,1,28
BRDA:57,20,0,1
BRDA:57,20,1,26
BRDA:57,21,0,27
BRDA:57,21,1,27
BRDA:58,22,0,1
BRDA:58,22,1,26
BRDA:58,23,0,27
BRDA:58,23,1,27
BRDA:67,24,0,23
BRDA:69,25,0,0
BRDA:72,26,0,0
BRDA:72,27,0,0
BRDA:72,27,1,0
BRDA:88,28,0,15
BRDA:88,29,0,26
BRDA:88,29,1,17
BRDA:102,30,0,9
BRDA:105,31,0,1
BRDA:105,32,0,5
BRDA:105,32,1,1
BRDA:119,33,0,25
BRDA:129,34,0,5
BRDA:132,35,0,2
BRDA:138,36,0,27
BRDA:147,37,0,27
BRDA:152,38,0,24
BRDA:157,39,0,1
BRDA:157,39,1,13
BRDA:159,40,0,1
BRDA:159,40,1,12
BRDA:161,41,0,12
BRDA:161,42,0,12
BRDA:161,42,1,12
BRDA:163,43,0,0
BRDA:163,44,0,17
BRDA:163,44,1,0
BRDA:176,45,0,2
BRDA:176,46,0,14
BRDA:176,46,1,2
BRDA:185,47,0,0
BRDA:190,48,0,0
BRDA:190,48,1,3
BRDA:192,49,0,0
BRDA:192,49,1,3
BRDA:194,50,0,3
BRDA:194,51,0,3
BRDA:194,51,1,3
BRDA:196,52,0,0
BRDA:196,53,0,3
BRDA:196,53,1,0
BRDA:208,54,0,1
BRDA:208,55,0,3
BRDA:208,55,1,1
BRDA:217,56,0,0
BRDA:217,56,1,0
BRDA:217,56,2,0
BRDA:217,56,3,0
BRDA:217,56,4,0
BRDA:217,56,5,0
BRDA:217,56,6,0
BRDA:217,56,7,0
BRDA:242,57,0,5
BRDA:242,57,1,1
BRDA:242,57,2,0
BRDA:242,57,3,1
BRDA:242,57,4,4
BRDA:242,57,5,5
BRDA:242,57,6,1
BRDA:242,57,7,0
BRDA:252,58,0,4
BRDA:252,58,1,0
BRDA:264,59,0,10
BRDA:264,60,0,90
BRDA:264,60,1,81
BRDA:265,61,0,41
BRDA:266,62,0,4
BRDA:270,63,0,0
BRDA:273,64,0,2
BRDA:283,65,0,1
BRDA:283,65,1,6
BRDA:293,66,0,0
BRDA:293,66,1,1
BRDA:337,67,0,0
BRDA:337,67,1,1
BRDA:346,68,0,1
BRDA:346,68,1,9
BRDA:346,69,0,10
BRDA:346,69,1,10
BRDA:347,70,0,1
BRDA:347,70,1,9
BRDA:347,71,0,10
BRDA:347,71,1,10
BRDA:348,72,0,1
BRDA:348,72,1,9
BRDA:348,73,0,10
BRDA:348,73,1,10
BRDA:349,74,0,1
BRDA:349,74,1,9
BRDA:349,75,0,10
BRDA:349,75,1,10
BRDA:349,76,0,1
BRDA:349,76,1,9
BRDA:349,77,0,10
BRDA:349,77,1,10
BRDA:354,78,0,27
BRDA:354,78,1,6
BRDA:354,78,2,7
BRDA:354,78,3,10
BRDA:354,78,4,0
BRDA:360,79,0,10
BRDA:360,79,1,17
BRDA:361,80,0,0
BRDA:361,80,1,27
BRDA:362,81,0,3
BRDA:362,81,1,24
BRDA:376,82,0,2
BRDA:376,82,1,5
BRDA:382,83,0,8
BRDA:382,83,1,2
BRDA:392,84,0,0
BRDA:393,85,0,0
BRDA:394,86,0,0
BRDA:394,87,0,5
BRDA:394,87,1,0
BRF:161
BRH:130
end_of_record
TN:
SF:src/query/query-build.ts
FN:29,(anonymous_0)
FN:43,(anonymous_1)
FN:49,(anonymous_2)
FN:63,(anonymous_3)
FN:73,(anonymous_4)
FN:86,(anonymous_5)
FN:112,(anonymous_6)
FN:117,(anonymous_7)
FN:122,(anonymous_8)
FN:140,(anonymous_9)
FN:153,(anonymous_10)
FN:177,(anonymous_11)
FN:196,(anonymous_12)
FN:215,(anonymous_13)
FN:234,(anonymous_14)
FN:252,(anonymous_15)
FN:258,(anonymous_16)
FN:262,(anonymous_17)
FN:263,(anonymous_18)
FN:266,(anonymous_19)
FN:268,(anonymous_20)
FN:277,(anonymous_21)
FN:380,(anonymous_22)
FN:381,(anonymous_23)
FN:382,(anonymous_24)
FN:383,(anonymous_25)
FN:398,(anonymous_26)
FN:402,(anonymous_27)
FN:419,(anonymous_28)
FN:446,(anonymous_29)
FN:451,(anonymous_30)
FN:457,(anonymous_31)
FN:461,(anonymous_32)
FN:476,(anonymous_33)
FN:480,(anonymous_34)
FN:487,(anonymous_35)
FN:497,(anonymous_36)
FN:501,(anonymous_37)
FN:502,(anonymous_38)
FN:510,(anonymous_39)
FN:519,(anonymous_40)
FN:524,(anonymous_41)
FN:526,(anonymous_42)
FN:541,(anonymous_43)
FN:547,(anonymous_44)
FN:560,(anonymous_45)
FN:570,(anonymous_46)
FN:576,(anonymous_47)
FN:591,(anonymous_48)
FN:605,(anonymous_49)
FN:610,(anonymous_50)
FN:616,(anonymous_51)
FN:617,(anonymous_52)
FN:647,(anonymous_53)
FN:669,(anonymous_54)
FN:674,(anonymous_55)
FN:687,(anonymous_56)
FN:696,(anonymous_57)
FN:705,(anonymous_58)
FN:727,(anonymous_59)
FN:740,(anonymous_60)
FN:743,(anonymous_61)
FN:747,(anonymous_62)
FN:748,(anonymous_63)
FN:749,(anonymous_64)
FN:761,(anonymous_65)
FNF:66
FNH:63
FNDA:58,(anonymous_0)
FNDA:21,(anonymous_1)
FNDA:4,(anonymous_2)
FNDA:71,(anonymous_3)
FNDA:14,(anonymous_4)
FNDA:2,(anonymous_5)
FNDA:6,(anonymous_6)
FNDA:4,(anonymous_7)
FNDA:8,(anonymous_8)
FNDA:2,(anonymous_9)
FNDA:2,(anonymous_10)
FNDA:5,(anonymous_11)
FNDA:1,(anonymous_12)
FNDA:1,(anonymous_13)
FNDA:2,(anonymous_14)
FNDA:23,(anonymous_15)
FNDA:9,(anonymous_16)
FNDA:2,(anonymous_17)
FNDA:2,(anonymous_18)
FNDA:36,(anonymous_19)
FNDA:2,(anonymous_20)
FNDA:6,(anonymous_21)
FNDA:2,(anonymous_22)
FNDA:5,(anonymous_23)
FNDA:1,(anonymous_24)
FNDA:1,(anonymous_25)
FNDA:16,(anonymous_26)
FNDA:16,(anonymous_27)
FNDA:1,(anonymous_28)
FNDA:4,(anonymous_29)
FNDA:8,(anonymous_30)
FNDA:8,(anonymous_31)
FNDA:53,(anonymous_32)
FNDA:20,(anonymous_33)
FNDA:52,(anonymous_34)
FNDA:4,(anonymous_35)
FNDA:6,(anonymous_36)
FNDA:5,(anonymous_37)
FNDA:7,(anonymous_38)
FNDA:1,(anonymous_39)
FNDA:2,(anonymous_40)
FNDA:1,(anonymous_41)
FNDA:2,(anonymous_42)
FNDA:4,(anonymous_43)
FNDA:3,(anonymous_44)
FNDA:3,(anonymous_45)
FNDA:1,(anonymous_46)
FNDA:1,(anonymous_47)
FNDA:1,(anonymous_48)
FNDA:1,(anonymous_49)
FNDA:1,(anonymous_50)
FNDA:0,(anonymous_51)
FNDA:0,(anonymous_52)
FNDA:1,(anonymous_53)
FNDA:1,(anonymous_54)
FNDA:1,(anonymous_55)
FNDA:2,(anonymous_56)
FNDA:3,(anonymous_57)
FNDA:0,(anonymous_58)
FNDA:16,(anonymous_59)
FNDA:4,(anonymous_60)
FNDA:7,(anonymous_61)
FNDA:7,(anonymous_62)
FNDA:7,(anonymous_63)
FNDA:7,(anonymous_64)
FNDA:1,(anonymous_65)
DA:1,3
DA:2,3
DA:16,3
DA:30,58
DA:31,57
DA:32,57
DA:33,57
DA:34,57
DA:35,57
DA:36,57
DA:37,57
DA:38,57
DA:39,57
DA:40,57
DA:44,21
DA:45,6
DA:50,4
DA:51,1
DA:52,1
DA:53,1
DA:54,1
DA:57,3
DA:58,2
DA:60,2
DA:64,71
DA:66,71
DA:67,1
DA:70,70
DA:78,14
DA:79,1
DA:82,13
DA:83,13
DA:94,2
DA:95,0
DA:98,2
DA:99,2
DA:100,2
DA:102,0
DA:104,1
DA:106,1
DA:108,1
DA:109,1
DA:113,6
DA:114,6
DA:118,4
DA:119,4
DA:123,8
DA:124,7
DA:127,8
DA:128,1
DA:129,1
DA:130,1
DA:131,1
DA:134,7
DA:135,6
DA:137,6
DA:141,2
DA:142,2
DA:150,2
DA:160,2
DA:161,2
DA:163,2
DA:174,2
DA:184,5
DA:185,5
DA:193,5
DA:203,1
DA:204,1
DA:212,1
DA:222,1
DA:223,1
DA:231,1
DA:235,2
DA:236,2
DA:239,2
DA:240,0
DA:241,0
DA:242,0
DA:243,0
DA:246,2
DA:247,1
DA:249,1
DA:253,23
DA:254,23
DA:255,23
DA:258,23
DA:259,9
DA:260,9
DA:262,9
DA:263,9
DA:265,9
DA:267,36
DA:268,2
DA:270,2
DA:271,0
DA:274,2
DA:275,2
DA:276,2
DA:278,6
DA:279,6
DA:282,0
DA:287,2
DA:291,2
DA:310,0
DA:327,34
DA:328,27
DA:331,7
DA:336,9
DA:337,9
DA:343,9
DA:344,0
DA:347,9
DA:351,9
DA:363,9
DA:366,0
DA:378,23
DA:380,23
DA:381,23
DA:382,23
DA:383,23
DA:385,23
DA:386,9
DA:389,23
DA:391,23
DA:392,9
DA:395,23
DA:396,10
DA:397,10
DA:400,16
DA:401,6
DA:402,16
DA:403,6
DA:405,10
DA:407,16
DA:412,23
DA:413,1
DA:414,0
DA:416,1
DA:418,1
DA:420,1
DA:421,1
DA:426,23
DA:427,2
DA:428,2
DA:431,23
DA:432,7
DA:435,23
DA:436,7
DA:439,23
DA:440,4
DA:443,23
DA:447,4
DA:448,4
DA:449,4
DA:451,4
DA:452,8
DA:455,4
DA:457,8
DA:462,53
DA:463,2
DA:464,51
DA:465,20
DA:466,31
DA:467,31
DA:468,0
DA:469,0
DA:470,0
DA:471,0
DA:473,0
DA:477,20
DA:481,52
DA:482,0
DA:484,52
DA:488,4
DA:489,2
DA:492,4
DA:493,0
DA:497,6
DA:498,4
DA:500,4
DA:502,7
DA:503,5
DA:507,4
DA:511,1
DA:512,0
DA:515,1
DA:516,0
DA:519,2
DA:520,1
DA:522,1
DA:523,1
DA:525,1
DA:527,2
DA:528,2
DA:531,1
DA:535,1
DA:542,4
DA:544,3
DA:546,3
DA:548,3
DA:549,3
DA:551,0
DA:556,3
DA:558,3
DA:559,3
DA:560,3
DA:563,3
DA:564,2
DA:567,3
DA:571,1
DA:572,1
DA:574,1
DA:575,1
DA:577,1
DA:578,1
DA:579,1
DA:581,0
DA:586,1
DA:588,1
DA:589,1
DA:590,1
DA:592,1
DA:593,1
DA:598,1
DA:599,0
DA:602,1
DA:606,1
DA:608,1
DA:609,1
DA:610,1
DA:613,1
DA:617,0
DA:618,0
DA:619,0
DA:621,0
DA:622,0
DA:625,0
DA:626,0
DA:629,0
DA:630,0
DA:633,0
DA:634,0
DA:637,0
DA:638,0
DA:641,0
DA:644,0
DA:648,1
DA:649,0
DA:650,0
DA:651,0
DA:653,0
DA:654,0
DA:656,0
DA:657,0
DA:659,0
DA:660,0
DA:662,0
DA:663,0
DA:666,0
DA:670,1
DA:671,0
DA:679,1
DA:680,0
DA:683,1
DA:684,1
DA:688,2
DA:689,0
DA:692,2
DA:693,2
DA:697,3
DA:698,0
DA:701,3
DA:702,3
DA:706,0
DA:707,0
DA:708,0
DA:709,0
DA:711,0
DA:712,0
DA:714,0
DA:715,0
DA:717,0
DA:718,0
DA:720,0
DA:721,0
DA:724,0
DA:728,16
DA:729,1
DA:731,15
DA:732,0
DA:734,15
DA:735,0
DA:737,15
DA:741,4
DA:743,4
DA:744,7
DA:745,3
DA:746,3
DA:747,7
DA:748,7
DA:749,7
DA:751,3
DA:754,4
DA:761,4
DA:762,1
DA:769,4
LF:306
LH:236
BRDA:44,0,0,6
BRDA:50,1,0,1
BRDA:66,2,0,1
BRDA:76,3,0,14
BRDA:78,4,0,1
BRDA:90,5,0,2
BRDA:94,6,0,0
BRDA:94,7,0,2
BRDA:94,7,1,2
BRDA:98,8,0,2
BRDA:98,8,1,0
BRDA:122,9,0,3
BRDA:123,10,0,7
BRDA:127,11,0,1
BRDA:148,12,0,0
BRDA:148,12,1,2
BRDA:148,13,0,2
BRDA:148,13,1,2
BRDA:191,14,0,0
BRDA:191,14,1,5
BRDA:191,15,0,5
BRDA:191,15,1,5
BRDA:210,16,0,0
BRDA:210,16,1,1
BRDA:210,17,0,1
BRDA:210,17,1,1
BRDA:229,18,0,0
BRDA:229,18,1,1
BRDA:229,19,0,1
BRDA:229,19,1,1
BRDA:235,20,0,2
BRDA:239,21,0,0
BRDA:253,22,0,1
BRDA:253,22,1,22
BRDA:267,23,0,2
BRDA:267,24,0,36
BRDA:267,24,1,2
BRDA:270,25,0,0
BRDA:278,26,0,6
BRDA:287,27,0,2
BRDA:288,28,0,2
BRDA:288,28,1,2
BRDA:327,29,0,27
BRDA:336,30,0,9
BRDA:343,31,0,0
BRDA:347,32,0,9
BRDA:348,33,0,9
BRDA:348,33,1,9
BRDA:385,34,0,9
BRDA:391,35,0,9
BRDA:395,36,0,10
BRDA:400,37,0,6
BRDA:400,37,1,10
BRDA:401,38,0,6
BRDA:401,38,1,0
BRDA:407,39,0,6
BRDA:407,39,1,10
BRDA:412,40,0,1
BRDA:413,41,0,0
BRDA:413,41,1,1
BRDA:421,42,0,0
BRDA:421,42,1,1
BRDA:426,43,0,2
BRDA:431,44,0,7
BRDA:431,45,0,23
BRDA:431,45,1,7
BRDA:435,46,0,7
BRDA:439,47,0,4
BRDA:462,48,0,2
BRDA:462,48,1,51
BRDA:464,49,0,20
BRDA:464,49,1,31
BRDA:466,50,0,31
BRDA:466,50,1,0
BRDA:466,51,0,31
BRDA:466,51,1,0
BRDA:468,52,0,0
BRDA:468,52,1,0
BRDA:468,53,0,0
BRDA:468,53,1,0
BRDA:470,54,0,0
BRDA:481,55,0,0
BRDA:484,56,0,40
BRDA:484,56,1,12
BRDA:484,57,0,52
BRDA:484,57,1,52
BRDA:484,58,0,12
BRDA:484,58,1,40
BRDA:484,59,0,52
BRDA:484,59,1,52
BRDA:487,60,0,3
BRDA:488,61,0,2
BRDA:492,62,0,0
BRDA:507,63,0,3
BRDA:507,63,1,1
BRDA:510,64,0,0
BRDA:511,65,0,0
BRDA:515,66,0,0
BRDA:536,67,0,0
BRDA:536,67,1,1
BRDA:541,68,0,3
BRDA:548,69,0,3
BRDA:558,70,0,3
BRDA:563,71,0,2
BRDA:564,72,0,2
BRDA:564,72,1,0
BRDA:570,73,0,0
BRDA:577,74,0,1
BRDA:588,75,0,1
BRDA:598,76,0,0
BRDA:608,77,0,1
BRDA:621,78,0,0
BRDA:625,79,0,0
BRDA:629,80,0,0
BRDA:633,81,0,0
BRDA:637,82,0,0
BRDA:650,83,0,0
BRDA:653,84,0,0
BRDA:656,85,0,0
BRDA:659,86,0,0
BRDA:662,87,0,0
BRDA:677,88,0,1
BRDA:679,89,0,0
BRDA:688,90,0,0
BRDA:697,91,0,0
BRDA:708,92,0,0
BRDA:711,93,0,0
BRDA:714,94,0,0
BRDA:717,95,0,0
BRDA:720,96,0,0
BRDA:728,97,0,1
BRDA:731,98,0,0
BRDA:734,99,0,0
BRDA:734,100,0,15
BRDA:734,100,1,0
BRDA:744,101,0,3
BRDA:744,102,0,7
BRDA:744,102,1,3
BRF:138
BRH:89
end_of_record
TN:
SF:src/query/query-ddl.ts
FN:10,(anonymous_0)
FN:16,(anonymous_1)
FN:25,(anonymous_2)
FN:27,(anonymous_3)
FN:40,(anonymous_4)
FN:52,(anonymous_5)
FN:59,(anonymous_6)
FN:65,(anonymous_7)
FN:71,(anonymous_8)
FN:76,(anonymous_9)
FN:79,(anonymous_10)
FN:84,(anonymous_11)
FN:89,(anonymous_12)
FN:104,(anonymous_13)
FNF:14
FNH:12
FNDA:26,(anonymous_0)
FNDA:12,(anonymous_1)
FNDA:1,(anonymous_2)
FNDA:2,(anonymous_3)
FNDA:2,(anonymous_4)
FNDA:1,(anonymous_5)
FNDA:1,(anonymous_6)
FNDA:2,(anonymous_7)
FNDA:2,(anonymous_8)
FNDA:3,(anonymous_9)
FNDA:2,(anonymous_10)
FNDA:1,(anonymous_11)
FNDA:0,(anonymous_12)
FNDA:0,(anonymous_13)
DA:1,2
DA:9,2
DA:11,26
DA:12,3
DA:17,12
DA:18,1
DA:20,11
DA:21,11
DA:22,11
DA:26,1
DA:27,1
DA:28,2
DA:29,2
DA:30,2
DA:31,2
DA:32,2
DA:33,2
DA:34,2
DA:35,2
DA:37,1
DA:41,2
DA:42,2
DA:43,1
DA:44,1
DA:45,1
DA:46,1
DA:47,1
DA:48,1
DA:49,1
DA:53,1
DA:54,1
DA:55,1
DA:56,1
DA:60,1
DA:61,1
DA:62,1
DA:66,2
DA:67,2
DA:68,1
DA:72,2
DA:73,1
DA:77,3
DA:78,3
DA:79,2
DA:80,2
DA:81,2
DA:85,1
DA:86,1
DA:90,0
DA:91,0
DA:92,0
DA:93,0
DA:94,0
DA:95,0
DA:96,0
DA:97,0
DA:98,0
DA:99,0
DA:101,0
DA:105,0
LF:60
LH:48
BRDA:11,0,0,3
BRDA:17,1,0,1
BRDA:30,2,0,1
BRDA:31,3,0,0
BRDA:32,4,0,0
BRDA:33,5,0,1
BRDA:34,6,0,0
BRDA:44,7,0,0
BRDA:45,8,0,0
BRDA:46,9,0,0
BRDA:47,10,0,0
BRDA:48,11,0,0
BRDA:76,12,0,2
BRDA:80,13,0,1
BRDA:80,13,1,1
BRDA:90,14,0,0
BRDA:90,14,1,0
BRDA:92,15,0,0
BRDA:92,15,1,0
BRDA:94,16,0,0
BRDA:94,16,1,0
BRDA:94,17,0,0
BRDA:94,17,1,0
BRDA:96,18,0,0
BRDA:96,18,1,0
BRDA:96,19,0,0
BRDA:96,19,1,0
BRDA:98,20,0,0
BRF:28
BRH:7
end_of_record
TN:
SF:test/class/Comentario.class.ts
FN:16,(anonymous_2)
FNF:1
FNH:1
FNDA:2,(anonymous_2)
DA:1,1
DA:4,1
DA:8,1
DA:11,2
DA:14,1
DA:17,2
DA:18,2
DA:19,2
LF:8
LH:8
BRDA:17,0,0,0
BRDA:17,0,1,2
BRDA:17,1,0,2
BRDA:17,1,1,2
BRDA:18,2,0,0
BRDA:18,2,1,2
BRDA:18,3,0,2
BRDA:18,3,1,2
BRDA:19,4,0,0
BRDA:19,4,1,2
BRDA:19,5,0,2
BRDA:19,5,1,2
BRF:12
BRH:9
end_of_record
TN:
SF:test/class/LocalStorage.class.ts
FN:14,(anonymous_2)
FNF:1
FNH:0
FNDA:0,(anonymous_2)
DA:1,2
DA:4,2
DA:6,2
DA:9,2
DA:12,2
DA:15,0
DA:16,0
DA:17,0
LF:8
LH:5
BRDA:15,0,0,0
BRDA:15,0,1,0
BRDA:15,1,0,0
BRDA:15,1,1,0
BRDA:16,2,0,0
BRDA:16,2,1,0
BRDA:16,3,0,0
BRDA:16,3,1,0
BRDA:17,4,0,0
BRDA:17,4,1,0
BRDA:17,5,0,0
BRDA:17,5,1,0
BRF:12
BRH:0
end_of_record
TN:
SF:test/class/Post.class.ts
FN:23,(anonymous_2)
FNF:1
FNH:1
FNDA:9,(anonymous_2)
DA:1,3
DA:10,3
DA:12,9
DA:15,3
DA:18,3
DA:21,9
DA:24,9
DA:25,9
DA:26,9
DA:27,9
LF:10
LH:10
BRDA:24,0,0,0
BRDA:24,0,1,9
BRDA:24,1,0,9
BRDA:24,1,1,9
BRDA:25,2,0,0
BRDA:25,2,1,9
BRDA:25,3,0,9
BRDA:25,3,1,9
BRDA:26,4,0,0
BRDA:26,4,1,9
BRDA:26,5,0,9
BRDA:26,5,1,9
BRDA:27,6,0,0
BRDA:27,6,1,9
BRDA:27,7,0,9
BRDA:27,7,1,9
BRF:16
BRH:12
end_of_record
TN:
SF:test/class/User.class.ts
FN:27,(anonymous_2)
FNF:1
FNH:0
FNDA:0,(anonymous_2)
DA:1,7
DA:6,7
DA:10,7
DA:13,7
DA:16,7
DA:19,7
DA:22,7
DA:25,7
DA:28,0
DA:29,0
DA:30,0
DA:31,0
DA:32,0
DA:33,0
LF:14
LH:8
BRDA:28,0,0,0
BRDA:28,0,1,0
BRDA:28,1,0,0
BRDA:28,1,1,0
BRDA:29,2,0,0
BRDA:29,2,1,0
BRDA:29,3,0,0
BRDA:29,3,1,0
BRDA:30,4,0,0
BRDA:30,4,1,0
BRDA:30,5,0,0
BRDA:30,5,1,0
BRDA:31,6,0,0
BRDA:31,6,1,0
BRDA:31,7,0,0
BRDA:31,7,1,0
BRDA:32,8,0,0
BRDA:32,8,1,0
BRDA:32,9,0,0
BRDA:32,9,1,0
BRDA:33,10,0,0
BRDA:33,10,1,0
BRDA:33,11,0,0
BRDA:33,11,1,0
BRF:24
BRH:0
end_of_record
